04:11:59 **** Incremental Build of configuration Debug for project AUDIO ****
make -j16 all 
arm-none-eabi-size   AUDIO.elf 
   text	   data	    bss	    dec	    hex	filename
  40468	    124	   8332	  48924	   bf1c	AUDIO.elf
Finished building: default.size.stdout
 
04:12:04 **** Incremental Build of configuration Debug for project AUDIO ****
make -j16 all 
arm-none-eabi-size   AUDIO.elf 
   text	   data	    bss	    dec	    hex	filename
  40468	    124	   8332	  48924	   bf1c	AUDIO.elf
Finished building: default.size.stdout
 
04:13:19 **** Incremental Build of configuration Debug for project AUDIO ****
make -j16 all 
arm-none-eabi-gcc "../Core/Src/main.c" -mcpu=cortex-m3 -std=gnu11 -g3 -DDEBUG -DUSE_HAL_DRIVER -DSTM32F103xE -c -I../Core/Inc -I../Drivers/STM32F1xx_HAL_Driver/Inc/Legacy -I../Drivers/STM32F1xx_HAL_Driver/Inc -I../Drivers/CMSIS/Device/ST/STM32F1xx/Include -I../Drivers/CMSIS/Include -I../FATFS/Target -I../FATFS/App -I../Middlewares/Third_Party/FatFs/src -I../Middlewares/Third_Party/FatFs/src/drivers -O0 -ffunction-sections -fdata-sections -Wall -fstack-usage -MMD -MP -MF"Core/Src/main.d" -MT"Core/Src/main.o" --specs=nano.specs -mfloat-abi=soft -mthumb -o "Core/Src/main.o"
In file included from ../Core/Src/main.c:28:
../Core/Inc/fileBuff.h: In function 'initFileHeader':
../Core/Inc/fileBuff.h:71:80: warning: pointer targets in passing argument 4 of 'f_read' differ in signedness [-Wpointer-sign]
   71 |  return f_read(&(fileStruct->file), &(fileStruct->header), sizeof(WAV_HEADER), &bytes_read);
      |                                                                                ^~~~~~~~~~~
      |                                                                                |
      |                                                                                int *
In file included from ../FATFS/App/fatfs.h:26,
                 from ../Core/Src/main.c:21:
../Middlewares/Third_Party/FatFs/src/ff.h:228:54: note: expected 'UINT *' {aka 'unsigned int *'} but argument is of type 'int *'
  228 | FRESULT f_read (FIL* fp, void* buff, UINT btr, UINT* br);   /* Read data from a file */
      |                                                ~~~~~~^~
In file included from ../Core/Src/main.c:28:
../Core/Inc/fileBuff.h: In function 'readFile':
../Core/Inc/fileBuff.h:79:84: warning: passing argument 4 of 'f_read' from incompatible pointer type [-Wincompatible-pointer-types]
   79 |   FRESULT res = f_read(&(f->file), f->structs[f->currWriting].data.raw, BUFF_SIZE, &(f->structs[f->currWriting].buffSize));
      |                                                                                    ^~~~~~~~~~~~~~~~~~~~~~~~~~~~~~~~~~~~~~
      |                                                                                    |
      |                                                                                    uint16_t * {aka short unsigned int *}
In file included from ../FATFS/App/fatfs.h:26,
                 from ../Core/Src/main.c:21:
../Middlewares/Third_Party/FatFs/src/ff.h:228:54: note: expected 'UINT *' {aka 'unsigned int *'} but argument is of type 'uint16_t *' {aka 'short unsigned int *'}
  228 | FRESULT f_read (FIL* fp, void* buff, UINT btr, UINT* br);   /* Read data from a file */
      |                                                ~~~~~~^~
../Core/Src/main.c: In function 'error_handler':
../Core/Src/main.c:78:3: warning: implicit declaration of function 'sprintf' [-Wimplicit-function-declaration]
   78 |   sprintf(buff, "%d %s", res, msg);
      |   ^~~~~~~
../Core/Src/main.c:78:3: warning: incompatible implicit declaration of built-in function 'sprintf'
../Core/Src/main.c:29:1: note: include '<stdio.h>' or provide a declaration of 'sprintf'
   28 | #include "fileBuff.h"
  +++ |+#include <stdio.h>
   29 | /* USER CODE END Includes */
../Core/Src/main.c: In function 'display_success':
../Core/Src/main.c:84:3: warning: incompatible implicit declaration of built-in function 'sprintf'
   84 |   sprintf(buff, "%d %s", num, msg);
      |   ^~~~~~~
../Core/Src/main.c:84:3: note: include '<stdio.h>' or provide a declaration of 'sprintf'
../Core/Src/main.c: In function 'main':
../Core/Src/main.c:180:5: warning: incompatible implicit declaration of built-in function 'sprintf'
  180 |     sprintf(buff, "%d no more :(", res);
      |     ^~~~~~~
../Core/Src/main.c:180:5: note: include '<stdio.h>' or provide a declaration of 'sprintf'
../Core/Src/main.c:203:5: warning: incompatible implicit declaration of built-in function 'sprintf'
  203 |     sprintf(buff, "hertz: %d", header->sampleFreq);
      |     ^~~~~~~
../Core/Src/main.c:203:5: note: include '<stdio.h>' or provide a declaration of 'sprintf'
../Core/Src/main.c:203:28: warning: format '%d' expects argument of type 'int', but argument 3 has type 'uint32_t' {aka 'long unsigned int'} [-Wformat=]
  203 |     sprintf(buff, "hertz: %d", header->sampleFreq);
      |                           ~^   ~~~~~~~~~~~~~~~~~~
      |                            |         |
      |                            int       uint32_t {aka long unsigned int}
      |                           %ld
../Core/Src/main.c:209:27: warning: format '%d' expects argument of type 'int', but argument 3 has type 'uint32_t' {aka 'long unsigned int'} [-Wformat=]
  209 |     sprintf(buff, "data: %d", header->dataChunkLength);
      |                          ~^   ~~~~~~~~~~~~~~~~~~~~~~~
      |                           |         |
      |                           int       uint32_t {aka long unsigned int}
      |                          %ld
../Core/Src/main.c:263:11: warning: unused variable 'sample_sum' [-Wunused-variable]
  263 |   int16_t sample_sum = 0;
      |           ^~~~~~~~~~
arm-none-eabi-gcc -o "AUDIO.elf" @"objects.list"   -mcpu=cortex-m3 -T"C:\Users\pinkp\Documents\GitHub\ELEC3300-Project\AUDIO\STM32F103VETX_FLASH.ld" --specs=nosys.specs -Wl,-Map="AUDIO.map" -Wl,--gc-sections -static --specs=nano.specs -mfloat-abi=soft -mthumb -Wl,--start-group -lc -lm -Wl,--end-group
Finished building target: AUDIO.elf
 
arm-none-eabi-size   AUDIO.elf 
arm-none-eabi-objdump -h -S  AUDIO.elf  > "AUDIO.list"
   text	   data	    bss	    dec	    hex	filename
  40460	    124	   8332	  48916	   bf14	AUDIO.elf
Finished building: default.size.stdout
 
Finished building: AUDIO.list
 
04:20:34 **** Incremental Build of configuration Debug for project AUDIO ****
make -j16 all 
arm-none-eabi-gcc "../Core/Src/main.c" -mcpu=cortex-m3 -std=gnu11 -g3 -DDEBUG -DUSE_HAL_DRIVER -DSTM32F103xE -c -I../Core/Inc -I../Drivers/STM32F1xx_HAL_Driver/Inc/Legacy -I../Drivers/STM32F1xx_HAL_Driver/Inc -I../Drivers/CMSIS/Device/ST/STM32F1xx/Include -I../Drivers/CMSIS/Include -I../FATFS/Target -I../FATFS/App -I../Middlewares/Third_Party/FatFs/src -I../Middlewares/Third_Party/FatFs/src/drivers -O0 -ffunction-sections -fdata-sections -Wall -fstack-usage -MMD -MP -MF"Core/Src/main.d" -MT"Core/Src/main.o" --specs=nano.specs -mfloat-abi=soft -mthumb -o "Core/Src/main.o"
In file included from ../Core/Src/main.c:28:
../Core/Inc/fileBuff.h: In function 'initFileHeader':
../Core/Inc/fileBuff.h:71:80: warning: pointer targets in passing argument 4 of 'f_read' differ in signedness [-Wpointer-sign]
   71 |  return f_read(&(fileStruct->file), &(fileStruct->header), sizeof(WAV_HEADER), &bytes_read);
      |                                                                                ^~~~~~~~~~~
      |                                                                                |
      |                                                                                int *
In file included from ../FATFS/App/fatfs.h:26,
                 from ../Core/Src/main.c:21:
../Middlewares/Third_Party/FatFs/src/ff.h:228:54: note: expected 'UINT *' {aka 'unsigned int *'} but argument is of type 'int *'
  228 | FRESULT f_read (FIL* fp, void* buff, UINT btr, UINT* br);   /* Read data from a file */
      |                                                ~~~~~~^~
In file included from ../Core/Src/main.c:28:
../Core/Inc/fileBuff.h: In function 'readFile':
../Core/Inc/fileBuff.h:79:84: warning: passing argument 4 of 'f_read' from incompatible pointer type [-Wincompatible-pointer-types]
   79 |   FRESULT res = f_read(&(f->file), f->structs[f->currWriting].data.raw, BUFF_SIZE, &(f->structs[f->currWriting].buffSize));
      |                                                                                    ^~~~~~~~~~~~~~~~~~~~~~~~~~~~~~~~~~~~~~
      |                                                                                    |
      |                                                                                    uint16_t * {aka short unsigned int *}
In file included from ../FATFS/App/fatfs.h:26,
                 from ../Core/Src/main.c:21:
../Middlewares/Third_Party/FatFs/src/ff.h:228:54: note: expected 'UINT *' {aka 'unsigned int *'} but argument is of type 'uint16_t *' {aka 'short unsigned int *'}
  228 | FRESULT f_read (FIL* fp, void* buff, UINT btr, UINT* br);   /* Read data from a file */
      |                                                ~~~~~~^~
../Core/Src/main.c: In function 'error_handler':
../Core/Src/main.c:78:3: warning: implicit declaration of function 'sprintf' [-Wimplicit-function-declaration]
   78 |   sprintf(buff, "%d %s", res, msg);
      |   ^~~~~~~
../Core/Src/main.c:78:3: warning: incompatible implicit declaration of built-in function 'sprintf'
../Core/Src/main.c:29:1: note: include '<stdio.h>' or provide a declaration of 'sprintf'
   28 | #include "fileBuff.h"
  +++ |+#include <stdio.h>
   29 | /* USER CODE END Includes */
../Core/Src/main.c: In function 'display_success':
../Core/Src/main.c:84:3: warning: incompatible implicit declaration of built-in function 'sprintf'
   84 |   sprintf(buff, "%d %s", num, msg);
      |   ^~~~~~~
../Core/Src/main.c:84:3: note: include '<stdio.h>' or provide a declaration of 'sprintf'
../Core/Src/main.c: In function 'main':
../Core/Src/main.c:168:5: warning: incompatible implicit declaration of built-in function 'sprintf'
  168 |     sprintf(buff, "%d no more :(", res);
      |     ^~~~~~~
../Core/Src/main.c:168:5: note: include '<stdio.h>' or provide a declaration of 'sprintf'
../Core/Src/main.c:191:5: warning: incompatible implicit declaration of built-in function 'sprintf'
  191 |     sprintf(buff, "hertz: %d", header->sampleFreq);
      |     ^~~~~~~
../Core/Src/main.c:191:5: note: include '<stdio.h>' or provide a declaration of 'sprintf'
../Core/Src/main.c:191:28: warning: format '%d' expects argument of type 'int', but argument 3 has type 'uint32_t' {aka 'long unsigned int'} [-Wformat=]
  191 |     sprintf(buff, "hertz: %d", header->sampleFreq);
      |                           ~^   ~~~~~~~~~~~~~~~~~~
      |                            |         |
      |                            int       uint32_t {aka long unsigned int}
      |                           %ld
../Core/Src/main.c:197:27: warning: format '%d' expects argument of type 'int', but argument 3 has type 'uint32_t' {aka 'long unsigned int'} [-Wformat=]
  197 |     sprintf(buff, "data: %d", header->dataChunkLength);
      |                          ~^   ~~~~~~~~~~~~~~~~~~~~~~~
      |                           |         |
      |                           int       uint32_t {aka long unsigned int}
      |                          %ld
../Core/Src/main.c:219:55: error: request for member 'sampleFile' in something not a structure or union
  219 |       sprintf(buff, "read: %d, write: %d, isEmpty: %d". sampleFile.currReading, sampleFile.currWriting, sampleFile.isEmpty);
      |                                                       ^
../Core/Src/main.c:219:116: error: 'FileStruct' has no member named 'isEmpty'; did you mean 'fileEmpty'?
  219 |       sprintf(buff, "read: %d, write: %d, isEmpty: %d". sampleFile.currReading, sampleFile.currWriting, sampleFile.isEmpty);
      |                                                                                                                    ^~~~~~~
      |                                                                                                                    fileEmpty
../Core/Src/main.c:261:11: warning: unused variable 'sample_sum' [-Wunused-variable]
  261 |   int16_t sample_sum = 0;
      |           ^~~~~~~~~~
make: *** [Core/Src/subdir.mk:37: Core/Src/main.o] Error 1
"make -j16 all" terminated with exit code 2. Build might be incomplete.
04:20:47 **** Incremental Build of configuration Debug for project AUDIO ****
make -j16 all 
arm-none-eabi-gcc "../Core/Src/main.c" -mcpu=cortex-m3 -std=gnu11 -g3 -DDEBUG -DUSE_HAL_DRIVER -DSTM32F103xE -c -I../Core/Inc -I../Drivers/STM32F1xx_HAL_Driver/Inc/Legacy -I../Drivers/STM32F1xx_HAL_Driver/Inc -I../Drivers/CMSIS/Device/ST/STM32F1xx/Include -I../Drivers/CMSIS/Include -I../FATFS/Target -I../FATFS/App -I../Middlewares/Third_Party/FatFs/src -I../Middlewares/Third_Party/FatFs/src/drivers -O0 -ffunction-sections -fdata-sections -Wall -fstack-usage -MMD -MP -MF"Core/Src/main.d" -MT"Core/Src/main.o" --specs=nano.specs -mfloat-abi=soft -mthumb -o "Core/Src/main.o"
In file included from ../Core/Src/main.c:28:
../Core/Inc/fileBuff.h: In function 'initFileHeader':
../Core/Inc/fileBuff.h:71:80: warning: pointer targets in passing argument 4 of 'f_read' differ in signedness [-Wpointer-sign]
   71 |  return f_read(&(fileStruct->file), &(fileStruct->header), sizeof(WAV_HEADER), &bytes_read);
      |                                                                                ^~~~~~~~~~~
      |                                                                                |
      |                                                                                int *
In file included from ../FATFS/App/fatfs.h:26,
                 from ../Core/Src/main.c:21:
../Middlewares/Third_Party/FatFs/src/ff.h:228:54: note: expected 'UINT *' {aka 'unsigned int *'} but argument is of type 'int *'
  228 | FRESULT f_read (FIL* fp, void* buff, UINT btr, UINT* br);   /* Read data from a file */
      |                                                ~~~~~~^~
In file included from ../Core/Src/main.c:28:
../Core/Inc/fileBuff.h: In function 'readFile':
../Core/Inc/fileBuff.h:79:84: warning: passing argument 4 of 'f_read' from incompatible pointer type [-Wincompatible-pointer-types]
   79 |   FRESULT res = f_read(&(f->file), f->structs[f->currWriting].data.raw, BUFF_SIZE, &(f->structs[f->currWriting].buffSize));
      |                                                                                    ^~~~~~~~~~~~~~~~~~~~~~~~~~~~~~~~~~~~~~
      |                                                                                    |
      |                                                                                    uint16_t * {aka short unsigned int *}
In file included from ../FATFS/App/fatfs.h:26,
                 from ../Core/Src/main.c:21:
../Middlewares/Third_Party/FatFs/src/ff.h:228:54: note: expected 'UINT *' {aka 'unsigned int *'} but argument is of type 'uint16_t *' {aka 'short unsigned int *'}
  228 | FRESULT f_read (FIL* fp, void* buff, UINT btr, UINT* br);   /* Read data from a file */
      |                                                ~~~~~~^~
../Core/Src/main.c: In function 'error_handler':
../Core/Src/main.c:78:3: warning: implicit declaration of function 'sprintf' [-Wimplicit-function-declaration]
   78 |   sprintf(buff, "%d %s", res, msg);
      |   ^~~~~~~
../Core/Src/main.c:78:3: warning: incompatible implicit declaration of built-in function 'sprintf'
../Core/Src/main.c:29:1: note: include '<stdio.h>' or provide a declaration of 'sprintf'
   28 | #include "fileBuff.h"
  +++ |+#include <stdio.h>
   29 | /* USER CODE END Includes */
../Core/Src/main.c: In function 'display_success':
../Core/Src/main.c:84:3: warning: incompatible implicit declaration of built-in function 'sprintf'
   84 |   sprintf(buff, "%d %s", num, msg);
      |   ^~~~~~~
../Core/Src/main.c:84:3: note: include '<stdio.h>' or provide a declaration of 'sprintf'
../Core/Src/main.c: In function 'main':
../Core/Src/main.c:168:5: warning: incompatible implicit declaration of built-in function 'sprintf'
  168 |     sprintf(buff, "%d no more :(", res);
      |     ^~~~~~~
../Core/Src/main.c:168:5: note: include '<stdio.h>' or provide a declaration of 'sprintf'
../Core/Src/main.c:191:5: warning: incompatible implicit declaration of built-in function 'sprintf'
  191 |     sprintf(buff, "hertz: %d", header->sampleFreq);
      |     ^~~~~~~
../Core/Src/main.c:191:5: note: include '<stdio.h>' or provide a declaration of 'sprintf'
../Core/Src/main.c:191:28: warning: format '%d' expects argument of type 'int', but argument 3 has type 'uint32_t' {aka 'long unsigned int'} [-Wformat=]
  191 |     sprintf(buff, "hertz: %d", header->sampleFreq);
      |                           ~^   ~~~~~~~~~~~~~~~~~~
      |                            |         |
      |                            int       uint32_t {aka long unsigned int}
      |                           %ld
../Core/Src/main.c:197:27: warning: format '%d' expects argument of type 'int', but argument 3 has type 'uint32_t' {aka 'long unsigned int'} [-Wformat=]
  197 |     sprintf(buff, "data: %d", header->dataChunkLength);
      |                          ~^   ~~~~~~~~~~~~~~~~~~~~~~~
      |                           |         |
      |                           int       uint32_t {aka long unsigned int}
      |                          %ld
../Core/Src/main.c:219:55: error: request for member 'sampleFile' in something not a structure or union
  219 |       sprintf(buff, "read: %d, write: %d, isEmpty: %d". sampleFile.currReading, sampleFile.currWriting, sampleFile.fileEmpty);
      |                                                       ^
../Core/Src/main.c:261:11: warning: unused variable 'sample_sum' [-Wunused-variable]
  261 |   int16_t sample_sum = 0;
      |           ^~~~~~~~~~
make: *** [Core/Src/subdir.mk:37: Core/Src/main.o] Error 1
"make -j16 all" terminated with exit code 2. Build might be incomplete.
04:21:19 **** Incremental Build of configuration Debug for project AUDIO ****
make -j16 all 
arm-none-eabi-gcc "../Core/Src/main.c" -mcpu=cortex-m3 -std=gnu11 -g3 -DDEBUG -DUSE_HAL_DRIVER -DSTM32F103xE -c -I../Core/Inc -I../Drivers/STM32F1xx_HAL_Driver/Inc/Legacy -I../Drivers/STM32F1xx_HAL_Driver/Inc -I../Drivers/CMSIS/Device/ST/STM32F1xx/Include -I../Drivers/CMSIS/Include -I../FATFS/Target -I../FATFS/App -I../Middlewares/Third_Party/FatFs/src -I../Middlewares/Third_Party/FatFs/src/drivers -O0 -ffunction-sections -fdata-sections -Wall -fstack-usage -MMD -MP -MF"Core/Src/main.d" -MT"Core/Src/main.o" --specs=nano.specs -mfloat-abi=soft -mthumb -o "Core/Src/main.o"
In file included from ../Core/Src/main.c:28:
../Core/Inc/fileBuff.h: In function 'initFileHeader':
../Core/Inc/fileBuff.h:71:80: warning: pointer targets in passing argument 4 of 'f_read' differ in signedness [-Wpointer-sign]
   71 |  return f_read(&(fileStruct->file), &(fileStruct->header), sizeof(WAV_HEADER), &bytes_read);
      |                                                                                ^~~~~~~~~~~
      |                                                                                |
      |                                                                                int *
In file included from ../FATFS/App/fatfs.h:26,
                 from ../Core/Src/main.c:21:
../Middlewares/Third_Party/FatFs/src/ff.h:228:54: note: expected 'UINT *' {aka 'unsigned int *'} but argument is of type 'int *'
  228 | FRESULT f_read (FIL* fp, void* buff, UINT btr, UINT* br);   /* Read data from a file */
      |                                                ~~~~~~^~
In file included from ../Core/Src/main.c:28:
../Core/Inc/fileBuff.h: In function 'readFile':
../Core/Inc/fileBuff.h:79:84: warning: passing argument 4 of 'f_read' from incompatible pointer type [-Wincompatible-pointer-types]
   79 |   FRESULT res = f_read(&(f->file), f->structs[f->currWriting].data.raw, BUFF_SIZE, &(f->structs[f->currWriting].buffSize));
      |                                                                                    ^~~~~~~~~~~~~~~~~~~~~~~~~~~~~~~~~~~~~~
      |                                                                                    |
      |                                                                                    uint16_t * {aka short unsigned int *}
In file included from ../FATFS/App/fatfs.h:26,
                 from ../Core/Src/main.c:21:
../Middlewares/Third_Party/FatFs/src/ff.h:228:54: note: expected 'UINT *' {aka 'unsigned int *'} but argument is of type 'uint16_t *' {aka 'short unsigned int *'}
  228 | FRESULT f_read (FIL* fp, void* buff, UINT btr, UINT* br);   /* Read data from a file */
      |                                                ~~~~~~^~
../Core/Src/main.c: In function 'error_handler':
../Core/Src/main.c:78:3: warning: implicit declaration of function 'sprintf' [-Wimplicit-function-declaration]
   78 |   sprintf(buff, "%d %s", res, msg);
      |   ^~~~~~~
../Core/Src/main.c:78:3: warning: incompatible implicit declaration of built-in function 'sprintf'
../Core/Src/main.c:29:1: note: include '<stdio.h>' or provide a declaration of 'sprintf'
   28 | #include "fileBuff.h"
  +++ |+#include <stdio.h>
   29 | /* USER CODE END Includes */
../Core/Src/main.c: In function 'display_success':
../Core/Src/main.c:84:3: warning: incompatible implicit declaration of built-in function 'sprintf'
   84 |   sprintf(buff, "%d %s", num, msg);
      |   ^~~~~~~
../Core/Src/main.c:84:3: note: include '<stdio.h>' or provide a declaration of 'sprintf'
../Core/Src/main.c: In function 'main':
../Core/Src/main.c:168:5: warning: incompatible implicit declaration of built-in function 'sprintf'
  168 |     sprintf(buff, "%d no more :(", res);
      |     ^~~~~~~
../Core/Src/main.c:168:5: note: include '<stdio.h>' or provide a declaration of 'sprintf'
../Core/Src/main.c:191:5: warning: incompatible implicit declaration of built-in function 'sprintf'
  191 |     sprintf(buff, "hertz: %d", header->sampleFreq);
      |     ^~~~~~~
../Core/Src/main.c:191:5: note: include '<stdio.h>' or provide a declaration of 'sprintf'
../Core/Src/main.c:191:28: warning: format '%d' expects argument of type 'int', but argument 3 has type 'uint32_t' {aka 'long unsigned int'} [-Wformat=]
  191 |     sprintf(buff, "hertz: %d", header->sampleFreq);
      |                           ~^   ~~~~~~~~~~~~~~~~~~
      |                            |         |
      |                            int       uint32_t {aka long unsigned int}
      |                           %ld
../Core/Src/main.c:197:27: warning: format '%d' expects argument of type 'int', but argument 3 has type 'uint32_t' {aka 'long unsigned int'} [-Wformat=]
  197 |     sprintf(buff, "data: %d", header->dataChunkLength);
      |                          ~^   ~~~~~~~~~~~~~~~~~~~~~~~
      |                           |         |
      |                           int       uint32_t {aka long unsigned int}
      |                          %ld
../Core/Src/main.c:219:55: error: request for member 'sampleFile' in something not a structure or union
  219 |       sprintf(buff, "read: %d, write: %d, isEmpty: %d". sampleFile.currReading, sampleFile.currWriting, sampleFile.fileEmpty);
      |                                                       ^
../Core/Src/main.c:261:11: warning: unused variable 'sample_sum' [-Wunused-variable]
  261 |   int16_t sample_sum = 0;
      |           ^~~~~~~~~~
make: *** [Core/Src/subdir.mk:37: Core/Src/main.o] Error 1
"make -j16 all" terminated with exit code 2. Build might be incomplete.
04:22:02 **** Incremental Build of configuration Debug for project AUDIO ****
make -j16 all 
arm-none-eabi-gcc "../Core/Src/main.c" -mcpu=cortex-m3 -std=gnu11 -g3 -DDEBUG -DUSE_HAL_DRIVER -DSTM32F103xE -c -I../Core/Inc -I../Drivers/STM32F1xx_HAL_Driver/Inc/Legacy -I../Drivers/STM32F1xx_HAL_Driver/Inc -I../Drivers/CMSIS/Device/ST/STM32F1xx/Include -I../Drivers/CMSIS/Include -I../FATFS/Target -I../FATFS/App -I../Middlewares/Third_Party/FatFs/src -I../Middlewares/Third_Party/FatFs/src/drivers -O0 -ffunction-sections -fdata-sections -Wall -fstack-usage -MMD -MP -MF"Core/Src/main.d" -MT"Core/Src/main.o" --specs=nano.specs -mfloat-abi=soft -mthumb -o "Core/Src/main.o"
In file included from ../Core/Src/main.c:28:
../Core/Inc/fileBuff.h: In function 'initFileHeader':
../Core/Inc/fileBuff.h:71:80: warning: pointer targets in passing argument 4 of 'f_read' differ in signedness [-Wpointer-sign]
   71 |  return f_read(&(fileStruct->file), &(fileStruct->header), sizeof(WAV_HEADER), &bytes_read);
      |                                                                                ^~~~~~~~~~~
      |                                                                                |
      |                                                                                int *
In file included from ../FATFS/App/fatfs.h:26,
                 from ../Core/Src/main.c:21:
../Middlewares/Third_Party/FatFs/src/ff.h:228:54: note: expected 'UINT *' {aka 'unsigned int *'} but argument is of type 'int *'
  228 | FRESULT f_read (FIL* fp, void* buff, UINT btr, UINT* br);   /* Read data from a file */
      |                                                ~~~~~~^~
In file included from ../Core/Src/main.c:28:
../Core/Inc/fileBuff.h: In function 'readFile':
../Core/Inc/fileBuff.h:79:84: warning: passing argument 4 of 'f_read' from incompatible pointer type [-Wincompatible-pointer-types]
   79 |   FRESULT res = f_read(&(f->file), f->structs[f->currWriting].data.raw, BUFF_SIZE, &(f->structs[f->currWriting].buffSize));
      |                                                                                    ^~~~~~~~~~~~~~~~~~~~~~~~~~~~~~~~~~~~~~
      |                                                                                    |
      |                                                                                    uint16_t * {aka short unsigned int *}
In file included from ../FATFS/App/fatfs.h:26,
                 from ../Core/Src/main.c:21:
../Middlewares/Third_Party/FatFs/src/ff.h:228:54: note: expected 'UINT *' {aka 'unsigned int *'} but argument is of type 'uint16_t *' {aka 'short unsigned int *'}
  228 | FRESULT f_read (FIL* fp, void* buff, UINT btr, UINT* br);   /* Read data from a file */
      |                                                ~~~~~~^~
../Core/Src/main.c: In function 'error_handler':
../Core/Src/main.c:78:3: warning: implicit declaration of function 'sprintf' [-Wimplicit-function-declaration]
   78 |   sprintf(buff, "%d %s", res, msg);
      |   ^~~~~~~
../Core/Src/main.c:78:3: warning: incompatible implicit declaration of built-in function 'sprintf'
../Core/Src/main.c:29:1: note: include '<stdio.h>' or provide a declaration of 'sprintf'
   28 | #include "fileBuff.h"
  +++ |+#include <stdio.h>
   29 | /* USER CODE END Includes */
../Core/Src/main.c: In function 'display_success':
../Core/Src/main.c:84:3: warning: incompatible implicit declaration of built-in function 'sprintf'
   84 |   sprintf(buff, "%d %s", num, msg);
      |   ^~~~~~~
../Core/Src/main.c:84:3: note: include '<stdio.h>' or provide a declaration of 'sprintf'
../Core/Src/main.c: In function 'main':
../Core/Src/main.c:168:5: warning: incompatible implicit declaration of built-in function 'sprintf'
  168 |     sprintf(buff, "%d no more :(", res);
      |     ^~~~~~~
../Core/Src/main.c:168:5: note: include '<stdio.h>' or provide a declaration of 'sprintf'
../Core/Src/main.c:191:5: warning: incompatible implicit declaration of built-in function 'sprintf'
  191 |     sprintf(buff, "hertz: %d", header->sampleFreq);
      |     ^~~~~~~
../Core/Src/main.c:191:5: note: include '<stdio.h>' or provide a declaration of 'sprintf'
../Core/Src/main.c:191:28: warning: format '%d' expects argument of type 'int', but argument 3 has type 'uint32_t' {aka 'long unsigned int'} [-Wformat=]
  191 |     sprintf(buff, "hertz: %d", header->sampleFreq);
      |                           ~^   ~~~~~~~~~~~~~~~~~~
      |                            |         |
      |                            int       uint32_t {aka long unsigned int}
      |                           %ld
../Core/Src/main.c:197:27: warning: format '%d' expects argument of type 'int', but argument 3 has type 'uint32_t' {aka 'long unsigned int'} [-Wformat=]
  197 |     sprintf(buff, "data: %d", header->dataChunkLength);
      |                          ~^   ~~~~~~~~~~~~~~~~~~~~~~~
      |                           |         |
      |                           int       uint32_t {aka long unsigned int}
      |                          %ld
../Core/Src/main.c:261:11: warning: unused variable 'sample_sum' [-Wunused-variable]
  261 |   int16_t sample_sum = 0;
      |           ^~~~~~~~~~
arm-none-eabi-gcc -o "AUDIO.elf" @"objects.list"   -mcpu=cortex-m3 -T"C:\Users\pinkp\Documents\GitHub\ELEC3300-Project\AUDIO\STM32F103VETX_FLASH.ld" --specs=nosys.specs -Wl,-Map="AUDIO.map" -Wl,--gc-sections -static --specs=nano.specs -mfloat-abi=soft -mthumb -Wl,--start-group -lc -lm -Wl,--end-group
Finished building target: AUDIO.elf
 
arm-none-eabi-size   AUDIO.elf 
arm-none-eabi-objdump -h -S  AUDIO.elf  > "AUDIO.list"
   text	   data	    bss	    dec	    hex	filename
  40752	    124	   8332	  49208	   c038	AUDIO.elf
Finished building: default.size.stdout
 
Finished building: AUDIO.list
 
04:23:31 **** Incremental Build of configuration Debug for project AUDIO ****
make -j16 all 
arm-none-eabi-gcc "../Core/Src/main.c" -mcpu=cortex-m3 -std=gnu11 -g3 -DDEBUG -DUSE_HAL_DRIVER -DSTM32F103xE -c -I../Core/Inc -I../Drivers/STM32F1xx_HAL_Driver/Inc/Legacy -I../Drivers/STM32F1xx_HAL_Driver/Inc -I../Drivers/CMSIS/Device/ST/STM32F1xx/Include -I../Drivers/CMSIS/Include -I../FATFS/Target -I../FATFS/App -I../Middlewares/Third_Party/FatFs/src -I../Middlewares/Third_Party/FatFs/src/drivers -O0 -ffunction-sections -fdata-sections -Wall -fstack-usage -MMD -MP -MF"Core/Src/main.d" -MT"Core/Src/main.o" --specs=nano.specs -mfloat-abi=soft -mthumb -o "Core/Src/main.o"
In file included from ../Core/Src/main.c:28:
../Core/Inc/fileBuff.h: In function 'initFileHeader':
../Core/Inc/fileBuff.h:71:80: warning: pointer targets in passing argument 4 of 'f_read' differ in signedness [-Wpointer-sign]
   71 |  return f_read(&(fileStruct->file), &(fileStruct->header), sizeof(WAV_HEADER), &bytes_read);
      |                                                                                ^~~~~~~~~~~
      |                                                                                |
      |                                                                                int *
In file included from ../FATFS/App/fatfs.h:26,
                 from ../Core/Src/main.c:21:
../Middlewares/Third_Party/FatFs/src/ff.h:228:54: note: expected 'UINT *' {aka 'unsigned int *'} but argument is of type 'int *'
  228 | FRESULT f_read (FIL* fp, void* buff, UINT btr, UINT* br);   /* Read data from a file */
      |                                                ~~~~~~^~
In file included from ../Core/Src/main.c:28:
../Core/Inc/fileBuff.h: In function 'readFile':
../Core/Inc/fileBuff.h:79:84: warning: passing argument 4 of 'f_read' from incompatible pointer type [-Wincompatible-pointer-types]
   79 |   FRESULT res = f_read(&(f->file), f->structs[f->currWriting].data.raw, BUFF_SIZE, &(f->structs[f->currWriting].buffSize));
      |                                                                                    ^~~~~~~~~~~~~~~~~~~~~~~~~~~~~~~~~~~~~~
      |                                                                                    |
      |                                                                                    uint16_t * {aka short unsigned int *}
In file included from ../FATFS/App/fatfs.h:26,
                 from ../Core/Src/main.c:21:
../Middlewares/Third_Party/FatFs/src/ff.h:228:54: note: expected 'UINT *' {aka 'unsigned int *'} but argument is of type 'uint16_t *' {aka 'short unsigned int *'}
  228 | FRESULT f_read (FIL* fp, void* buff, UINT btr, UINT* br);   /* Read data from a file */
      |                                                ~~~~~~^~
../Core/Src/main.c: In function 'error_handler':
../Core/Src/main.c:78:3: warning: implicit declaration of function 'sprintf' [-Wimplicit-function-declaration]
   78 |   sprintf(buff, "%d %s", res, msg);
      |   ^~~~~~~
../Core/Src/main.c:78:3: warning: incompatible implicit declaration of built-in function 'sprintf'
../Core/Src/main.c:29:1: note: include '<stdio.h>' or provide a declaration of 'sprintf'
   28 | #include "fileBuff.h"
  +++ |+#include <stdio.h>
   29 | /* USER CODE END Includes */
../Core/Src/main.c: In function 'display_success':
../Core/Src/main.c:84:3: warning: incompatible implicit declaration of built-in function 'sprintf'
   84 |   sprintf(buff, "%d %s", num, msg);
      |   ^~~~~~~
../Core/Src/main.c:84:3: note: include '<stdio.h>' or provide a declaration of 'sprintf'
../Core/Src/main.c: In function 'main':
../Core/Src/main.c:168:5: warning: incompatible implicit declaration of built-in function 'sprintf'
  168 |     sprintf(buff, "%d no more :(", res);
      |     ^~~~~~~
../Core/Src/main.c:168:5: note: include '<stdio.h>' or provide a declaration of 'sprintf'
../Core/Src/main.c:191:5: warning: incompatible implicit declaration of built-in function 'sprintf'
  191 |     sprintf(buff, "hertz: %d", header->sampleFreq);
      |     ^~~~~~~
../Core/Src/main.c:191:5: note: include '<stdio.h>' or provide a declaration of 'sprintf'
../Core/Src/main.c:191:28: warning: format '%d' expects argument of type 'int', but argument 3 has type 'uint32_t' {aka 'long unsigned int'} [-Wformat=]
  191 |     sprintf(buff, "hertz: %d", header->sampleFreq);
      |                           ~^   ~~~~~~~~~~~~~~~~~~
      |                            |         |
      |                            int       uint32_t {aka long unsigned int}
      |                           %ld
../Core/Src/main.c:197:27: warning: format '%d' expects argument of type 'int', but argument 3 has type 'uint32_t' {aka 'long unsigned int'} [-Wformat=]
  197 |     sprintf(buff, "data: %d", header->dataChunkLength);
      |                          ~^   ~~~~~~~~~~~~~~~~~~~~~~~
      |                           |         |
      |                           int       uint32_t {aka long unsigned int}
      |                          %ld
../Core/Src/main.c:261:11: warning: unused variable 'sample_sum' [-Wunused-variable]
  261 |   int16_t sample_sum = 0;
      |           ^~~~~~~~~~
arm-none-eabi-gcc -o "AUDIO.elf" @"objects.list"   -mcpu=cortex-m3 -T"C:\Users\pinkp\Documents\GitHub\ELEC3300-Project\AUDIO\STM32F103VETX_FLASH.ld" --specs=nosys.specs -Wl,-Map="AUDIO.map" -Wl,--gc-sections -static --specs=nano.specs -mfloat-abi=soft -mthumb -Wl,--start-group -lc -lm -Wl,--end-group
Finished building target: AUDIO.elf
 
arm-none-eabi-size   AUDIO.elf 
arm-none-eabi-objdump -h -S  AUDIO.elf  > "AUDIO.list"
   text	   data	    bss	    dec	    hex	filename
  40720	    124	   8332	  49176	   c018	AUDIO.elf
Finished building: default.size.stdout
 
Finished building: AUDIO.list
 
04:26:19 **** Incremental Build of configuration Debug for project AUDIO ****
make -j16 all 
arm-none-eabi-gcc "../Core/Src/main.c" -mcpu=cortex-m3 -std=gnu11 -g3 -DDEBUG -DUSE_HAL_DRIVER -DSTM32F103xE -c -I../Core/Inc -I../Drivers/STM32F1xx_HAL_Driver/Inc/Legacy -I../Drivers/STM32F1xx_HAL_Driver/Inc -I../Drivers/CMSIS/Device/ST/STM32F1xx/Include -I../Drivers/CMSIS/Include -I../FATFS/Target -I../FATFS/App -I../Middlewares/Third_Party/FatFs/src -I../Middlewares/Third_Party/FatFs/src/drivers -O0 -ffunction-sections -fdata-sections -Wall -fstack-usage -MMD -MP -MF"Core/Src/main.d" -MT"Core/Src/main.o" --specs=nano.specs -mfloat-abi=soft -mthumb -o "Core/Src/main.o"
In file included from ../Core/Src/main.c:28:
../Core/Inc/fileBuff.h: In function 'initFileHeader':
../Core/Inc/fileBuff.h:71:80: warning: pointer targets in passing argument 4 of 'f_read' differ in signedness [-Wpointer-sign]
   71 |  return f_read(&(fileStruct->file), &(fileStruct->header), sizeof(WAV_HEADER), &bytes_read);
      |                                                                                ^~~~~~~~~~~
      |                                                                                |
      |                                                                                int *
In file included from ../FATFS/App/fatfs.h:26,
                 from ../Core/Src/main.c:21:
../Middlewares/Third_Party/FatFs/src/ff.h:228:54: note: expected 'UINT *' {aka 'unsigned int *'} but argument is of type 'int *'
  228 | FRESULT f_read (FIL* fp, void* buff, UINT btr, UINT* br);   /* Read data from a file */
      |                                                ~~~~~~^~
In file included from ../Core/Src/main.c:28:
../Core/Inc/fileBuff.h: In function 'readFile':
../Core/Inc/fileBuff.h:79:84: warning: passing argument 4 of 'f_read' from incompatible pointer type [-Wincompatible-pointer-types]
   79 |   FRESULT res = f_read(&(f->file), f->structs[f->currWriting].data.raw, BUFF_SIZE, &(f->structs[f->currWriting].buffSize));
      |                                                                                    ^~~~~~~~~~~~~~~~~~~~~~~~~~~~~~~~~~~~~~
      |                                                                                    |
      |                                                                                    uint16_t * {aka short unsigned int *}
In file included from ../FATFS/App/fatfs.h:26,
                 from ../Core/Src/main.c:21:
../Middlewares/Third_Party/FatFs/src/ff.h:228:54: note: expected 'UINT *' {aka 'unsigned int *'} but argument is of type 'uint16_t *' {aka 'short unsigned int *'}
  228 | FRESULT f_read (FIL* fp, void* buff, UINT btr, UINT* br);   /* Read data from a file */
      |                                                ~~~~~~^~
../Core/Src/main.c: In function 'error_handler':
../Core/Src/main.c:78:3: warning: implicit declaration of function 'sprintf' [-Wimplicit-function-declaration]
   78 |   sprintf(buff, "%d %s", res, msg);
      |   ^~~~~~~
../Core/Src/main.c:78:3: warning: incompatible implicit declaration of built-in function 'sprintf'
../Core/Src/main.c:29:1: note: include '<stdio.h>' or provide a declaration of 'sprintf'
   28 | #include "fileBuff.h"
  +++ |+#include <stdio.h>
   29 | /* USER CODE END Includes */
../Core/Src/main.c: In function 'display_success':
../Core/Src/main.c:84:3: warning: incompatible implicit declaration of built-in function 'sprintf'
   84 |   sprintf(buff, "%d %s", num, msg);
      |   ^~~~~~~
../Core/Src/main.c:84:3: note: include '<stdio.h>' or provide a declaration of 'sprintf'
../Core/Src/main.c: In function 'main':
../Core/Src/main.c:168:5: warning: incompatible implicit declaration of built-in function 'sprintf'
  168 |     sprintf(buff, "%d no more :(", res);
      |     ^~~~~~~
../Core/Src/main.c:168:5: note: include '<stdio.h>' or provide a declaration of 'sprintf'
../Core/Src/main.c:191:5: warning: incompatible implicit declaration of built-in function 'sprintf'
  191 |     sprintf(buff, "hertz: %d", header->sampleFreq);
      |     ^~~~~~~
../Core/Src/main.c:191:5: note: include '<stdio.h>' or provide a declaration of 'sprintf'
../Core/Src/main.c:191:28: warning: format '%d' expects argument of type 'int', but argument 3 has type 'uint32_t' {aka 'long unsigned int'} [-Wformat=]
  191 |     sprintf(buff, "hertz: %d", header->sampleFreq);
      |                           ~^   ~~~~~~~~~~~~~~~~~~
      |                            |         |
      |                            int       uint32_t {aka long unsigned int}
      |                           %ld
../Core/Src/main.c:197:27: warning: format '%d' expects argument of type 'int', but argument 3 has type 'uint32_t' {aka 'long unsigned int'} [-Wformat=]
  197 |     sprintf(buff, "data: %d", header->dataChunkLength);
      |                          ~^   ~~~~~~~~~~~~~~~~~~~~~~~
      |                           |         |
      |                           int       uint32_t {aka long unsigned int}
      |                          %ld
../Core/Src/main.c:261:11: warning: unused variable 'sample_sum' [-Wunused-variable]
  261 |   int16_t sample_sum = 0;
      |           ^~~~~~~~~~
arm-none-eabi-gcc -o "AUDIO.elf" @"objects.list"   -mcpu=cortex-m3 -T"C:\Users\pinkp\Documents\GitHub\ELEC3300-Project\AUDIO\STM32F103VETX_FLASH.ld" --specs=nosys.specs -Wl,-Map="AUDIO.map" -Wl,--gc-sections -static --specs=nano.specs -mfloat-abi=soft -mthumb -Wl,--start-group -lc -lm -Wl,--end-group
Finished building target: AUDIO.elf
 
arm-none-eabi-size   AUDIO.elf 
arm-none-eabi-objdump -h -S  AUDIO.elf  > "AUDIO.list"
   text	   data	    bss	    dec	    hex	filename
  40720	    124	   8332	  49176	   c018	AUDIO.elf
Finished building: default.size.stdout
 
Finished building: AUDIO.list
 
04:27:32 **** Incremental Build of configuration Debug for project AUDIO ****
make -j16 all 
arm-none-eabi-gcc "../Core/Src/main.c" -mcpu=cortex-m3 -std=gnu11 -g3 -DDEBUG -DUSE_HAL_DRIVER -DSTM32F103xE -c -I../Core/Inc -I../Drivers/STM32F1xx_HAL_Driver/Inc/Legacy -I../Drivers/STM32F1xx_HAL_Driver/Inc -I../Drivers/CMSIS/Device/ST/STM32F1xx/Include -I../Drivers/CMSIS/Include -I../FATFS/Target -I../FATFS/App -I../Middlewares/Third_Party/FatFs/src -I../Middlewares/Third_Party/FatFs/src/drivers -O0 -ffunction-sections -fdata-sections -Wall -fstack-usage -MMD -MP -MF"Core/Src/main.d" -MT"Core/Src/main.o" --specs=nano.specs -mfloat-abi=soft -mthumb -o "Core/Src/main.o"
In file included from ../Core/Src/main.c:28:
../Core/Inc/fileBuff.h: In function 'initFileHeader':
../Core/Inc/fileBuff.h:71:80: warning: pointer targets in passing argument 4 of 'f_read' differ in signedness [-Wpointer-sign]
   71 |  return f_read(&(fileStruct->file), &(fileStruct->header), sizeof(WAV_HEADER), &bytes_read);
      |                                                                                ^~~~~~~~~~~
      |                                                                                |
      |                                                                                int *
In file included from ../FATFS/App/fatfs.h:26,
                 from ../Core/Src/main.c:21:
../Middlewares/Third_Party/FatFs/src/ff.h:228:54: note: expected 'UINT *' {aka 'unsigned int *'} but argument is of type 'int *'
  228 | FRESULT f_read (FIL* fp, void* buff, UINT btr, UINT* br);   /* Read data from a file */
      |                                                ~~~~~~^~
In file included from ../Core/Src/main.c:28:
../Core/Inc/fileBuff.h: In function 'readFile':
../Core/Inc/fileBuff.h:79:84: warning: passing argument 4 of 'f_read' from incompatible pointer type [-Wincompatible-pointer-types]
   79 |   FRESULT res = f_read(&(f->file), f->structs[f->currWriting].data.raw, BUFF_SIZE, &(f->structs[f->currWriting].buffSize));
      |                                                                                    ^~~~~~~~~~~~~~~~~~~~~~~~~~~~~~~~~~~~~~
      |                                                                                    |
      |                                                                                    uint16_t * {aka short unsigned int *}
In file included from ../FATFS/App/fatfs.h:26,
                 from ../Core/Src/main.c:21:
../Middlewares/Third_Party/FatFs/src/ff.h:228:54: note: expected 'UINT *' {aka 'unsigned int *'} but argument is of type 'uint16_t *' {aka 'short unsigned int *'}
  228 | FRESULT f_read (FIL* fp, void* buff, UINT btr, UINT* br);   /* Read data from a file */
      |                                                ~~~~~~^~
../Core/Src/main.c: In function 'error_handler':
../Core/Src/main.c:78:3: warning: implicit declaration of function 'sprintf' [-Wimplicit-function-declaration]
   78 |   sprintf(buff, "%d %s", res, msg);
      |   ^~~~~~~
../Core/Src/main.c:78:3: warning: incompatible implicit declaration of built-in function 'sprintf'
../Core/Src/main.c:29:1: note: include '<stdio.h>' or provide a declaration of 'sprintf'
   28 | #include "fileBuff.h"
  +++ |+#include <stdio.h>
   29 | /* USER CODE END Includes */
../Core/Src/main.c: In function 'display_success':
../Core/Src/main.c:84:3: warning: incompatible implicit declaration of built-in function 'sprintf'
   84 |   sprintf(buff, "%d %s", num, msg);
      |   ^~~~~~~
../Core/Src/main.c:84:3: note: include '<stdio.h>' or provide a declaration of 'sprintf'
../Core/Src/main.c: In function 'main':
../Core/Src/main.c:168:5: warning: incompatible implicit declaration of built-in function 'sprintf'
  168 |     sprintf(buff, "%d no more :(", res);
      |     ^~~~~~~
../Core/Src/main.c:168:5: note: include '<stdio.h>' or provide a declaration of 'sprintf'
../Core/Src/main.c:191:5: warning: incompatible implicit declaration of built-in function 'sprintf'
  191 |     sprintf(buff, "hertz: %d", header->sampleFreq);
      |     ^~~~~~~
../Core/Src/main.c:191:5: note: include '<stdio.h>' or provide a declaration of 'sprintf'
../Core/Src/main.c:191:28: warning: format '%d' expects argument of type 'int', but argument 3 has type 'uint32_t' {aka 'long unsigned int'} [-Wformat=]
  191 |     sprintf(buff, "hertz: %d", header->sampleFreq);
      |                           ~^   ~~~~~~~~~~~~~~~~~~
      |                            |         |
      |                            int       uint32_t {aka long unsigned int}
      |                           %ld
../Core/Src/main.c:197:27: warning: format '%d' expects argument of type 'int', but argument 3 has type 'uint32_t' {aka 'long unsigned int'} [-Wformat=]
  197 |     sprintf(buff, "data: %d", header->dataChunkLength);
      |                          ~^   ~~~~~~~~~~~~~~~~~~~~~~~
      |                           |         |
      |                           int       uint32_t {aka long unsigned int}
      |                          %ld
../Core/Src/main.c:261:11: warning: unused variable 'sample_sum' [-Wunused-variable]
  261 |   int16_t sample_sum = 0;
      |           ^~~~~~~~~~
In file included from ../Core/Src/main.c:28:
../Core/Inc/fileBuff.h: In function 'readSample':
../Core/Inc/fileBuff.h:103:1: warning: control reaches end of non-void function [-Wreturn-type]
  103 | }
      | ^
arm-none-eabi-gcc -o "AUDIO.elf" @"objects.list"   -mcpu=cortex-m3 -T"C:\Users\pinkp\Documents\GitHub\ELEC3300-Project\AUDIO\STM32F103VETX_FLASH.ld" --specs=nosys.specs -Wl,-Map="AUDIO.map" -Wl,--gc-sections -static --specs=nano.specs -mfloat-abi=soft -mthumb -Wl,--start-group -lc -lm -Wl,--end-group
Finished building target: AUDIO.elf
 
arm-none-eabi-size   AUDIO.elf 
arm-none-eabi-objdump -h -S  AUDIO.elf  > "AUDIO.list"
   text	   data	    bss	    dec	    hex	filename
  41224	    120	   8336	  49680	   c210	AUDIO.elf
Finished building: default.size.stdout
 
Finished building: AUDIO.list
 
14:38:02 **** Incremental Build of configuration Debug for project AUDIO ****
make -j16 all 
arm-none-eabi-gcc "../Core/Src/main.c" -mcpu=cortex-m3 -std=gnu11 -g3 -DDEBUG -DUSE_HAL_DRIVER -DSTM32F103xE -c -I../Core/Inc -I../Drivers/STM32F1xx_HAL_Driver/Inc/Legacy -I../Drivers/STM32F1xx_HAL_Driver/Inc -I../Drivers/CMSIS/Device/ST/STM32F1xx/Include -I../Drivers/CMSIS/Include -I../FATFS/Target -I../FATFS/App -I../Middlewares/Third_Party/FatFs/src -I../Middlewares/Third_Party/FatFs/src/drivers -O0 -ffunction-sections -fdata-sections -Wall -fstack-usage -MMD -MP -MF"Core/Src/main.d" -MT"Core/Src/main.o" --specs=nano.specs -mfloat-abi=soft -mthumb -o "Core/Src/main.o"
In file included from ../Core/Src/main.c:28:
../Core/Inc/fileBuff.h: In function 'initFileHeader':
../Core/Inc/fileBuff.h:71:80: warning: pointer targets in passing argument 4 of 'f_read' differ in signedness [-Wpointer-sign]
   71 |  return f_read(&(fileStruct->file), &(fileStruct->header), sizeof(WAV_HEADER), &bytes_read);
      |                                                                                ^~~~~~~~~~~
      |                                                                                |
      |                                                                                int *
In file included from ../FATFS/App/fatfs.h:26,
                 from ../Core/Src/main.c:21:
../Middlewares/Third_Party/FatFs/src/ff.h:228:54: note: expected 'UINT *' {aka 'unsigned int *'} but argument is of type 'int *'
  228 | FRESULT f_read (FIL* fp, void* buff, UINT btr, UINT* br);   /* Read data from a file */
      |                                                ~~~~~~^~
In file included from ../Core/Src/main.c:28:
../Core/Inc/fileBuff.h: In function 'readFile':
../Core/Inc/fileBuff.h:79:84: warning: passing argument 4 of 'f_read' from incompatible pointer type [-Wincompatible-pointer-types]
   79 |   FRESULT res = f_read(&(f->file), f->structs[f->currWriting].data.raw, BUFF_SIZE, &(f->structs[f->currWriting].buffSize));
      |                                                                                    ^~~~~~~~~~~~~~~~~~~~~~~~~~~~~~~~~~~~~~
      |                                                                                    |
      |                                                                                    uint16_t * {aka short unsigned int *}
In file included from ../FATFS/App/fatfs.h:26,
                 from ../Core/Src/main.c:21:
../Middlewares/Third_Party/FatFs/src/ff.h:228:54: note: expected 'UINT *' {aka 'unsigned int *'} but argument is of type 'uint16_t *' {aka 'short unsigned int *'}
  228 | FRESULT f_read (FIL* fp, void* buff, UINT btr, UINT* br);   /* Read data from a file */
      |                                                ~~~~~~^~
../Core/Src/main.c: In function 'error_handler':
../Core/Src/main.c:78:3: warning: implicit declaration of function 'sprintf' [-Wimplicit-function-declaration]
   78 |   sprintf(buff, "%d %s", res, msg);
      |   ^~~~~~~
../Core/Src/main.c:78:3: warning: incompatible implicit declaration of built-in function 'sprintf'
../Core/Src/main.c:29:1: note: include '<stdio.h>' or provide a declaration of 'sprintf'
   28 | #include "fileBuff.h"
  +++ |+#include <stdio.h>
   29 | /* USER CODE END Includes */
../Core/Src/main.c: In function 'display_success':
../Core/Src/main.c:84:3: warning: incompatible implicit declaration of built-in function 'sprintf'
   84 |   sprintf(buff, "%d %s", num, msg);
      |   ^~~~~~~
../Core/Src/main.c:84:3: note: include '<stdio.h>' or provide a declaration of 'sprintf'
../Core/Src/main.c: In function 'main':
../Core/Src/main.c:168:5: warning: incompatible implicit declaration of built-in function 'sprintf'
  168 |     sprintf(buff, "%d no more :(", res);
      |     ^~~~~~~
../Core/Src/main.c:168:5: note: include '<stdio.h>' or provide a declaration of 'sprintf'
../Core/Src/main.c:192:5: warning: incompatible implicit declaration of built-in function 'sprintf'
  192 |     sprintf(buff, "hertz: %d", header->sampleFreq);
      |     ^~~~~~~
../Core/Src/main.c:192:5: note: include '<stdio.h>' or provide a declaration of 'sprintf'
../Core/Src/main.c:192:28: warning: format '%d' expects argument of type 'int', but argument 3 has type 'uint32_t' {aka 'long unsigned int'} [-Wformat=]
  192 |     sprintf(buff, "hertz: %d", header->sampleFreq);
      |                           ~^   ~~~~~~~~~~~~~~~~~~
      |                            |         |
      |                            int       uint32_t {aka long unsigned int}
      |                           %ld
../Core/Src/main.c:198:27: warning: format '%d' expects argument of type 'int', but argument 3 has type 'uint32_t' {aka 'long unsigned int'} [-Wformat=]
  198 |     sprintf(buff, "data: %d", header->dataChunkLength);
      |                          ~^   ~~~~~~~~~~~~~~~~~~~~~~~
      |                           |         |
      |                           int       uint32_t {aka long unsigned int}
      |                          %ld
../Core/Src/main.c:264:11: warning: unused variable 'sample_sum' [-Wunused-variable]
  264 |   int16_t sample_sum = 0;
      |           ^~~~~~~~~~
In file included from ../Core/Src/main.c:28:
../Core/Inc/fileBuff.h: In function 'readSample':
../Core/Inc/fileBuff.h:103:1: warning: control reaches end of non-void function [-Wreturn-type]
  103 | }
      | ^
arm-none-eabi-gcc -o "AUDIO.elf" @"objects.list"   -mcpu=cortex-m3 -T"C:\Users\pinkp\Documents\GitHub\ELEC3300-Project\AUDIO\STM32F103VETX_FLASH.ld" --specs=nosys.specs -Wl,-Map="AUDIO.map" -Wl,--gc-sections -static --specs=nano.specs -mfloat-abi=soft -mthumb -Wl,--start-group -lc -lm -Wl,--end-group
Finished building target: AUDIO.elf
 
arm-none-eabi-size   AUDIO.elf 
arm-none-eabi-objdump -h -S  AUDIO.elf  > "AUDIO.list"
   text	   data	    bss	    dec	    hex	filename
  41232	    120	   8336	  49688	   c218	AUDIO.elf
Finished building: default.size.stdout
 
Finished building: AUDIO.list
 
14:45:23 **** Incremental Build of configuration Debug for project AUDIO ****
make -j16 all 
arm-none-eabi-gcc "../Middlewares/Third_Party/FatFs/src/option/syscall.c" -mcpu=cortex-m3 -std=gnu11 -g3 -DDEBUG -DUSE_HAL_DRIVER -DSTM32F103xE -c -I../Core/Inc -I../Drivers/STM32F1xx_HAL_Driver/Inc/Legacy -I../Drivers/STM32F1xx_HAL_Driver/Inc -I../Drivers/CMSIS/Device/ST/STM32F1xx/Include -I../Drivers/CMSIS/Include -I../FATFS/Target -I../FATFS/App -I../Middlewares/Third_Party/FatFs/src -I../Middlewares/Third_Party/FatFs/src/drivers -O0 -ffunction-sections -fdata-sections -Wall -fstack-usage -MMD -MP -MF"Middlewares/Third_Party/FatFs/src/option/syscall.d" -MT"Middlewares/Third_Party/FatFs/src/option/syscall.o" --specs=nano.specs -mfloat-abi=soft -mthumb -o "Middlewares/Third_Party/FatFs/src/option/syscall.o"
arm-none-eabi-gcc "../Middlewares/Third_Party/FatFs/src/drivers/sd_diskio.c" -mcpu=cortex-m3 -std=gnu11 -g3 -DDEBUG -DUSE_HAL_DRIVER -DSTM32F103xE -c -I../Core/Inc -I../Drivers/STM32F1xx_HAL_Driver/Inc/Legacy -I../Drivers/STM32F1xx_HAL_Driver/Inc -I../Drivers/CMSIS/Device/ST/STM32F1xx/Include -I../Drivers/CMSIS/Include -I../FATFS/Target -I../FATFS/App -I../Middlewares/Third_Party/FatFs/src -I../Middlewares/Third_Party/FatFs/src/drivers -O0 -ffunction-sections -fdata-sections -Wall -fstack-usage -MMD -MP -MF"Middlewares/Third_Party/FatFs/src/drivers/sd_diskio.d" -MT"Middlewares/Third_Party/FatFs/src/drivers/sd_diskio.o" --specs=nano.specs -mfloat-abi=soft -mthumb -o "Middlewares/Third_Party/FatFs/src/drivers/sd_diskio.o"
arm-none-eabi-gcc "../Middlewares/Third_Party/FatFs/src/diskio.c" -mcpu=cortex-m3 -std=gnu11 -g3 -DDEBUG -DUSE_HAL_DRIVER -DSTM32F103xE -c -I../Core/Inc -I../Drivers/STM32F1xx_HAL_Driver/Inc/Legacy -I../Drivers/STM32F1xx_HAL_Driver/Inc -I../Drivers/CMSIS/Device/ST/STM32F1xx/Include -I../Drivers/CMSIS/Include -I../FATFS/Target -I../FATFS/App -I../Middlewares/Third_Party/FatFs/src -I../Middlewares/Third_Party/FatFs/src/drivers -O0 -ffunction-sections -fdata-sections -Wall -fstack-usage -MMD -MP -MF"Middlewares/Third_Party/FatFs/src/diskio.d" -MT"Middlewares/Third_Party/FatFs/src/diskio.o" --specs=nano.specs -mfloat-abi=soft -mthumb -o "Middlewares/Third_Party/FatFs/src/diskio.o"
arm-none-eabi-gcc "../Middlewares/Third_Party/FatFs/src/ff.c" -mcpu=cortex-m3 -std=gnu11 -g3 -DDEBUG -DUSE_HAL_DRIVER -DSTM32F103xE -c -I../Core/Inc -I../Drivers/STM32F1xx_HAL_Driver/Inc/Legacy -I../Drivers/STM32F1xx_HAL_Driver/Inc -I../Drivers/CMSIS/Device/ST/STM32F1xx/Include -I../Drivers/CMSIS/Include -I../FATFS/Target -I../FATFS/App -I../Middlewares/Third_Party/FatFs/src -I../Middlewares/Third_Party/FatFs/src/drivers -O0 -ffunction-sections -fdata-sections -Wall -fstack-usage -MMD -MP -MF"Middlewares/Third_Party/FatFs/src/ff.d" -MT"Middlewares/Third_Party/FatFs/src/ff.o" --specs=nano.specs -mfloat-abi=soft -mthumb -o "Middlewares/Third_Party/FatFs/src/ff.o"
arm-none-eabi-gcc "../Middlewares/Third_Party/FatFs/src/ff_gen_drv.c" -mcpu=cortex-m3 -std=gnu11 -g3 -DDEBUG -DUSE_HAL_DRIVER -DSTM32F103xE -c -I../Core/Inc -I../Drivers/STM32F1xx_HAL_Driver/Inc/Legacy -I../Drivers/STM32F1xx_HAL_Driver/Inc -I../Drivers/CMSIS/Device/ST/STM32F1xx/Include -I../Drivers/CMSIS/Include -I../FATFS/Target -I../FATFS/App -I../Middlewares/Third_Party/FatFs/src -I../Middlewares/Third_Party/FatFs/src/drivers -O0 -ffunction-sections -fdata-sections -Wall -fstack-usage -MMD -MP -MF"Middlewares/Third_Party/FatFs/src/ff_gen_drv.d" -MT"Middlewares/Third_Party/FatFs/src/ff_gen_drv.o" --specs=nano.specs -mfloat-abi=soft -mthumb -o "Middlewares/Third_Party/FatFs/src/ff_gen_drv.o"
arm-none-eabi-gcc "../FATFS/Target/bsp_driver_sd.c" -mcpu=cortex-m3 -std=gnu11 -g3 -DDEBUG -DUSE_HAL_DRIVER -DSTM32F103xE -c -I../Core/Inc -I../Drivers/STM32F1xx_HAL_Driver/Inc/Legacy -I../Drivers/STM32F1xx_HAL_Driver/Inc -I../Drivers/CMSIS/Device/ST/STM32F1xx/Include -I../Drivers/CMSIS/Include -I../FATFS/Target -I../FATFS/App -I../Middlewares/Third_Party/FatFs/src -I../Middlewares/Third_Party/FatFs/src/drivers -O0 -ffunction-sections -fdata-sections -Wall -fstack-usage -MMD -MP -MF"FATFS/Target/bsp_driver_sd.d" -MT"FATFS/Target/bsp_driver_sd.o" --specs=nano.specs -mfloat-abi=soft -mthumb -o "FATFS/Target/bsp_driver_sd.o"
arm-none-eabi-gcc "../FATFS/App/fatfs.c" -mcpu=cortex-m3 -std=gnu11 -g3 -DDEBUG -DUSE_HAL_DRIVER -DSTM32F103xE -c -I../Core/Inc -I../Drivers/STM32F1xx_HAL_Driver/Inc/Legacy -I../Drivers/STM32F1xx_HAL_Driver/Inc -I../Drivers/CMSIS/Device/ST/STM32F1xx/Include -I../Drivers/CMSIS/Include -I../FATFS/Target -I../FATFS/App -I../Middlewares/Third_Party/FatFs/src -I../Middlewares/Third_Party/FatFs/src/drivers -O0 -ffunction-sections -fdata-sections -Wall -fstack-usage -MMD -MP -MF"FATFS/App/fatfs.d" -MT"FATFS/App/fatfs.o" --specs=nano.specs -mfloat-abi=soft -mthumb -o "FATFS/App/fatfs.o"
arm-none-eabi-gcc "../Drivers/STM32F1xx_HAL_Driver/Src/stm32f1xx_hal.c" -mcpu=cortex-m3 -std=gnu11 -g3 -DDEBUG -DUSE_HAL_DRIVER -DSTM32F103xE -c -I../Core/Inc -I../Drivers/STM32F1xx_HAL_Driver/Inc/Legacy -I../Drivers/STM32F1xx_HAL_Driver/Inc -I../Drivers/CMSIS/Device/ST/STM32F1xx/Include -I../Drivers/CMSIS/Include -I../FATFS/Target -I../FATFS/App -I../Middlewares/Third_Party/FatFs/src -I../Middlewares/Third_Party/FatFs/src/drivers -O0 -ffunction-sections -fdata-sections -Wall -fstack-usage -MMD -MP -MF"Drivers/STM32F1xx_HAL_Driver/Src/stm32f1xx_hal.d" -MT"Drivers/STM32F1xx_HAL_Driver/Src/stm32f1xx_hal.o" --specs=nano.specs -mfloat-abi=soft -mthumb -o "Drivers/STM32F1xx_HAL_Driver/Src/stm32f1xx_hal.o"
arm-none-eabi-gcc "../Drivers/STM32F1xx_HAL_Driver/Src/stm32f1xx_hal_cortex.c" -mcpu=cortex-m3 -std=gnu11 -g3 -DDEBUG -DUSE_HAL_DRIVER -DSTM32F103xE -c -I../Core/Inc -I../Drivers/STM32F1xx_HAL_Driver/Inc/Legacy -I../Drivers/STM32F1xx_HAL_Driver/Inc -I../Drivers/CMSIS/Device/ST/STM32F1xx/Include -I../Drivers/CMSIS/Include -I../FATFS/Target -I../FATFS/App -I../Middlewares/Third_Party/FatFs/src -I../Middlewares/Third_Party/FatFs/src/drivers -O0 -ffunction-sections -fdata-sections -Wall -fstack-usage -MMD -MP -MF"Drivers/STM32F1xx_HAL_Driver/Src/stm32f1xx_hal_cortex.d" -MT"Drivers/STM32F1xx_HAL_Driver/Src/stm32f1xx_hal_cortex.o" --specs=nano.specs -mfloat-abi=soft -mthumb -o "Drivers/STM32F1xx_HAL_Driver/Src/stm32f1xx_hal_cortex.o"
arm-none-eabi-gcc "../Drivers/STM32F1xx_HAL_Driver/Src/stm32f1xx_hal_dac.c" -mcpu=cortex-m3 -std=gnu11 -g3 -DDEBUG -DUSE_HAL_DRIVER -DSTM32F103xE -c -I../Core/Inc -I../Drivers/STM32F1xx_HAL_Driver/Inc/Legacy -I../Drivers/STM32F1xx_HAL_Driver/Inc -I../Drivers/CMSIS/Device/ST/STM32F1xx/Include -I../Drivers/CMSIS/Include -I../FATFS/Target -I../FATFS/App -I../Middlewares/Third_Party/FatFs/src -I../Middlewares/Third_Party/FatFs/src/drivers -O0 -ffunction-sections -fdata-sections -Wall -fstack-usage -MMD -MP -MF"Drivers/STM32F1xx_HAL_Driver/Src/stm32f1xx_hal_dac.d" -MT"Drivers/STM32F1xx_HAL_Driver/Src/stm32f1xx_hal_dac.o" --specs=nano.specs -mfloat-abi=soft -mthumb -o "Drivers/STM32F1xx_HAL_Driver/Src/stm32f1xx_hal_dac.o"
arm-none-eabi-gcc "../Drivers/STM32F1xx_HAL_Driver/Src/stm32f1xx_hal_dac_ex.c" -mcpu=cortex-m3 -std=gnu11 -g3 -DDEBUG -DUSE_HAL_DRIVER -DSTM32F103xE -c -I../Core/Inc -I../Drivers/STM32F1xx_HAL_Driver/Inc/Legacy -I../Drivers/STM32F1xx_HAL_Driver/Inc -I../Drivers/CMSIS/Device/ST/STM32F1xx/Include -I../Drivers/CMSIS/Include -I../FATFS/Target -I../FATFS/App -I../Middlewares/Third_Party/FatFs/src -I../Middlewares/Third_Party/FatFs/src/drivers -O0 -ffunction-sections -fdata-sections -Wall -fstack-usage -MMD -MP -MF"Drivers/STM32F1xx_HAL_Driver/Src/stm32f1xx_hal_dac_ex.d" -MT"Drivers/STM32F1xx_HAL_Driver/Src/stm32f1xx_hal_dac_ex.o" --specs=nano.specs -mfloat-abi=soft -mthumb -o "Drivers/STM32F1xx_HAL_Driver/Src/stm32f1xx_hal_dac_ex.o"
arm-none-eabi-gcc "../Drivers/STM32F1xx_HAL_Driver/Src/stm32f1xx_hal_dma.c" -mcpu=cortex-m3 -std=gnu11 -g3 -DDEBUG -DUSE_HAL_DRIVER -DSTM32F103xE -c -I../Core/Inc -I../Drivers/STM32F1xx_HAL_Driver/Inc/Legacy -I../Drivers/STM32F1xx_HAL_Driver/Inc -I../Drivers/CMSIS/Device/ST/STM32F1xx/Include -I../Drivers/CMSIS/Include -I../FATFS/Target -I../FATFS/App -I../Middlewares/Third_Party/FatFs/src -I../Middlewares/Third_Party/FatFs/src/drivers -O0 -ffunction-sections -fdata-sections -Wall -fstack-usage -MMD -MP -MF"Drivers/STM32F1xx_HAL_Driver/Src/stm32f1xx_hal_dma.d" -MT"Drivers/STM32F1xx_HAL_Driver/Src/stm32f1xx_hal_dma.o" --specs=nano.specs -mfloat-abi=soft -mthumb -o "Drivers/STM32F1xx_HAL_Driver/Src/stm32f1xx_hal_dma.o"
arm-none-eabi-gcc "../Drivers/STM32F1xx_HAL_Driver/Src/stm32f1xx_hal_exti.c" -mcpu=cortex-m3 -std=gnu11 -g3 -DDEBUG -DUSE_HAL_DRIVER -DSTM32F103xE -c -I../Core/Inc -I../Drivers/STM32F1xx_HAL_Driver/Inc/Legacy -I../Drivers/STM32F1xx_HAL_Driver/Inc -I../Drivers/CMSIS/Device/ST/STM32F1xx/Include -I../Drivers/CMSIS/Include -I../FATFS/Target -I../FATFS/App -I../Middlewares/Third_Party/FatFs/src -I../Middlewares/Third_Party/FatFs/src/drivers -O0 -ffunction-sections -fdata-sections -Wall -fstack-usage -MMD -MP -MF"Drivers/STM32F1xx_HAL_Driver/Src/stm32f1xx_hal_exti.d" -MT"Drivers/STM32F1xx_HAL_Driver/Src/stm32f1xx_hal_exti.o" --specs=nano.specs -mfloat-abi=soft -mthumb -o "Drivers/STM32F1xx_HAL_Driver/Src/stm32f1xx_hal_exti.o"
arm-none-eabi-gcc "../Drivers/STM32F1xx_HAL_Driver/Src/stm32f1xx_hal_flash.c" -mcpu=cortex-m3 -std=gnu11 -g3 -DDEBUG -DUSE_HAL_DRIVER -DSTM32F103xE -c -I../Core/Inc -I../Drivers/STM32F1xx_HAL_Driver/Inc/Legacy -I../Drivers/STM32F1xx_HAL_Driver/Inc -I../Drivers/CMSIS/Device/ST/STM32F1xx/Include -I../Drivers/CMSIS/Include -I../FATFS/Target -I../FATFS/App -I../Middlewares/Third_Party/FatFs/src -I../Middlewares/Third_Party/FatFs/src/drivers -O0 -ffunction-sections -fdata-sections -Wall -fstack-usage -MMD -MP -MF"Drivers/STM32F1xx_HAL_Driver/Src/stm32f1xx_hal_flash.d" -MT"Drivers/STM32F1xx_HAL_Driver/Src/stm32f1xx_hal_flash.o" --specs=nano.specs -mfloat-abi=soft -mthumb -o "Drivers/STM32F1xx_HAL_Driver/Src/stm32f1xx_hal_flash.o"
arm-none-eabi-gcc "../Drivers/STM32F1xx_HAL_Driver/Src/stm32f1xx_hal_flash_ex.c" -mcpu=cortex-m3 -std=gnu11 -g3 -DDEBUG -DUSE_HAL_DRIVER -DSTM32F103xE -c -I../Core/Inc -I../Drivers/STM32F1xx_HAL_Driver/Inc/Legacy -I../Drivers/STM32F1xx_HAL_Driver/Inc -I../Drivers/CMSIS/Device/ST/STM32F1xx/Include -I../Drivers/CMSIS/Include -I../FATFS/Target -I../FATFS/App -I../Middlewares/Third_Party/FatFs/src -I../Middlewares/Third_Party/FatFs/src/drivers -O0 -ffunction-sections -fdata-sections -Wall -fstack-usage -MMD -MP -MF"Drivers/STM32F1xx_HAL_Driver/Src/stm32f1xx_hal_flash_ex.d" -MT"Drivers/STM32F1xx_HAL_Driver/Src/stm32f1xx_hal_flash_ex.o" --specs=nano.specs -mfloat-abi=soft -mthumb -o "Drivers/STM32F1xx_HAL_Driver/Src/stm32f1xx_hal_flash_ex.o"
arm-none-eabi-gcc "../Drivers/STM32F1xx_HAL_Driver/Src/stm32f1xx_hal_gpio.c" -mcpu=cortex-m3 -std=gnu11 -g3 -DDEBUG -DUSE_HAL_DRIVER -DSTM32F103xE -c -I../Core/Inc -I../Drivers/STM32F1xx_HAL_Driver/Inc/Legacy -I../Drivers/STM32F1xx_HAL_Driver/Inc -I../Drivers/CMSIS/Device/ST/STM32F1xx/Include -I../Drivers/CMSIS/Include -I../FATFS/Target -I../FATFS/App -I../Middlewares/Third_Party/FatFs/src -I../Middlewares/Third_Party/FatFs/src/drivers -O0 -ffunction-sections -fdata-sections -Wall -fstack-usage -MMD -MP -MF"Drivers/STM32F1xx_HAL_Driver/Src/stm32f1xx_hal_gpio.d" -MT"Drivers/STM32F1xx_HAL_Driver/Src/stm32f1xx_hal_gpio.o" --specs=nano.specs -mfloat-abi=soft -mthumb -o "Drivers/STM32F1xx_HAL_Driver/Src/stm32f1xx_hal_gpio.o"
arm-none-eabi-gcc "../Drivers/STM32F1xx_HAL_Driver/Src/stm32f1xx_hal_gpio_ex.c" -mcpu=cortex-m3 -std=gnu11 -g3 -DDEBUG -DUSE_HAL_DRIVER -DSTM32F103xE -c -I../Core/Inc -I../Drivers/STM32F1xx_HAL_Driver/Inc/Legacy -I../Drivers/STM32F1xx_HAL_Driver/Inc -I../Drivers/CMSIS/Device/ST/STM32F1xx/Include -I../Drivers/CMSIS/Include -I../FATFS/Target -I../FATFS/App -I../Middlewares/Third_Party/FatFs/src -I../Middlewares/Third_Party/FatFs/src/drivers -O0 -ffunction-sections -fdata-sections -Wall -fstack-usage -MMD -MP -MF"Drivers/STM32F1xx_HAL_Driver/Src/stm32f1xx_hal_gpio_ex.d" -MT"Drivers/STM32F1xx_HAL_Driver/Src/stm32f1xx_hal_gpio_ex.o" --specs=nano.specs -mfloat-abi=soft -mthumb -o "Drivers/STM32F1xx_HAL_Driver/Src/stm32f1xx_hal_gpio_ex.o"
arm-none-eabi-gcc "../Drivers/STM32F1xx_HAL_Driver/Src/stm32f1xx_hal_pwr.c" -mcpu=cortex-m3 -std=gnu11 -g3 -DDEBUG -DUSE_HAL_DRIVER -DSTM32F103xE -c -I../Core/Inc -I../Drivers/STM32F1xx_HAL_Driver/Inc/Legacy -I../Drivers/STM32F1xx_HAL_Driver/Inc -I../Drivers/CMSIS/Device/ST/STM32F1xx/Include -I../Drivers/CMSIS/Include -I../FATFS/Target -I../FATFS/App -I../Middlewares/Third_Party/FatFs/src -I../Middlewares/Third_Party/FatFs/src/drivers -O0 -ffunction-sections -fdata-sections -Wall -fstack-usage -MMD -MP -MF"Drivers/STM32F1xx_HAL_Driver/Src/stm32f1xx_hal_pwr.d" -MT"Drivers/STM32F1xx_HAL_Driver/Src/stm32f1xx_hal_pwr.o" --specs=nano.specs -mfloat-abi=soft -mthumb -o "Drivers/STM32F1xx_HAL_Driver/Src/stm32f1xx_hal_pwr.o"
arm-none-eabi-gcc "../Drivers/STM32F1xx_HAL_Driver/Src/stm32f1xx_hal_rcc.c" -mcpu=cortex-m3 -std=gnu11 -g3 -DDEBUG -DUSE_HAL_DRIVER -DSTM32F103xE -c -I../Core/Inc -I../Drivers/STM32F1xx_HAL_Driver/Inc/Legacy -I../Drivers/STM32F1xx_HAL_Driver/Inc -I../Drivers/CMSIS/Device/ST/STM32F1xx/Include -I../Drivers/CMSIS/Include -I../FATFS/Target -I../FATFS/App -I../Middlewares/Third_Party/FatFs/src -I../Middlewares/Third_Party/FatFs/src/drivers -O0 -ffunction-sections -fdata-sections -Wall -fstack-usage -MMD -MP -MF"Drivers/STM32F1xx_HAL_Driver/Src/stm32f1xx_hal_rcc.d" -MT"Drivers/STM32F1xx_HAL_Driver/Src/stm32f1xx_hal_rcc.o" --specs=nano.specs -mfloat-abi=soft -mthumb -o "Drivers/STM32F1xx_HAL_Driver/Src/stm32f1xx_hal_rcc.o"
arm-none-eabi-gcc "../Drivers/STM32F1xx_HAL_Driver/Src/stm32f1xx_hal_rcc_ex.c" -mcpu=cortex-m3 -std=gnu11 -g3 -DDEBUG -DUSE_HAL_DRIVER -DSTM32F103xE -c -I../Core/Inc -I../Drivers/STM32F1xx_HAL_Driver/Inc/Legacy -I../Drivers/STM32F1xx_HAL_Driver/Inc -I../Drivers/CMSIS/Device/ST/STM32F1xx/Include -I../Drivers/CMSIS/Include -I../FATFS/Target -I../FATFS/App -I../Middlewares/Third_Party/FatFs/src -I../Middlewares/Third_Party/FatFs/src/drivers -O0 -ffunction-sections -fdata-sections -Wall -fstack-usage -MMD -MP -MF"Drivers/STM32F1xx_HAL_Driver/Src/stm32f1xx_hal_rcc_ex.d" -MT"Drivers/STM32F1xx_HAL_Driver/Src/stm32f1xx_hal_rcc_ex.o" --specs=nano.specs -mfloat-abi=soft -mthumb -o "Drivers/STM32F1xx_HAL_Driver/Src/stm32f1xx_hal_rcc_ex.o"
arm-none-eabi-gcc "../Drivers/STM32F1xx_HAL_Driver/Src/stm32f1xx_hal_sd.c" -mcpu=cortex-m3 -std=gnu11 -g3 -DDEBUG -DUSE_HAL_DRIVER -DSTM32F103xE -c -I../Core/Inc -I../Drivers/STM32F1xx_HAL_Driver/Inc/Legacy -I../Drivers/STM32F1xx_HAL_Driver/Inc -I../Drivers/CMSIS/Device/ST/STM32F1xx/Include -I../Drivers/CMSIS/Include -I../FATFS/Target -I../FATFS/App -I../Middlewares/Third_Party/FatFs/src -I../Middlewares/Third_Party/FatFs/src/drivers -O0 -ffunction-sections -fdata-sections -Wall -fstack-usage -MMD -MP -MF"Drivers/STM32F1xx_HAL_Driver/Src/stm32f1xx_hal_sd.d" -MT"Drivers/STM32F1xx_HAL_Driver/Src/stm32f1xx_hal_sd.o" --specs=nano.specs -mfloat-abi=soft -mthumb -o "Drivers/STM32F1xx_HAL_Driver/Src/stm32f1xx_hal_sd.o"
arm-none-eabi-gcc "../Drivers/STM32F1xx_HAL_Driver/Src/stm32f1xx_hal_sram.c" -mcpu=cortex-m3 -std=gnu11 -g3 -DDEBUG -DUSE_HAL_DRIVER -DSTM32F103xE -c -I../Core/Inc -I../Drivers/STM32F1xx_HAL_Driver/Inc/Legacy -I../Drivers/STM32F1xx_HAL_Driver/Inc -I../Drivers/CMSIS/Device/ST/STM32F1xx/Include -I../Drivers/CMSIS/Include -I../FATFS/Target -I../FATFS/App -I../Middlewares/Third_Party/FatFs/src -I../Middlewares/Third_Party/FatFs/src/drivers -O0 -ffunction-sections -fdata-sections -Wall -fstack-usage -MMD -MP -MF"Drivers/STM32F1xx_HAL_Driver/Src/stm32f1xx_hal_sram.d" -MT"Drivers/STM32F1xx_HAL_Driver/Src/stm32f1xx_hal_sram.o" --specs=nano.specs -mfloat-abi=soft -mthumb -o "Drivers/STM32F1xx_HAL_Driver/Src/stm32f1xx_hal_sram.o"
arm-none-eabi-gcc "../Drivers/STM32F1xx_HAL_Driver/Src/stm32f1xx_hal_tim.c" -mcpu=cortex-m3 -std=gnu11 -g3 -DDEBUG -DUSE_HAL_DRIVER -DSTM32F103xE -c -I../Core/Inc -I../Drivers/STM32F1xx_HAL_Driver/Inc/Legacy -I../Drivers/STM32F1xx_HAL_Driver/Inc -I../Drivers/CMSIS/Device/ST/STM32F1xx/Include -I../Drivers/CMSIS/Include -I../FATFS/Target -I../FATFS/App -I../Middlewares/Third_Party/FatFs/src -I../Middlewares/Third_Party/FatFs/src/drivers -O0 -ffunction-sections -fdata-sections -Wall -fstack-usage -MMD -MP -MF"Drivers/STM32F1xx_HAL_Driver/Src/stm32f1xx_hal_tim.d" -MT"Drivers/STM32F1xx_HAL_Driver/Src/stm32f1xx_hal_tim.o" --specs=nano.specs -mfloat-abi=soft -mthumb -o "Drivers/STM32F1xx_HAL_Driver/Src/stm32f1xx_hal_tim.o"
arm-none-eabi-gcc "../Drivers/STM32F1xx_HAL_Driver/Src/stm32f1xx_hal_tim_ex.c" -mcpu=cortex-m3 -std=gnu11 -g3 -DDEBUG -DUSE_HAL_DRIVER -DSTM32F103xE -c -I../Core/Inc -I../Drivers/STM32F1xx_HAL_Driver/Inc/Legacy -I../Drivers/STM32F1xx_HAL_Driver/Inc -I../Drivers/CMSIS/Device/ST/STM32F1xx/Include -I../Drivers/CMSIS/Include -I../FATFS/Target -I../FATFS/App -I../Middlewares/Third_Party/FatFs/src -I../Middlewares/Third_Party/FatFs/src/drivers -O0 -ffunction-sections -fdata-sections -Wall -fstack-usage -MMD -MP -MF"Drivers/STM32F1xx_HAL_Driver/Src/stm32f1xx_hal_tim_ex.d" -MT"Drivers/STM32F1xx_HAL_Driver/Src/stm32f1xx_hal_tim_ex.o" --specs=nano.specs -mfloat-abi=soft -mthumb -o "Drivers/STM32F1xx_HAL_Driver/Src/stm32f1xx_hal_tim_ex.o"
arm-none-eabi-gcc "../Drivers/STM32F1xx_HAL_Driver/Src/stm32f1xx_ll_fsmc.c" -mcpu=cortex-m3 -std=gnu11 -g3 -DDEBUG -DUSE_HAL_DRIVER -DSTM32F103xE -c -I../Core/Inc -I../Drivers/STM32F1xx_HAL_Driver/Inc/Legacy -I../Drivers/STM32F1xx_HAL_Driver/Inc -I../Drivers/CMSIS/Device/ST/STM32F1xx/Include -I../Drivers/CMSIS/Include -I../FATFS/Target -I../FATFS/App -I../Middlewares/Third_Party/FatFs/src -I../Middlewares/Third_Party/FatFs/src/drivers -O0 -ffunction-sections -fdata-sections -Wall -fstack-usage -MMD -MP -MF"Drivers/STM32F1xx_HAL_Driver/Src/stm32f1xx_ll_fsmc.d" -MT"Drivers/STM32F1xx_HAL_Driver/Src/stm32f1xx_ll_fsmc.o" --specs=nano.specs -mfloat-abi=soft -mthumb -o "Drivers/STM32F1xx_HAL_Driver/Src/stm32f1xx_ll_fsmc.o"
arm-none-eabi-gcc "../Drivers/STM32F1xx_HAL_Driver/Src/stm32f1xx_ll_sdmmc.c" -mcpu=cortex-m3 -std=gnu11 -g3 -DDEBUG -DUSE_HAL_DRIVER -DSTM32F103xE -c -I../Core/Inc -I../Drivers/STM32F1xx_HAL_Driver/Inc/Legacy -I../Drivers/STM32F1xx_HAL_Driver/Inc -I../Drivers/CMSIS/Device/ST/STM32F1xx/Include -I../Drivers/CMSIS/Include -I../FATFS/Target -I../FATFS/App -I../Middlewares/Third_Party/FatFs/src -I../Middlewares/Third_Party/FatFs/src/drivers -O0 -ffunction-sections -fdata-sections -Wall -fstack-usage -MMD -MP -MF"Drivers/STM32F1xx_HAL_Driver/Src/stm32f1xx_ll_sdmmc.d" -MT"Drivers/STM32F1xx_HAL_Driver/Src/stm32f1xx_ll_sdmmc.o" --specs=nano.specs -mfloat-abi=soft -mthumb -o "Drivers/STM32F1xx_HAL_Driver/Src/stm32f1xx_ll_sdmmc.o"
arm-none-eabi-gcc "../Core/Src/lcd.c" -mcpu=cortex-m3 -std=gnu11 -g3 -DDEBUG -DUSE_HAL_DRIVER -DSTM32F103xE -c -I../Core/Inc -I../Drivers/STM32F1xx_HAL_Driver/Inc/Legacy -I../Drivers/STM32F1xx_HAL_Driver/Inc -I../Drivers/CMSIS/Device/ST/STM32F1xx/Include -I../Drivers/CMSIS/Include -I../FATFS/Target -I../FATFS/App -I../Middlewares/Third_Party/FatFs/src -I../Middlewares/Third_Party/FatFs/src/drivers -O0 -ffunction-sections -fdata-sections -Wall -fstack-usage -MMD -MP -MF"Core/Src/lcd.d" -MT"Core/Src/lcd.o" --specs=nano.specs -mfloat-abi=soft -mthumb -o "Core/Src/lcd.o"
arm-none-eabi-gcc "../Core/Src/main.c" -mcpu=cortex-m3 -std=gnu11 -g3 -DDEBUG -DUSE_HAL_DRIVER -DSTM32F103xE -c -I../Core/Inc -I../Drivers/STM32F1xx_HAL_Driver/Inc/Legacy -I../Drivers/STM32F1xx_HAL_Driver/Inc -I../Drivers/CMSIS/Device/ST/STM32F1xx/Include -I../Drivers/CMSIS/Include -I../FATFS/Target -I../FATFS/App -I../Middlewares/Third_Party/FatFs/src -I../Middlewares/Third_Party/FatFs/src/drivers -O0 -ffunction-sections -fdata-sections -Wall -fstack-usage -MMD -MP -MF"Core/Src/main.d" -MT"Core/Src/main.o" --specs=nano.specs -mfloat-abi=soft -mthumb -o "Core/Src/main.o"
arm-none-eabi-gcc "../Core/Src/stm32f1xx_hal_msp.c" -mcpu=cortex-m3 -std=gnu11 -g3 -DDEBUG -DUSE_HAL_DRIVER -DSTM32F103xE -c -I../Core/Inc -I../Drivers/STM32F1xx_HAL_Driver/Inc/Legacy -I../Drivers/STM32F1xx_HAL_Driver/Inc -I../Drivers/CMSIS/Device/ST/STM32F1xx/Include -I../Drivers/CMSIS/Include -I../FATFS/Target -I../FATFS/App -I../Middlewares/Third_Party/FatFs/src -I../Middlewares/Third_Party/FatFs/src/drivers -O0 -ffunction-sections -fdata-sections -Wall -fstack-usage -MMD -MP -MF"Core/Src/stm32f1xx_hal_msp.d" -MT"Core/Src/stm32f1xx_hal_msp.o" --specs=nano.specs -mfloat-abi=soft -mthumb -o "Core/Src/stm32f1xx_hal_msp.o"
arm-none-eabi-gcc "../Core/Src/stm32f1xx_it.c" -mcpu=cortex-m3 -std=gnu11 -g3 -DDEBUG -DUSE_HAL_DRIVER -DSTM32F103xE -c -I../Core/Inc -I../Drivers/STM32F1xx_HAL_Driver/Inc/Legacy -I../Drivers/STM32F1xx_HAL_Driver/Inc -I../Drivers/CMSIS/Device/ST/STM32F1xx/Include -I../Drivers/CMSIS/Include -I../FATFS/Target -I../FATFS/App -I../Middlewares/Third_Party/FatFs/src -I../Middlewares/Third_Party/FatFs/src/drivers -O0 -ffunction-sections -fdata-sections -Wall -fstack-usage -MMD -MP -MF"Core/Src/stm32f1xx_it.d" -MT"Core/Src/stm32f1xx_it.o" --specs=nano.specs -mfloat-abi=soft -mthumb -o "Core/Src/stm32f1xx_it.o"
arm-none-eabi-gcc "../Core/Src/system_stm32f1xx.c" -mcpu=cortex-m3 -std=gnu11 -g3 -DDEBUG -DUSE_HAL_DRIVER -DSTM32F103xE -c -I../Core/Inc -I../Drivers/STM32F1xx_HAL_Driver/Inc/Legacy -I../Drivers/STM32F1xx_HAL_Driver/Inc -I../Drivers/CMSIS/Device/ST/STM32F1xx/Include -I../Drivers/CMSIS/Include -I../FATFS/Target -I../FATFS/App -I../Middlewares/Third_Party/FatFs/src -I../Middlewares/Third_Party/FatFs/src/drivers -O0 -ffunction-sections -fdata-sections -Wall -fstack-usage -MMD -MP -MF"Core/Src/system_stm32f1xx.d" -MT"Core/Src/system_stm32f1xx.o" --specs=nano.specs -mfloat-abi=soft -mthumb -o "Core/Src/system_stm32f1xx.o"
In file included from ../Core/Src/main.c:28:
../Core/Inc/fileBuff.h: In function 'initFileHeader':
../Core/Inc/fileBuff.h:71:80: warning: pointer targets in passing argument 4 of 'f_read' differ in signedness [-Wpointer-sign]
   71 |  return f_read(&(fileStruct->file), &(fileStruct->header), sizeof(WAV_HEADER), &bytes_read);
      |                                                                                ^~~~~~~~~~~
      |                                                                                |
      |                                                                                int *
In file included from ../FATFS/App/fatfs.h:26,
                 from ../Core/Src/main.c:21:
../Middlewares/Third_Party/FatFs/src/ff.h:228:54: note: expected 'UINT *' {aka 'unsigned int *'} but argument is of type 'int *'
  228 | FRESULT f_read (FIL* fp, void* buff, UINT btr, UINT* br);   /* Read data from a file */
      |                                                ~~~~~~^~
In file included from ../Core/Src/main.c:28:
../Core/Inc/fileBuff.h: In function 'readFile':
../Core/Inc/fileBuff.h:79:84: warning: passing argument 4 of 'f_read' from incompatible pointer type [-Wincompatible-pointer-types]
   79 |   FRESULT res = f_read(&(f->file), f->structs[f->currWriting].data.raw, BUFF_SIZE, &(f->structs[f->currWriting].buffSize));
      |                                                                                    ^~~~~~~~~~~~~~~~~~~~~~~~~~~~~~~~~~~~~~
      |                                                                                    |
      |                                                                                    uint16_t * {aka short unsigned int *}
In file included from ../FATFS/App/fatfs.h:26,
                 from ../Core/Src/main.c:21:
../Middlewares/Third_Party/FatFs/src/ff.h:228:54: note: expected 'UINT *' {aka 'unsigned int *'} but argument is of type 'uint16_t *' {aka 'short unsigned int *'}
  228 | FRESULT f_read (FIL* fp, void* buff, UINT btr, UINT* br);   /* Read data from a file */
      |                                                ~~~~~~^~
../Core/Src/main.c: In function 'error_handler':
../Core/Src/main.c:78:3: warning: implicit declaration of function 'sprintf' [-Wimplicit-function-declaration]
   78 |   sprintf(buff, "%d %s", res, msg);
      |   ^~~~~~~
../Core/Src/main.c:78:3: warning: incompatible implicit declaration of built-in function 'sprintf'
../Core/Src/main.c:29:1: note: include '<stdio.h>' or provide a declaration of 'sprintf'
   28 | #include "fileBuff.h"
  +++ |+#include <stdio.h>
   29 | /* USER CODE END Includes */
../Core/Src/main.c: In function 'display_success':
../Core/Src/main.c:84:3: warning: incompatible implicit declaration of built-in function 'sprintf'
   84 |   sprintf(buff, "%d %s", num, msg);
      |   ^~~~~~~
../Core/Src/main.c:84:3: note: include '<stdio.h>' or provide a declaration of 'sprintf'
../Core/Src/main.c: In function 'main':
../Core/Src/main.c:168:5: warning: incompatible implicit declaration of built-in function 'sprintf'
  168 |     sprintf(buff, "%d no more :(", res);
      |     ^~~~~~~
../Core/Src/main.c:168:5: note: include '<stdio.h>' or provide a declaration of 'sprintf'
../Core/Src/main.c:192:5: warning: incompatible implicit declaration of built-in function 'sprintf'
  192 |     sprintf(buff, "hertz: %d", header->sampleFreq);
      |     ^~~~~~~
../Core/Src/main.c:192:5: note: include '<stdio.h>' or provide a declaration of 'sprintf'
../Core/Src/main.c:192:28: warning: format '%d' expects argument of type 'int', but argument 3 has type 'uint32_t' {aka 'long unsigned int'} [-Wformat=]
  192 |     sprintf(buff, "hertz: %d", header->sampleFreq);
      |                           ~^   ~~~~~~~~~~~~~~~~~~
      |                            |         |
      |                            int       uint32_t {aka long unsigned int}
      |                           %ld
../Core/Src/main.c:198:27: warning: format '%d' expects argument of type 'int', but argument 3 has type 'uint32_t' {aka 'long unsigned int'} [-Wformat=]
  198 |     sprintf(buff, "data: %d", header->dataChunkLength);
      |                          ~^   ~~~~~~~~~~~~~~~~~~~~~~~
      |                           |         |
      |                           int       uint32_t {aka long unsigned int}
      |                          %ld
../Core/Src/main.c:264:11: warning: unused variable 'sample_sum' [-Wunused-variable]
  264 |   int16_t sample_sum = 0;
      |           ^~~~~~~~~~
In file included from ../Core/Src/main.c:28:
../Core/Inc/fileBuff.h: In function 'readSample':
../Core/Inc/fileBuff.h:106:1: warning: control reaches end of non-void function [-Wreturn-type]
  106 | }
      | ^
arm-none-eabi-gcc -o "AUDIO.elf" @"objects.list"   -mcpu=cortex-m3 -T"C:\Users\pinkp\Documents\GitHub\ELEC3300-Project\AUDIO\STM32F103VETX_FLASH.ld" --specs=nosys.specs -Wl,-Map="AUDIO.map" -Wl,--gc-sections -static --specs=nano.specs -mfloat-abi=soft -mthumb -Wl,--start-group -lc -lm -Wl,--end-group
Finished building target: AUDIO.elf
 
arm-none-eabi-size   AUDIO.elf 
arm-none-eabi-objdump -h -S  AUDIO.elf  > "AUDIO.list"
   text	   data	    bss	    dec	    hex	filename
  41268	    120	   8336	  49724	   c23c	AUDIO.elf
Finished building: default.size.stdout
 
Finished building: AUDIO.list
 
14:56:38 **** Incremental Build of configuration Debug for project AUDIO ****
make -j16 all 
arm-none-eabi-gcc "../Core/Src/main.c" -mcpu=cortex-m3 -std=gnu11 -g3 -DDEBUG -DUSE_HAL_DRIVER -DSTM32F103xE -c -I../Core/Inc -I../Drivers/STM32F1xx_HAL_Driver/Inc/Legacy -I../Drivers/STM32F1xx_HAL_Driver/Inc -I../Drivers/CMSIS/Device/ST/STM32F1xx/Include -I../Drivers/CMSIS/Include -I../FATFS/Target -I../FATFS/App -I../Middlewares/Third_Party/FatFs/src -I../Middlewares/Third_Party/FatFs/src/drivers -O0 -ffunction-sections -fdata-sections -Wall -fstack-usage -MMD -MP -MF"Core/Src/main.d" -MT"Core/Src/main.o" --specs=nano.specs -mfloat-abi=soft -mthumb -o "Core/Src/main.o"
In file included from ../Core/Src/main.c:28:
../Core/Inc/fileBuff.h: In function 'initFileHeader':
../Core/Inc/fileBuff.h:71:80: warning: pointer targets in passing argument 4 of 'f_read' differ in signedness [-Wpointer-sign]
   71 |  return f_read(&(fileStruct->file), &(fileStruct->header), sizeof(WAV_HEADER), &bytes_read);
      |                                                                                ^~~~~~~~~~~
      |                                                                                |
      |                                                                                int *
In file included from ../FATFS/App/fatfs.h:26,
                 from ../Core/Src/main.c:21:
../Middlewares/Third_Party/FatFs/src/ff.h:228:54: note: expected 'UINT *' {aka 'unsigned int *'} but argument is of type 'int *'
  228 | FRESULT f_read (FIL* fp, void* buff, UINT btr, UINT* br);   /* Read data from a file */
      |                                                ~~~~~~^~
In file included from ../Core/Src/main.c:28:
../Core/Inc/fileBuff.h: In function 'readFile':
../Core/Inc/fileBuff.h:79:84: warning: passing argument 4 of 'f_read' from incompatible pointer type [-Wincompatible-pointer-types]
   79 |   FRESULT res = f_read(&(f->file), f->structs[f->currWriting].data.raw, BUFF_SIZE, &(f->structs[f->currWriting].buffSize));
      |                                                                                    ^~~~~~~~~~~~~~~~~~~~~~~~~~~~~~~~~~~~~~
      |                                                                                    |
      |                                                                                    uint16_t * {aka short unsigned int *}
In file included from ../FATFS/App/fatfs.h:26,
                 from ../Core/Src/main.c:21:
../Middlewares/Third_Party/FatFs/src/ff.h:228:54: note: expected 'UINT *' {aka 'unsigned int *'} but argument is of type 'uint16_t *' {aka 'short unsigned int *'}
  228 | FRESULT f_read (FIL* fp, void* buff, UINT btr, UINT* br);   /* Read data from a file */
      |                                                ~~~~~~^~
../Core/Src/main.c: In function 'error_handler':
../Core/Src/main.c:78:3: warning: implicit declaration of function 'sprintf' [-Wimplicit-function-declaration]
   78 |   sprintf(buff, "%d %s", res, msg);
      |   ^~~~~~~
../Core/Src/main.c:78:3: warning: incompatible implicit declaration of built-in function 'sprintf'
../Core/Src/main.c:29:1: note: include '<stdio.h>' or provide a declaration of 'sprintf'
   28 | #include "fileBuff.h"
  +++ |+#include <stdio.h>
   29 | /* USER CODE END Includes */
../Core/Src/main.c: In function 'display_success':
../Core/Src/main.c:84:3: warning: incompatible implicit declaration of built-in function 'sprintf'
   84 |   sprintf(buff, "%d %s", num, msg);
      |   ^~~~~~~
../Core/Src/main.c:84:3: note: include '<stdio.h>' or provide a declaration of 'sprintf'
../Core/Src/main.c: In function 'main':
../Core/Src/main.c:168:5: warning: incompatible implicit declaration of built-in function 'sprintf'
  168 |     sprintf(buff, "%d no more :(", res);
      |     ^~~~~~~
../Core/Src/main.c:168:5: note: include '<stdio.h>' or provide a declaration of 'sprintf'
../Core/Src/main.c:192:5: warning: incompatible implicit declaration of built-in function 'sprintf'
  192 |     sprintf(buff, "hertz: %d", header->sampleFreq);
      |     ^~~~~~~
../Core/Src/main.c:192:5: note: include '<stdio.h>' or provide a declaration of 'sprintf'
../Core/Src/main.c:192:28: warning: format '%d' expects argument of type 'int', but argument 3 has type 'uint32_t' {aka 'long unsigned int'} [-Wformat=]
  192 |     sprintf(buff, "hertz: %d", header->sampleFreq);
      |                           ~^   ~~~~~~~~~~~~~~~~~~
      |                            |         |
      |                            int       uint32_t {aka long unsigned int}
      |                           %ld
../Core/Src/main.c:198:27: warning: format '%d' expects argument of type 'int', but argument 3 has type 'uint32_t' {aka 'long unsigned int'} [-Wformat=]
  198 |     sprintf(buff, "data: %d", header->dataChunkLength);
      |                          ~^   ~~~~~~~~~~~~~~~~~~~~~~~
      |                           |         |
      |                           int       uint32_t {aka long unsigned int}
      |                          %ld
../Core/Src/main.c:264:11: warning: unused variable 'sample_sum' [-Wunused-variable]
  264 |   int16_t sample_sum = 0;
      |           ^~~~~~~~~~
In file included from ../Core/Src/main.c:28:
../Core/Inc/fileBuff.h: In function 'readSample':
../Core/Inc/fileBuff.h:106:1: warning: control reaches end of non-void function [-Wreturn-type]
  106 | }
      | ^
arm-none-eabi-gcc -o "AUDIO.elf" @"objects.list"   -mcpu=cortex-m3 -T"C:\Users\pinkp\Documents\GitHub\ELEC3300-Project\AUDIO\STM32F103VETX_FLASH.ld" --specs=nosys.specs -Wl,-Map="AUDIO.map" -Wl,--gc-sections -static --specs=nano.specs -mfloat-abi=soft -mthumb -Wl,--start-group -lc -lm -Wl,--end-group
Finished building target: AUDIO.elf
 
arm-none-eabi-size   AUDIO.elf 
arm-none-eabi-objdump -h -S  AUDIO.elf  > "AUDIO.list"
   text	   data	    bss	    dec	    hex	filename
  41252	    120	   8336	  49708	   c22c	AUDIO.elf
Finished building: default.size.stdout
 
Finished building: AUDIO.list
 
14:58:24 **** Incremental Build of configuration Debug for project AUDIO ****
make -j16 all 
arm-none-eabi-gcc "../Core/Src/main.c" -mcpu=cortex-m3 -std=gnu11 -g3 -DDEBUG -DUSE_HAL_DRIVER -DSTM32F103xE -c -I../Core/Inc -I../Drivers/STM32F1xx_HAL_Driver/Inc/Legacy -I../Drivers/STM32F1xx_HAL_Driver/Inc -I../Drivers/CMSIS/Device/ST/STM32F1xx/Include -I../Drivers/CMSIS/Include -I../FATFS/Target -I../FATFS/App -I../Middlewares/Third_Party/FatFs/src -I../Middlewares/Third_Party/FatFs/src/drivers -O0 -ffunction-sections -fdata-sections -Wall -fstack-usage -MMD -MP -MF"Core/Src/main.d" -MT"Core/Src/main.o" --specs=nano.specs -mfloat-abi=soft -mthumb -o "Core/Src/main.o"
In file included from ../Core/Src/main.c:28:
../Core/Inc/fileBuff.h: In function 'initFileHeader':
../Core/Inc/fileBuff.h:71:80: warning: pointer targets in passing argument 4 of 'f_read' differ in signedness [-Wpointer-sign]
   71 |  return f_read(&(fileStruct->file), &(fileStruct->header), sizeof(WAV_HEADER), &bytes_read);
      |                                                                                ^~~~~~~~~~~
      |                                                                                |
      |                                                                                int *
In file included from ../FATFS/App/fatfs.h:26,
                 from ../Core/Src/main.c:21:
../Middlewares/Third_Party/FatFs/src/ff.h:228:54: note: expected 'UINT *' {aka 'unsigned int *'} but argument is of type 'int *'
  228 | FRESULT f_read (FIL* fp, void* buff, UINT btr, UINT* br);   /* Read data from a file */
      |                                                ~~~~~~^~
In file included from ../Core/Src/main.c:28:
../Core/Inc/fileBuff.h: In function 'readFile':
../Core/Inc/fileBuff.h:79:84: warning: passing argument 4 of 'f_read' from incompatible pointer type [-Wincompatible-pointer-types]
   79 |   FRESULT res = f_read(&(f->file), f->structs[f->currWriting].data.raw, BUFF_SIZE, &(f->structs[f->currWriting].buffSize));
      |                                                                                    ^~~~~~~~~~~~~~~~~~~~~~~~~~~~~~~~~~~~~~
      |                                                                                    |
      |                                                                                    uint16_t * {aka short unsigned int *}
In file included from ../FATFS/App/fatfs.h:26,
                 from ../Core/Src/main.c:21:
../Middlewares/Third_Party/FatFs/src/ff.h:228:54: note: expected 'UINT *' {aka 'unsigned int *'} but argument is of type 'uint16_t *' {aka 'short unsigned int *'}
  228 | FRESULT f_read (FIL* fp, void* buff, UINT btr, UINT* br);   /* Read data from a file */
      |                                                ~~~~~~^~
../Core/Src/main.c: In function 'error_handler':
../Core/Src/main.c:78:3: warning: implicit declaration of function 'sprintf' [-Wimplicit-function-declaration]
   78 |   sprintf(buff, "%d %s", res, msg);
      |   ^~~~~~~
../Core/Src/main.c:78:3: warning: incompatible implicit declaration of built-in function 'sprintf'
../Core/Src/main.c:29:1: note: include '<stdio.h>' or provide a declaration of 'sprintf'
   28 | #include "fileBuff.h"
  +++ |+#include <stdio.h>
   29 | /* USER CODE END Includes */
../Core/Src/main.c: In function 'display_success':
../Core/Src/main.c:84:3: warning: incompatible implicit declaration of built-in function 'sprintf'
   84 |   sprintf(buff, "%d %s", num, msg);
      |   ^~~~~~~
../Core/Src/main.c:84:3: note: include '<stdio.h>' or provide a declaration of 'sprintf'
../Core/Src/main.c: In function 'main':
../Core/Src/main.c:168:5: warning: incompatible implicit declaration of built-in function 'sprintf'
  168 |     sprintf(buff, "%d no more :(", res);
      |     ^~~~~~~
../Core/Src/main.c:168:5: note: include '<stdio.h>' or provide a declaration of 'sprintf'
../Core/Src/main.c:192:5: warning: incompatible implicit declaration of built-in function 'sprintf'
  192 |     sprintf(buff, "hertz: %d", header->sampleFreq);
      |     ^~~~~~~
../Core/Src/main.c:192:5: note: include '<stdio.h>' or provide a declaration of 'sprintf'
../Core/Src/main.c:192:28: warning: format '%d' expects argument of type 'int', but argument 3 has type 'uint32_t' {aka 'long unsigned int'} [-Wformat=]
  192 |     sprintf(buff, "hertz: %d", header->sampleFreq);
      |                           ~^   ~~~~~~~~~~~~~~~~~~
      |                            |         |
      |                            int       uint32_t {aka long unsigned int}
      |                           %ld
../Core/Src/main.c:198:27: warning: format '%d' expects argument of type 'int', but argument 3 has type 'uint32_t' {aka 'long unsigned int'} [-Wformat=]
  198 |     sprintf(buff, "data: %d", header->dataChunkLength);
      |                          ~^   ~~~~~~~~~~~~~~~~~~~~~~~
      |                           |         |
      |                           int       uint32_t {aka long unsigned int}
      |                          %ld
../Core/Src/main.c:264:11: warning: unused variable 'sample_sum' [-Wunused-variable]
  264 |   int16_t sample_sum = 0;
      |           ^~~~~~~~~~
In file included from ../Core/Src/main.c:28:
../Core/Inc/fileBuff.h: In function 'readSample':
../Core/Inc/fileBuff.h:107:1: warning: control reaches end of non-void function [-Wreturn-type]
  107 | }
      | ^
arm-none-eabi-gcc -o "AUDIO.elf" @"objects.list"   -mcpu=cortex-m3 -T"C:\Users\pinkp\Documents\GitHub\ELEC3300-Project\AUDIO\STM32F103VETX_FLASH.ld" --specs=nosys.specs -Wl,-Map="AUDIO.map" -Wl,--gc-sections -static --specs=nano.specs -mfloat-abi=soft -mthumb -Wl,--start-group -lc -lm -Wl,--end-group
Finished building target: AUDIO.elf
 
arm-none-eabi-size   AUDIO.elf 
arm-none-eabi-objdump -h -S  AUDIO.elf  > "AUDIO.list"
   text	   data	    bss	    dec	    hex	filename
  41300	    120	   8336	  49756	   c25c	AUDIO.elf
Finished building: default.size.stdout
 
Finished building: AUDIO.list
 
14:59:35 **** Incremental Build of configuration Debug for project AUDIO ****
make -j16 all 
arm-none-eabi-gcc "../Core/Src/main.c" -mcpu=cortex-m3 -std=gnu11 -g3 -DDEBUG -DUSE_HAL_DRIVER -DSTM32F103xE -c -I../Core/Inc -I../Drivers/STM32F1xx_HAL_Driver/Inc/Legacy -I../Drivers/STM32F1xx_HAL_Driver/Inc -I../Drivers/CMSIS/Device/ST/STM32F1xx/Include -I../Drivers/CMSIS/Include -I../FATFS/Target -I../FATFS/App -I../Middlewares/Third_Party/FatFs/src -I../Middlewares/Third_Party/FatFs/src/drivers -O0 -ffunction-sections -fdata-sections -Wall -fstack-usage -MMD -MP -MF"Core/Src/main.d" -MT"Core/Src/main.o" --specs=nano.specs -mfloat-abi=soft -mthumb -o "Core/Src/main.o"
In file included from ../Core/Src/main.c:28:
../Core/Inc/fileBuff.h: In function 'initFileHeader':
../Core/Inc/fileBuff.h:71:80: warning: pointer targets in passing argument 4 of 'f_read' differ in signedness [-Wpointer-sign]
   71 |  return f_read(&(fileStruct->file), &(fileStruct->header), sizeof(WAV_HEADER), &bytes_read);
      |                                                                                ^~~~~~~~~~~
      |                                                                                |
      |                                                                                int *
In file included from ../FATFS/App/fatfs.h:26,
                 from ../Core/Src/main.c:21:
../Middlewares/Third_Party/FatFs/src/ff.h:228:54: note: expected 'UINT *' {aka 'unsigned int *'} but argument is of type 'int *'
  228 | FRESULT f_read (FIL* fp, void* buff, UINT btr, UINT* br);   /* Read data from a file */
      |                                                ~~~~~~^~
In file included from ../Core/Src/main.c:28:
../Core/Inc/fileBuff.h: In function 'readFile':
../Core/Inc/fileBuff.h:79:84: warning: passing argument 4 of 'f_read' from incompatible pointer type [-Wincompatible-pointer-types]
   79 |   FRESULT res = f_read(&(f->file), f->structs[f->currWriting].data.raw, BUFF_SIZE, &(f->structs[f->currWriting].buffSize));
      |                                                                                    ^~~~~~~~~~~~~~~~~~~~~~~~~~~~~~~~~~~~~~
      |                                                                                    |
      |                                                                                    uint16_t * {aka short unsigned int *}
In file included from ../FATFS/App/fatfs.h:26,
                 from ../Core/Src/main.c:21:
../Middlewares/Third_Party/FatFs/src/ff.h:228:54: note: expected 'UINT *' {aka 'unsigned int *'} but argument is of type 'uint16_t *' {aka 'short unsigned int *'}
  228 | FRESULT f_read (FIL* fp, void* buff, UINT btr, UINT* br);   /* Read data from a file */
      |                                                ~~~~~~^~
In file included from ../Core/Src/main.c:28:
../Core/Inc/fileBuff.h:81:3: warning: implicit declaration of function 'sprintf' [-Wimplicit-function-declaration]
   81 |   sprintf(buff, "res: %d, buff: %d", res, f->structs[f->currWriting].buffSize);
      |   ^~~~~~~
../Core/Inc/fileBuff.h:81:3: warning: incompatible implicit declaration of built-in function 'sprintf'
../Core/Inc/fileBuff.h:3:1: note: include '<stdio.h>' or provide a declaration of 'sprintf'
    2 | #include "wav.h"
  +++ |+#include <stdio.h>
    3 | #define BUFF_SIZE (1000)
../Core/Src/main.c: In function 'error_handler':
../Core/Src/main.c:78:3: warning: incompatible implicit declaration of built-in function 'sprintf'
   78 |   sprintf(buff, "%d %s", res, msg);
      |   ^~~~~~~
../Core/Src/main.c:29:1: note: include '<stdio.h>' or provide a declaration of 'sprintf'
   28 | #include "fileBuff.h"
  +++ |+#include <stdio.h>
   29 | /* USER CODE END Includes */
../Core/Src/main.c: In function 'display_success':
../Core/Src/main.c:84:3: warning: incompatible implicit declaration of built-in function 'sprintf'
   84 |   sprintf(buff, "%d %s", num, msg);
      |   ^~~~~~~
../Core/Src/main.c:84:3: note: include '<stdio.h>' or provide a declaration of 'sprintf'
../Core/Src/main.c: In function 'main':
../Core/Src/main.c:168:5: warning: incompatible implicit declaration of built-in function 'sprintf'
  168 |     sprintf(buff, "%d no more :(", res);
      |     ^~~~~~~
../Core/Src/main.c:168:5: note: include '<stdio.h>' or provide a declaration of 'sprintf'
../Core/Src/main.c:192:5: warning: incompatible implicit declaration of built-in function 'sprintf'
  192 |     sprintf(buff, "hertz: %d", header->sampleFreq);
      |     ^~~~~~~
../Core/Src/main.c:192:5: note: include '<stdio.h>' or provide a declaration of 'sprintf'
../Core/Src/main.c:192:28: warning: format '%d' expects argument of type 'int', but argument 3 has type 'uint32_t' {aka 'long unsigned int'} [-Wformat=]
  192 |     sprintf(buff, "hertz: %d", header->sampleFreq);
      |                           ~^   ~~~~~~~~~~~~~~~~~~
      |                            |         |
      |                            int       uint32_t {aka long unsigned int}
      |                           %ld
../Core/Src/main.c:198:27: warning: format '%d' expects argument of type 'int', but argument 3 has type 'uint32_t' {aka 'long unsigned int'} [-Wformat=]
  198 |     sprintf(buff, "data: %d", header->dataChunkLength);
      |                          ~^   ~~~~~~~~~~~~~~~~~~~~~~~
      |                           |         |
      |                           int       uint32_t {aka long unsigned int}
      |                          %ld
../Core/Src/main.c:264:11: warning: unused variable 'sample_sum' [-Wunused-variable]
  264 |   int16_t sample_sum = 0;
      |           ^~~~~~~~~~
In file included from ../Core/Src/main.c:28:
../Core/Inc/fileBuff.h: In function 'readSample':
../Core/Inc/fileBuff.h:109:1: warning: control reaches end of non-void function [-Wreturn-type]
  109 | }
      | ^
arm-none-eabi-gcc -o "AUDIO.elf" @"objects.list"   -mcpu=cortex-m3 -T"C:\Users\pinkp\Documents\GitHub\ELEC3300-Project\AUDIO\STM32F103VETX_FLASH.ld" --specs=nosys.specs -Wl,-Map="AUDIO.map" -Wl,--gc-sections -static --specs=nano.specs -mfloat-abi=soft -mthumb -Wl,--start-group -lc -lm -Wl,--end-group
Finished building target: AUDIO.elf
 
arm-none-eabi-size   AUDIO.elf 
arm-none-eabi-objdump -h -S  AUDIO.elf  > "AUDIO.list"
   text	   data	    bss	    dec	    hex	filename
  41348	    120	   8336	  49804	   c28c	AUDIO.elf
Finished building: default.size.stdout
 
Finished building: AUDIO.list
 
15:02:20 **** Incremental Build of configuration Debug for project AUDIO ****
make -j16 all 
arm-none-eabi-gcc "../Core/Src/main.c" -mcpu=cortex-m3 -std=gnu11 -g3 -DDEBUG -DUSE_HAL_DRIVER -DSTM32F103xE -c -I../Core/Inc -I../Drivers/STM32F1xx_HAL_Driver/Inc/Legacy -I../Drivers/STM32F1xx_HAL_Driver/Inc -I../Drivers/CMSIS/Device/ST/STM32F1xx/Include -I../Drivers/CMSIS/Include -I../FATFS/Target -I../FATFS/App -I../Middlewares/Third_Party/FatFs/src -I../Middlewares/Third_Party/FatFs/src/drivers -O0 -ffunction-sections -fdata-sections -Wall -fstack-usage -MMD -MP -MF"Core/Src/main.d" -MT"Core/Src/main.o" --specs=nano.specs -mfloat-abi=soft -mthumb -o "Core/Src/main.o"
In file included from ../Core/Src/main.c:28:
../Core/Inc/fileBuff.h: In function 'initFileHeader':
../Core/Inc/fileBuff.h:71:80: warning: pointer targets in passing argument 4 of 'f_read' differ in signedness [-Wpointer-sign]
   71 |  return f_read(&(fileStruct->file), &(fileStruct->header), sizeof(WAV_HEADER), &bytes_read);
      |                                                                                ^~~~~~~~~~~
      |                                                                                |
      |                                                                                int *
In file included from ../FATFS/App/fatfs.h:26,
                 from ../Core/Src/main.c:21:
../Middlewares/Third_Party/FatFs/src/ff.h:228:54: note: expected 'UINT *' {aka 'unsigned int *'} but argument is of type 'int *'
  228 | FRESULT f_read (FIL* fp, void* buff, UINT btr, UINT* br);   /* Read data from a file */
      |                                                ~~~~~~^~
In file included from ../Core/Src/main.c:28:
../Core/Inc/fileBuff.h: In function 'readFile':
../Core/Inc/fileBuff.h:79:84: warning: passing argument 4 of 'f_read' from incompatible pointer type [-Wincompatible-pointer-types]
   79 |   FRESULT res = f_read(&(f->file), f->structs[f->currWriting].data.raw, BUFF_SIZE, &(f->structs[f->currWriting].buffSize));
      |                                                                                    ^~~~~~~~~~~~~~~~~~~~~~~~~~~~~~~~~~~~~~
      |                                                                                    |
      |                                                                                    uint16_t * {aka short unsigned int *}
In file included from ../FATFS/App/fatfs.h:26,
                 from ../Core/Src/main.c:21:
../Middlewares/Third_Party/FatFs/src/ff.h:228:54: note: expected 'UINT *' {aka 'unsigned int *'} but argument is of type 'uint16_t *' {aka 'short unsigned int *'}
  228 | FRESULT f_read (FIL* fp, void* buff, UINT btr, UINT* br);   /* Read data from a file */
      |                                                ~~~~~~^~
In file included from ../Core/Src/main.c:28:
../Core/Inc/fileBuff.h:81:3: warning: implicit declaration of function 'sprintf' [-Wimplicit-function-declaration]
   81 |   sprintf(buff, "res: %d, buff: %d, %d", res, f->structs[f->currWriting].buffSize, HAL_GetTicks() % 100);
      |   ^~~~~~~
../Core/Inc/fileBuff.h:81:3: warning: incompatible implicit declaration of built-in function 'sprintf'
../Core/Inc/fileBuff.h:3:1: note: include '<stdio.h>' or provide a declaration of 'sprintf'
    2 | #include "wav.h"
  +++ |+#include <stdio.h>
    3 | #define BUFF_SIZE (1000)
../Core/Inc/fileBuff.h:81:84: warning: implicit declaration of function 'HAL_GetTicks'; did you mean 'HAL_GetTick'? [-Wimplicit-function-declaration]
   81 |   sprintf(buff, "res: %d, buff: %d, %d", res, f->structs[f->currWriting].buffSize, HAL_GetTicks() % 100);
      |                                                                                    ^~~~~~~~~~~~
      |                                                                                    HAL_GetTick
../Core/Src/main.c: In function 'error_handler':
../Core/Src/main.c:78:3: warning: incompatible implicit declaration of built-in function 'sprintf'
   78 |   sprintf(buff, "%d %s", res, msg);
      |   ^~~~~~~
../Core/Src/main.c:29:1: note: include '<stdio.h>' or provide a declaration of 'sprintf'
   28 | #include "fileBuff.h"
  +++ |+#include <stdio.h>
   29 | /* USER CODE END Includes */
../Core/Src/main.c: In function 'display_success':
../Core/Src/main.c:84:3: warning: incompatible implicit declaration of built-in function 'sprintf'
   84 |   sprintf(buff, "%d %s", num, msg);
      |   ^~~~~~~
../Core/Src/main.c:84:3: note: include '<stdio.h>' or provide a declaration of 'sprintf'
../Core/Src/main.c: In function 'main':
../Core/Src/main.c:168:5: warning: incompatible implicit declaration of built-in function 'sprintf'
  168 |     sprintf(buff, "%d no more :(", res);
      |     ^~~~~~~
../Core/Src/main.c:168:5: note: include '<stdio.h>' or provide a declaration of 'sprintf'
../Core/Src/main.c:192:5: warning: incompatible implicit declaration of built-in function 'sprintf'
  192 |     sprintf(buff, "hertz: %d", header->sampleFreq);
      |     ^~~~~~~
../Core/Src/main.c:192:5: note: include '<stdio.h>' or provide a declaration of 'sprintf'
../Core/Src/main.c:192:28: warning: format '%d' expects argument of type 'int', but argument 3 has type 'uint32_t' {aka 'long unsigned int'} [-Wformat=]
  192 |     sprintf(buff, "hertz: %d", header->sampleFreq);
      |                           ~^   ~~~~~~~~~~~~~~~~~~
      |                            |         |
      |                            int       uint32_t {aka long unsigned int}
      |                           %ld
../Core/Src/main.c:198:27: warning: format '%d' expects argument of type 'int', but argument 3 has type 'uint32_t' {aka 'long unsigned int'} [-Wformat=]
  198 |     sprintf(buff, "data: %d", header->dataChunkLength);
      |                          ~^   ~~~~~~~~~~~~~~~~~~~~~~~
      |                           |         |
      |                           int       uint32_t {aka long unsigned int}
      |                          %ld
../Core/Src/main.c:264:11: warning: unused variable 'sample_sum' [-Wunused-variable]
  264 |   int16_t sample_sum = 0;
      |           ^~~~~~~~~~
In file included from ../Core/Src/main.c:28:
../Core/Inc/fileBuff.h: In function 'readSample':
../Core/Inc/fileBuff.h:109:1: warning: control reaches end of non-void function [-Wreturn-type]
  109 | }
      | ^
arm-none-eabi-gcc -o "AUDIO.elf" @"objects.list"   -mcpu=cortex-m3 -T"C:\Users\pinkp\Documents\GitHub\ELEC3300-Project\AUDIO\STM32F103VETX_FLASH.ld" --specs=nosys.specs -Wl,-Map="AUDIO.map" -Wl,--gc-sections -static --specs=nano.specs -mfloat-abi=soft -mthumb -Wl,--start-group -lc -lm -Wl,--end-group
c:\st\stm32cubeide_1.10.1\stm32cubeide\plugins\com.st.stm32cube.ide.mcu.externaltools.gnu-tools-for-stm32.10.3-2021.10.win32_1.0.0.202111181127\tools\arm-none-eabi\bin\ld.exe: ./Core/Src/main.o: in function `readFile':
C:/Users/pinkp/Documents/GitHub/ELEC3300-Project/AUDIO/Debug/../Core/Inc/fileBuff.h:81: undefined reference to `HAL_GetTicks'
collect2.exe: error: ld returned 1 exit status
make: *** [makefile:69: AUDIO.elf] Error 1
"make -j16 all" terminated with exit code 2. Build might be incomplete.
15:02:31 **** Incremental Build of configuration Debug for project AUDIO ****
make -j16 all 
arm-none-eabi-gcc "../Core/Src/main.c" -mcpu=cortex-m3 -std=gnu11 -g3 -DDEBUG -DUSE_HAL_DRIVER -DSTM32F103xE -c -I../Core/Inc -I../Drivers/STM32F1xx_HAL_Driver/Inc/Legacy -I../Drivers/STM32F1xx_HAL_Driver/Inc -I../Drivers/CMSIS/Device/ST/STM32F1xx/Include -I../Drivers/CMSIS/Include -I../FATFS/Target -I../FATFS/App -I../Middlewares/Third_Party/FatFs/src -I../Middlewares/Third_Party/FatFs/src/drivers -O0 -ffunction-sections -fdata-sections -Wall -fstack-usage -MMD -MP -MF"Core/Src/main.d" -MT"Core/Src/main.o" --specs=nano.specs -mfloat-abi=soft -mthumb -o "Core/Src/main.o"
In file included from ../Core/Src/main.c:28:
../Core/Inc/fileBuff.h: In function 'initFileHeader':
../Core/Inc/fileBuff.h:71:80: warning: pointer targets in passing argument 4 of 'f_read' differ in signedness [-Wpointer-sign]
   71 |  return f_read(&(fileStruct->file), &(fileStruct->header), sizeof(WAV_HEADER), &bytes_read);
      |                                                                                ^~~~~~~~~~~
      |                                                                                |
      |                                                                                int *
In file included from ../FATFS/App/fatfs.h:26,
                 from ../Core/Src/main.c:21:
../Middlewares/Third_Party/FatFs/src/ff.h:228:54: note: expected 'UINT *' {aka 'unsigned int *'} but argument is of type 'int *'
  228 | FRESULT f_read (FIL* fp, void* buff, UINT btr, UINT* br);   /* Read data from a file */
      |                                                ~~~~~~^~
In file included from ../Core/Src/main.c:28:
../Core/Inc/fileBuff.h: In function 'readFile':
../Core/Inc/fileBuff.h:79:84: warning: passing argument 4 of 'f_read' from incompatible pointer type [-Wincompatible-pointer-types]
   79 |   FRESULT res = f_read(&(f->file), f->structs[f->currWriting].data.raw, BUFF_SIZE, &(f->structs[f->currWriting].buffSize));
      |                                                                                    ^~~~~~~~~~~~~~~~~~~~~~~~~~~~~~~~~~~~~~
      |                                                                                    |
      |                                                                                    uint16_t * {aka short unsigned int *}
In file included from ../FATFS/App/fatfs.h:26,
                 from ../Core/Src/main.c:21:
../Middlewares/Third_Party/FatFs/src/ff.h:228:54: note: expected 'UINT *' {aka 'unsigned int *'} but argument is of type 'uint16_t *' {aka 'short unsigned int *'}
  228 | FRESULT f_read (FIL* fp, void* buff, UINT btr, UINT* br);   /* Read data from a file */
      |                                                ~~~~~~^~
In file included from ../Core/Src/main.c:28:
../Core/Inc/fileBuff.h:81:3: warning: implicit declaration of function 'sprintf' [-Wimplicit-function-declaration]
   81 |   sprintf(buff, "res: %d, buff: %d, %d", res, f->structs[f->currWriting].buffSize, HAL_GetTick() % 1000);
      |   ^~~~~~~
../Core/Inc/fileBuff.h:81:3: warning: incompatible implicit declaration of built-in function 'sprintf'
../Core/Inc/fileBuff.h:3:1: note: include '<stdio.h>' or provide a declaration of 'sprintf'
    2 | #include "wav.h"
  +++ |+#include <stdio.h>
    3 | #define BUFF_SIZE (1000)
../Core/Inc/fileBuff.h:81:38: warning: format '%d' expects argument of type 'int', but argument 5 has type 'long unsigned int' [-Wformat=]
   81 |   sprintf(buff, "res: %d, buff: %d, %d", res, f->structs[f->currWriting].buffSize, HAL_GetTick() % 1000);
      |                                     ~^                                             ~~~~~~~~~~~~~~~~~~~~
      |                                      |                                                           |
      |                                      int                                                         long unsigned int
      |                                     %ld
../Core/Src/main.c: In function 'error_handler':
../Core/Src/main.c:78:3: warning: incompatible implicit declaration of built-in function 'sprintf'
   78 |   sprintf(buff, "%d %s", res, msg);
      |   ^~~~~~~
../Core/Src/main.c:29:1: note: include '<stdio.h>' or provide a declaration of 'sprintf'
   28 | #include "fileBuff.h"
  +++ |+#include <stdio.h>
   29 | /* USER CODE END Includes */
../Core/Src/main.c: In function 'display_success':
../Core/Src/main.c:84:3: warning: incompatible implicit declaration of built-in function 'sprintf'
   84 |   sprintf(buff, "%d %s", num, msg);
      |   ^~~~~~~
../Core/Src/main.c:84:3: note: include '<stdio.h>' or provide a declaration of 'sprintf'
../Core/Src/main.c: In function 'main':
../Core/Src/main.c:168:5: warning: incompatible implicit declaration of built-in function 'sprintf'
  168 |     sprintf(buff, "%d no more :(", res);
      |     ^~~~~~~
../Core/Src/main.c:168:5: note: include '<stdio.h>' or provide a declaration of 'sprintf'
../Core/Src/main.c:192:5: warning: incompatible implicit declaration of built-in function 'sprintf'
  192 |     sprintf(buff, "hertz: %d", header->sampleFreq);
      |     ^~~~~~~
../Core/Src/main.c:192:5: note: include '<stdio.h>' or provide a declaration of 'sprintf'
../Core/Src/main.c:192:28: warning: format '%d' expects argument of type 'int', but argument 3 has type 'uint32_t' {aka 'long unsigned int'} [-Wformat=]
  192 |     sprintf(buff, "hertz: %d", header->sampleFreq);
      |                           ~^   ~~~~~~~~~~~~~~~~~~
      |                            |         |
      |                            int       uint32_t {aka long unsigned int}
      |                           %ld
../Core/Src/main.c:198:27: warning: format '%d' expects argument of type 'int', but argument 3 has type 'uint32_t' {aka 'long unsigned int'} [-Wformat=]
  198 |     sprintf(buff, "data: %d", header->dataChunkLength);
      |                          ~^   ~~~~~~~~~~~~~~~~~~~~~~~
      |                           |         |
      |                           int       uint32_t {aka long unsigned int}
      |                          %ld
../Core/Src/main.c:264:11: warning: unused variable 'sample_sum' [-Wunused-variable]
  264 |   int16_t sample_sum = 0;
      |           ^~~~~~~~~~
In file included from ../Core/Src/main.c:28:
../Core/Inc/fileBuff.h: In function 'readSample':
../Core/Inc/fileBuff.h:109:1: warning: control reaches end of non-void function [-Wreturn-type]
  109 | }
      | ^
arm-none-eabi-gcc -o "AUDIO.elf" @"objects.list"   -mcpu=cortex-m3 -T"C:\Users\pinkp\Documents\GitHub\ELEC3300-Project\AUDIO\STM32F103VETX_FLASH.ld" --specs=nosys.specs -Wl,-Map="AUDIO.map" -Wl,--gc-sections -static --specs=nano.specs -mfloat-abi=soft -mthumb -Wl,--start-group -lc -lm -Wl,--end-group
Finished building target: AUDIO.elf
 
arm-none-eabi-size   AUDIO.elf 
arm-none-eabi-objdump -h -S  AUDIO.elf  > "AUDIO.list"
   text	   data	    bss	    dec	    hex	filename
  41388	    120	   8336	  49844	   c2b4	AUDIO.elf
Finished building: default.size.stdout
 
Finished building: AUDIO.list
 
15:03:31 **** Incremental Build of configuration Debug for project AUDIO ****
make -j16 all 
arm-none-eabi-gcc "../Core/Src/main.c" -mcpu=cortex-m3 -std=gnu11 -g3 -DDEBUG -DUSE_HAL_DRIVER -DSTM32F103xE -c -I../Core/Inc -I../Drivers/STM32F1xx_HAL_Driver/Inc/Legacy -I../Drivers/STM32F1xx_HAL_Driver/Inc -I../Drivers/CMSIS/Device/ST/STM32F1xx/Include -I../Drivers/CMSIS/Include -I../FATFS/Target -I../FATFS/App -I../Middlewares/Third_Party/FatFs/src -I../Middlewares/Third_Party/FatFs/src/drivers -O0 -ffunction-sections -fdata-sections -Wall -fstack-usage -MMD -MP -MF"Core/Src/main.d" -MT"Core/Src/main.o" --specs=nano.specs -mfloat-abi=soft -mthumb -o "Core/Src/main.o"
In file included from ../Core/Src/main.c:28:
../Core/Inc/fileBuff.h: In function 'initFileHeader':
../Core/Inc/fileBuff.h:71:80: warning: pointer targets in passing argument 4 of 'f_read' differ in signedness [-Wpointer-sign]
   71 |  return f_read(&(fileStruct->file), &(fileStruct->header), sizeof(WAV_HEADER), &bytes_read);
      |                                                                                ^~~~~~~~~~~
      |                                                                                |
      |                                                                                int *
In file included from ../FATFS/App/fatfs.h:26,
                 from ../Core/Src/main.c:21:
../Middlewares/Third_Party/FatFs/src/ff.h:228:54: note: expected 'UINT *' {aka 'unsigned int *'} but argument is of type 'int *'
  228 | FRESULT f_read (FIL* fp, void* buff, UINT btr, UINT* br);   /* Read data from a file */
      |                                                ~~~~~~^~
In file included from ../Core/Src/main.c:28:
../Core/Inc/fileBuff.h: In function 'readFile':
../Core/Inc/fileBuff.h:79:84: warning: passing argument 4 of 'f_read' from incompatible pointer type [-Wincompatible-pointer-types]
   79 |   FRESULT res = f_read(&(f->file), f->structs[f->currWriting].data.raw, BUFF_SIZE, &(f->structs[f->currWriting].buffSize));
      |                                                                                    ^~~~~~~~~~~~~~~~~~~~~~~~~~~~~~~~~~~~~~
      |                                                                                    |
      |                                                                                    uint16_t * {aka short unsigned int *}
In file included from ../FATFS/App/fatfs.h:26,
                 from ../Core/Src/main.c:21:
../Middlewares/Third_Party/FatFs/src/ff.h:228:54: note: expected 'UINT *' {aka 'unsigned int *'} but argument is of type 'uint16_t *' {aka 'short unsigned int *'}
  228 | FRESULT f_read (FIL* fp, void* buff, UINT btr, UINT* br);   /* Read data from a file */
      |                                                ~~~~~~^~
In file included from ../Core/Src/main.c:28:
../Core/Inc/fileBuff.h:81:3: warning: implicit declaration of function 'sprintf' [-Wimplicit-function-declaration]
   81 |   sprintf(buff, "res: %2d, buff: %4d, %4d", res, f->structs[f->currWriting].buffSize, HAL_GetTick() % 1000);
      |   ^~~~~~~
../Core/Inc/fileBuff.h:81:3: warning: incompatible implicit declaration of built-in function 'sprintf'
../Core/Inc/fileBuff.h:3:1: note: include '<stdio.h>' or provide a declaration of 'sprintf'
    2 | #include "wav.h"
  +++ |+#include <stdio.h>
    3 | #define BUFF_SIZE (1000)
../Core/Inc/fileBuff.h:81:41: warning: format '%d' expects argument of type 'int', but argument 5 has type 'long unsigned int' [-Wformat=]
   81 |   sprintf(buff, "res: %2d, buff: %4d, %4d", res, f->structs[f->currWriting].buffSize, HAL_GetTick() % 1000);
      |                                       ~~^                                             ~~~~~~~~~~~~~~~~~~~~
      |                                         |                                                           |
      |                                         int                                                         long unsigned int
      |                                       %4ld
../Core/Src/main.c: In function 'error_handler':
../Core/Src/main.c:78:3: warning: incompatible implicit declaration of built-in function 'sprintf'
   78 |   sprintf(buff, "%d %s", res, msg);
      |   ^~~~~~~
../Core/Src/main.c:29:1: note: include '<stdio.h>' or provide a declaration of 'sprintf'
   28 | #include "fileBuff.h"
  +++ |+#include <stdio.h>
   29 | /* USER CODE END Includes */
../Core/Src/main.c: In function 'display_success':
../Core/Src/main.c:84:3: warning: incompatible implicit declaration of built-in function 'sprintf'
   84 |   sprintf(buff, "%d %s", num, msg);
      |   ^~~~~~~
../Core/Src/main.c:84:3: note: include '<stdio.h>' or provide a declaration of 'sprintf'
../Core/Src/main.c: In function 'main':
../Core/Src/main.c:168:5: warning: incompatible implicit declaration of built-in function 'sprintf'
  168 |     sprintf(buff, "%d no more :(", res);
      |     ^~~~~~~
../Core/Src/main.c:168:5: note: include '<stdio.h>' or provide a declaration of 'sprintf'
../Core/Src/main.c:192:5: warning: incompatible implicit declaration of built-in function 'sprintf'
  192 |     sprintf(buff, "hertz: %d", header->sampleFreq);
      |     ^~~~~~~
../Core/Src/main.c:192:5: note: include '<stdio.h>' or provide a declaration of 'sprintf'
../Core/Src/main.c:192:28: warning: format '%d' expects argument of type 'int', but argument 3 has type 'uint32_t' {aka 'long unsigned int'} [-Wformat=]
  192 |     sprintf(buff, "hertz: %d", header->sampleFreq);
      |                           ~^   ~~~~~~~~~~~~~~~~~~
      |                            |         |
      |                            int       uint32_t {aka long unsigned int}
      |                           %ld
../Core/Src/main.c:198:27: warning: format '%d' expects argument of type 'int', but argument 3 has type 'uint32_t' {aka 'long unsigned int'} [-Wformat=]
  198 |     sprintf(buff, "data: %d", header->dataChunkLength);
      |                          ~^   ~~~~~~~~~~~~~~~~~~~~~~~
      |                           |         |
      |                           int       uint32_t {aka long unsigned int}
      |                          %ld
../Core/Src/main.c:264:11: warning: unused variable 'sample_sum' [-Wunused-variable]
  264 |   int16_t sample_sum = 0;
      |           ^~~~~~~~~~
In file included from ../Core/Src/main.c:28:
../Core/Inc/fileBuff.h: In function 'readSample':
../Core/Inc/fileBuff.h:109:1: warning: control reaches end of non-void function [-Wreturn-type]
  109 | }
      | ^
arm-none-eabi-gcc -o "AUDIO.elf" @"objects.list"   -mcpu=cortex-m3 -T"C:\Users\pinkp\Documents\GitHub\ELEC3300-Project\AUDIO\STM32F103VETX_FLASH.ld" --specs=nosys.specs -Wl,-Map="AUDIO.map" -Wl,--gc-sections -static --specs=nano.specs -mfloat-abi=soft -mthumb -Wl,--start-group -lc -lm -Wl,--end-group
Finished building target: AUDIO.elf
 
arm-none-eabi-size   AUDIO.elf 
arm-none-eabi-objdump -h -S  AUDIO.elf  > "AUDIO.list"
   text	   data	    bss	    dec	    hex	filename
  41392	    120	   8336	  49848	   c2b8	AUDIO.elf
Finished building: default.size.stdout
 
Finished building: AUDIO.list
 
15:04:40 **** Incremental Build of configuration Debug for project AUDIO ****
make -j16 all 
arm-none-eabi-gcc "../Core/Src/main.c" -mcpu=cortex-m3 -std=gnu11 -g3 -DDEBUG -DUSE_HAL_DRIVER -DSTM32F103xE -c -I../Core/Inc -I../Drivers/STM32F1xx_HAL_Driver/Inc/Legacy -I../Drivers/STM32F1xx_HAL_Driver/Inc -I../Drivers/CMSIS/Device/ST/STM32F1xx/Include -I../Drivers/CMSIS/Include -I../FATFS/Target -I../FATFS/App -I../Middlewares/Third_Party/FatFs/src -I../Middlewares/Third_Party/FatFs/src/drivers -O0 -ffunction-sections -fdata-sections -Wall -fstack-usage -MMD -MP -MF"Core/Src/main.d" -MT"Core/Src/main.o" --specs=nano.specs -mfloat-abi=soft -mthumb -o "Core/Src/main.o"
In file included from ../Core/Src/main.c:28:
../Core/Inc/fileBuff.h: In function 'initFileHeader':
../Core/Inc/fileBuff.h:71:80: warning: pointer targets in passing argument 4 of 'f_read' differ in signedness [-Wpointer-sign]
   71 |  return f_read(&(fileStruct->file), &(fileStruct->header), sizeof(WAV_HEADER), &bytes_read);
      |                                                                                ^~~~~~~~~~~
      |                                                                                |
      |                                                                                int *
In file included from ../FATFS/App/fatfs.h:26,
                 from ../Core/Src/main.c:21:
../Middlewares/Third_Party/FatFs/src/ff.h:228:54: note: expected 'UINT *' {aka 'unsigned int *'} but argument is of type 'int *'
  228 | FRESULT f_read (FIL* fp, void* buff, UINT btr, UINT* br);   /* Read data from a file */
      |                                                ~~~~~~^~
In file included from ../Core/Src/main.c:28:
../Core/Inc/fileBuff.h: In function 'readFile':
../Core/Inc/fileBuff.h:79:84: warning: passing argument 4 of 'f_read' from incompatible pointer type [-Wincompatible-pointer-types]
   79 |   FRESULT res = f_read(&(f->file), f->structs[f->currWriting].data.raw, BUFF_SIZE, &(f->structs[f->currWriting].buffSize));
      |                                                                                    ^~~~~~~~~~~~~~~~~~~~~~~~~~~~~~~~~~~~~~
      |                                                                                    |
      |                                                                                    uint16_t * {aka short unsigned int *}
In file included from ../FATFS/App/fatfs.h:26,
                 from ../Core/Src/main.c:21:
../Middlewares/Third_Party/FatFs/src/ff.h:228:54: note: expected 'UINT *' {aka 'unsigned int *'} but argument is of type 'uint16_t *' {aka 'short unsigned int *'}
  228 | FRESULT f_read (FIL* fp, void* buff, UINT btr, UINT* br);   /* Read data from a file */
      |                                                ~~~~~~^~
In file included from ../Core/Src/main.c:28:
../Core/Inc/fileBuff.h:81:3: warning: implicit declaration of function 'sprintf' [-Wimplicit-function-declaration]
   81 |   sprintf(buff, "res: %2d, buff: %4d, %4d", res, f->structs[f->currWriting].buffSize, HAL_GetTick() % 1000);
      |   ^~~~~~~
../Core/Inc/fileBuff.h:81:3: warning: incompatible implicit declaration of built-in function 'sprintf'
../Core/Inc/fileBuff.h:3:1: note: include '<stdio.h>' or provide a declaration of 'sprintf'
    2 | #include "wav.h"
  +++ |+#include <stdio.h>
    3 | #define BUFF_SIZE (1000)
../Core/Inc/fileBuff.h:81:41: warning: format '%d' expects argument of type 'int', but argument 5 has type 'long unsigned int' [-Wformat=]
   81 |   sprintf(buff, "res: %2d, buff: %4d, %4d", res, f->structs[f->currWriting].buffSize, HAL_GetTick() % 1000);
      |                                       ~~^                                             ~~~~~~~~~~~~~~~~~~~~
      |                                         |                                                           |
      |                                         int                                                         long unsigned int
      |                                       %4ld
../Core/Src/main.c: In function 'error_handler':
../Core/Src/main.c:78:3: warning: incompatible implicit declaration of built-in function 'sprintf'
   78 |   sprintf(buff, "%d %s", res, msg);
      |   ^~~~~~~
../Core/Src/main.c:29:1: note: include '<stdio.h>' or provide a declaration of 'sprintf'
   28 | #include "fileBuff.h"
  +++ |+#include <stdio.h>
   29 | /* USER CODE END Includes */
../Core/Src/main.c: In function 'display_success':
../Core/Src/main.c:84:3: warning: incompatible implicit declaration of built-in function 'sprintf'
   84 |   sprintf(buff, "%d %s", num, msg);
      |   ^~~~~~~
../Core/Src/main.c:84:3: note: include '<stdio.h>' or provide a declaration of 'sprintf'
../Core/Src/main.c: In function 'main':
../Core/Src/main.c:168:5: warning: incompatible implicit declaration of built-in function 'sprintf'
  168 |     sprintf(buff, "%d no more :(", res);
      |     ^~~~~~~
../Core/Src/main.c:168:5: note: include '<stdio.h>' or provide a declaration of 'sprintf'
../Core/Src/main.c:192:5: warning: incompatible implicit declaration of built-in function 'sprintf'
  192 |     sprintf(buff, "hertz: %d", header->sampleFreq);
      |     ^~~~~~~
../Core/Src/main.c:192:5: note: include '<stdio.h>' or provide a declaration of 'sprintf'
../Core/Src/main.c:192:28: warning: format '%d' expects argument of type 'int', but argument 3 has type 'uint32_t' {aka 'long unsigned int'} [-Wformat=]
  192 |     sprintf(buff, "hertz: %d", header->sampleFreq);
      |                           ~^   ~~~~~~~~~~~~~~~~~~
      |                            |         |
      |                            int       uint32_t {aka long unsigned int}
      |                           %ld
../Core/Src/main.c:198:27: warning: format '%d' expects argument of type 'int', but argument 3 has type 'uint32_t' {aka 'long unsigned int'} [-Wformat=]
  198 |     sprintf(buff, "data: %d", header->dataChunkLength);
      |                          ~^   ~~~~~~~~~~~~~~~~~~~~~~~
      |                           |         |
      |                           int       uint32_t {aka long unsigned int}
      |                          %ld
../Core/Src/main.c:264:11: warning: unused variable 'sample_sum' [-Wunused-variable]
  264 |   int16_t sample_sum = 0;
      |           ^~~~~~~~~~
In file included from ../Core/Src/main.c:28:
../Core/Inc/fileBuff.h: In function 'readSample':
../Core/Inc/fileBuff.h:109:1: warning: control reaches end of non-void function [-Wreturn-type]
  109 | }
      | ^
arm-none-eabi-gcc -o "AUDIO.elf" @"objects.list"   -mcpu=cortex-m3 -T"C:\Users\pinkp\Documents\GitHub\ELEC3300-Project\AUDIO\STM32F103VETX_FLASH.ld" --specs=nosys.specs -Wl,-Map="AUDIO.map" -Wl,--gc-sections -static --specs=nano.specs -mfloat-abi=soft -mthumb -Wl,--start-group -lc -lm -Wl,--end-group
Finished building target: AUDIO.elf
 
arm-none-eabi-size   AUDIO.elf 
arm-none-eabi-objdump -h -S  AUDIO.elf  > "AUDIO.list"
   text	   data	    bss	    dec	    hex	filename
  41388	    120	   8336	  49844	   c2b4	AUDIO.elf
Finished building: default.size.stdout
 
Finished building: AUDIO.list
 
15:07:14 **** Incremental Build of configuration Debug for project AUDIO ****
make -j16 all 
arm-none-eabi-gcc "../Core/Src/main.c" -mcpu=cortex-m3 -std=gnu11 -g3 -DDEBUG -DUSE_HAL_DRIVER -DSTM32F103xE -c -I../Core/Inc -I../Drivers/STM32F1xx_HAL_Driver/Inc/Legacy -I../Drivers/STM32F1xx_HAL_Driver/Inc -I../Drivers/CMSIS/Device/ST/STM32F1xx/Include -I../Drivers/CMSIS/Include -I../FATFS/Target -I../FATFS/App -I../Middlewares/Third_Party/FatFs/src -I../Middlewares/Third_Party/FatFs/src/drivers -O0 -ffunction-sections -fdata-sections -Wall -fstack-usage -MMD -MP -MF"Core/Src/main.d" -MT"Core/Src/main.o" --specs=nano.specs -mfloat-abi=soft -mthumb -o "Core/Src/main.o"
In file included from ../Core/Src/main.c:28:
../Core/Inc/fileBuff.h: In function 'initFileHeader':
../Core/Inc/fileBuff.h:71:80: warning: pointer targets in passing argument 4 of 'f_read' differ in signedness [-Wpointer-sign]
   71 |  return f_read(&(fileStruct->file), &(fileStruct->header), sizeof(WAV_HEADER), &bytes_read);
      |                                                                                ^~~~~~~~~~~
      |                                                                                |
      |                                                                                int *
In file included from ../FATFS/App/fatfs.h:26,
                 from ../Core/Src/main.c:21:
../Middlewares/Third_Party/FatFs/src/ff.h:228:54: note: expected 'UINT *' {aka 'unsigned int *'} but argument is of type 'int *'
  228 | FRESULT f_read (FIL* fp, void* buff, UINT btr, UINT* br);   /* Read data from a file */
      |                                                ~~~~~~^~
In file included from ../Core/Src/main.c:28:
../Core/Inc/fileBuff.h: In function 'readFile':
../Core/Inc/fileBuff.h:79:84: warning: passing argument 4 of 'f_read' from incompatible pointer type [-Wincompatible-pointer-types]
   79 |   FRESULT res = f_read(&(f->file), f->structs[f->currWriting].data.raw, BUFF_SIZE, &(f->structs[f->currWriting].buffSize));
      |                                                                                    ^~~~~~~~~~~~~~~~~~~~~~~~~~~~~~~~~~~~~~
      |                                                                                    |
      |                                                                                    uint16_t * {aka short unsigned int *}
In file included from ../FATFS/App/fatfs.h:26,
                 from ../Core/Src/main.c:21:
../Middlewares/Third_Party/FatFs/src/ff.h:228:54: note: expected 'UINT *' {aka 'unsigned int *'} but argument is of type 'uint16_t *' {aka 'short unsigned int *'}
  228 | FRESULT f_read (FIL* fp, void* buff, UINT btr, UINT* br);   /* Read data from a file */
      |                                                ~~~~~~^~
In file included from ../Core/Src/main.c:28:
../Core/Inc/fileBuff.h:81:3: warning: implicit declaration of function 'sprintf' [-Wimplicit-function-declaration]
   81 |   sprintf(buff, "res: %2d, buff: %4d, %4d", res, f->structs[f->currWriting].buffSize, HAL_GetTick() % 1000);
      |   ^~~~~~~
../Core/Inc/fileBuff.h:81:3: warning: incompatible implicit declaration of built-in function 'sprintf'
../Core/Inc/fileBuff.h:3:1: note: include '<stdio.h>' or provide a declaration of 'sprintf'
    2 | #include "wav.h"
  +++ |+#include <stdio.h>
    3 | #define BUFF_SIZE (1000)
../Core/Inc/fileBuff.h:81:41: warning: format '%d' expects argument of type 'int', but argument 5 has type 'long unsigned int' [-Wformat=]
   81 |   sprintf(buff, "res: %2d, buff: %4d, %4d", res, f->structs[f->currWriting].buffSize, HAL_GetTick() % 1000);
      |                                       ~~^                                             ~~~~~~~~~~~~~~~~~~~~
      |                                         |                                                           |
      |                                         int                                                         long unsigned int
      |                                       %4ld
../Core/Src/main.c: In function 'error_handler':
../Core/Src/main.c:78:3: warning: incompatible implicit declaration of built-in function 'sprintf'
   78 |   sprintf(buff, "%d %s", res, msg);
      |   ^~~~~~~
../Core/Src/main.c:29:1: note: include '<stdio.h>' or provide a declaration of 'sprintf'
   28 | #include "fileBuff.h"
  +++ |+#include <stdio.h>
   29 | /* USER CODE END Includes */
../Core/Src/main.c: In function 'display_success':
../Core/Src/main.c:84:3: warning: incompatible implicit declaration of built-in function 'sprintf'
   84 |   sprintf(buff, "%d %s", num, msg);
      |   ^~~~~~~
../Core/Src/main.c:84:3: note: include '<stdio.h>' or provide a declaration of 'sprintf'
../Core/Src/main.c: In function 'main':
../Core/Src/main.c:168:5: warning: incompatible implicit declaration of built-in function 'sprintf'
  168 |     sprintf(buff, "%d no more :(", res);
      |     ^~~~~~~
../Core/Src/main.c:168:5: note: include '<stdio.h>' or provide a declaration of 'sprintf'
../Core/Src/main.c:192:5: warning: incompatible implicit declaration of built-in function 'sprintf'
  192 |     sprintf(buff, "hertz: %d", header->sampleFreq);
      |     ^~~~~~~
../Core/Src/main.c:192:5: note: include '<stdio.h>' or provide a declaration of 'sprintf'
../Core/Src/main.c:192:28: warning: format '%d' expects argument of type 'int', but argument 3 has type 'uint32_t' {aka 'long unsigned int'} [-Wformat=]
  192 |     sprintf(buff, "hertz: %d", header->sampleFreq);
      |                           ~^   ~~~~~~~~~~~~~~~~~~
      |                            |         |
      |                            int       uint32_t {aka long unsigned int}
      |                           %ld
../Core/Src/main.c:198:27: warning: format '%d' expects argument of type 'int', but argument 3 has type 'uint32_t' {aka 'long unsigned int'} [-Wformat=]
  198 |     sprintf(buff, "data: %d", header->dataChunkLength);
      |                          ~^   ~~~~~~~~~~~~~~~~~~~~~~~
      |                           |         |
      |                           int       uint32_t {aka long unsigned int}
      |                          %ld
../Core/Src/main.c:264:11: warning: unused variable 'sample_sum' [-Wunused-variable]
  264 |   int16_t sample_sum = 0;
      |           ^~~~~~~~~~
In file included from ../Core/Src/main.c:28:
../Core/Inc/fileBuff.h: In function 'readSample':
../Core/Inc/fileBuff.h:109:1: warning: control reaches end of non-void function [-Wreturn-type]
  109 | }
      | ^
arm-none-eabi-gcc -o "AUDIO.elf" @"objects.list"   -mcpu=cortex-m3 -T"C:\Users\pinkp\Documents\GitHub\ELEC3300-Project\AUDIO\STM32F103VETX_FLASH.ld" --specs=nosys.specs -Wl,-Map="AUDIO.map" -Wl,--gc-sections -static --specs=nano.specs -mfloat-abi=soft -mthumb -Wl,--start-group -lc -lm -Wl,--end-group
Finished building target: AUDIO.elf
 
arm-none-eabi-size   AUDIO.elf 
arm-none-eabi-objdump -h -S  AUDIO.elf  > "AUDIO.list"
   text	   data	    bss	    dec	    hex	filename
  41400	    120	   8336	  49856	   c2c0	AUDIO.elf
Finished building: default.size.stdout
 
Finished building: AUDIO.list
 
15:21:29 **** Incremental Build of configuration Debug for project AUDIO ****
make -j16 all 
arm-none-eabi-gcc "../Core/Src/main.c" -mcpu=cortex-m3 -std=gnu11 -g3 -DDEBUG -DUSE_HAL_DRIVER -DSTM32F103xE -c -I../Core/Inc -I../Drivers/STM32F1xx_HAL_Driver/Inc/Legacy -I../Drivers/STM32F1xx_HAL_Driver/Inc -I../Drivers/CMSIS/Device/ST/STM32F1xx/Include -I../Drivers/CMSIS/Include -I../FATFS/Target -I../FATFS/App -I../Middlewares/Third_Party/FatFs/src -I../Middlewares/Third_Party/FatFs/src/drivers -O0 -ffunction-sections -fdata-sections -Wall -fstack-usage -MMD -MP -MF"Core/Src/main.d" -MT"Core/Src/main.o" --specs=nano.specs -mfloat-abi=soft -mthumb -o "Core/Src/main.o"
In file included from ../Core/Src/main.c:28:
../Core/Inc/fileBuff.h: In function 'initFileHeader':
../Core/Inc/fileBuff.h:71:80: warning: pointer targets in passing argument 4 of 'f_read' differ in signedness [-Wpointer-sign]
   71 |  return f_read(&(fileStruct->file), &(fileStruct->header), sizeof(WAV_HEADER), &bytes_read);
      |                                                                                ^~~~~~~~~~~
      |                                                                                |
      |                                                                                int *
In file included from ../FATFS/App/fatfs.h:26,
                 from ../Core/Src/main.c:21:
../Middlewares/Third_Party/FatFs/src/ff.h:228:54: note: expected 'UINT *' {aka 'unsigned int *'} but argument is of type 'int *'
  228 | FRESULT f_read (FIL* fp, void* buff, UINT btr, UINT* br);   /* Read data from a file */
      |                                                ~~~~~~^~
In file included from ../Core/Src/main.c:28:
../Core/Inc/fileBuff.h: In function 'readFile':
../Core/Inc/fileBuff.h:79:84: warning: passing argument 4 of 'f_read' from incompatible pointer type [-Wincompatible-pointer-types]
   79 |   FRESULT res = f_read(&(f->file), f->structs[f->currWriting].data.raw, BUFF_SIZE, &(f->structs[f->currWriting].buffSize));
      |                                                                                    ^~~~~~~~~~~~~~~~~~~~~~~~~~~~~~~~~~~~~~
      |                                                                                    |
      |                                                                                    uint16_t * {aka short unsigned int *}
In file included from ../FATFS/App/fatfs.h:26,
                 from ../Core/Src/main.c:21:
../Middlewares/Third_Party/FatFs/src/ff.h:228:54: note: expected 'UINT *' {aka 'unsigned int *'} but argument is of type 'uint16_t *' {aka 'short unsigned int *'}
  228 | FRESULT f_read (FIL* fp, void* buff, UINT btr, UINT* br);   /* Read data from a file */
      |                                                ~~~~~~^~
In file included from ../Core/Src/main.c:28:
../Core/Inc/fileBuff.h:81:3: warning: implicit declaration of function 'sprintf' [-Wimplicit-function-declaration]
   81 |   sprintf(buff, "res: %2d, buff: %4d, %4d", res, f->structs[f->currWriting].buffSize, HAL_GetTick() % 1000);
      |   ^~~~~~~
../Core/Inc/fileBuff.h:81:3: warning: incompatible implicit declaration of built-in function 'sprintf'
../Core/Inc/fileBuff.h:3:1: note: include '<stdio.h>' or provide a declaration of 'sprintf'
    2 | #include "wav.h"
  +++ |+#include <stdio.h>
    3 | #define BUFF_SIZE (1000)
../Core/Inc/fileBuff.h:81:41: warning: format '%d' expects argument of type 'int', but argument 5 has type 'long unsigned int' [-Wformat=]
   81 |   sprintf(buff, "res: %2d, buff: %4d, %4d", res, f->structs[f->currWriting].buffSize, HAL_GetTick() % 1000);
      |                                       ~~^                                             ~~~~~~~~~~~~~~~~~~~~
      |                                         |                                                           |
      |                                         int                                                         long unsigned int
      |                                       %4ld
../Core/Src/main.c: In function 'error_handler':
../Core/Src/main.c:78:3: warning: incompatible implicit declaration of built-in function 'sprintf'
   78 |   sprintf(buff, "%d %s", res, msg);
      |   ^~~~~~~
../Core/Src/main.c:29:1: note: include '<stdio.h>' or provide a declaration of 'sprintf'
   28 | #include "fileBuff.h"
  +++ |+#include <stdio.h>
   29 | /* USER CODE END Includes */
../Core/Src/main.c: In function 'display_success':
../Core/Src/main.c:84:3: warning: incompatible implicit declaration of built-in function 'sprintf'
   84 |   sprintf(buff, "%d %s", num, msg);
      |   ^~~~~~~
../Core/Src/main.c:84:3: note: include '<stdio.h>' or provide a declaration of 'sprintf'
../Core/Src/main.c: In function 'main':
../Core/Src/main.c:168:5: warning: incompatible implicit declaration of built-in function 'sprintf'
  168 |     sprintf(buff, "%d no more :(", res);
      |     ^~~~~~~
../Core/Src/main.c:168:5: note: include '<stdio.h>' or provide a declaration of 'sprintf'
../Core/Src/main.c:192:5: warning: incompatible implicit declaration of built-in function 'sprintf'
  192 |     sprintf(buff, "hertz: %d", header->sampleFreq);
      |     ^~~~~~~
../Core/Src/main.c:192:5: note: include '<stdio.h>' or provide a declaration of 'sprintf'
../Core/Src/main.c:192:28: warning: format '%d' expects argument of type 'int', but argument 3 has type 'uint32_t' {aka 'long unsigned int'} [-Wformat=]
  192 |     sprintf(buff, "hertz: %d", header->sampleFreq);
      |                           ~^   ~~~~~~~~~~~~~~~~~~
      |                            |         |
      |                            int       uint32_t {aka long unsigned int}
      |                           %ld
../Core/Src/main.c:198:27: warning: format '%d' expects argument of type 'int', but argument 3 has type 'uint32_t' {aka 'long unsigned int'} [-Wformat=]
  198 |     sprintf(buff, "data: %d", header->dataChunkLength);
      |                          ~^   ~~~~~~~~~~~~~~~~~~~~~~~
      |                           |         |
      |                           int       uint32_t {aka long unsigned int}
      |                          %ld
../Core/Src/main.c:264:11: warning: unused variable 'sample_sum' [-Wunused-variable]
  264 |   int16_t sample_sum = 0;
      |           ^~~~~~~~~~
../Core/Src/main.c: In function 'HAL_TIM_PeriodElapsedCallback':
../Core/Src/main.c:719:3: warning: incompatible implicit declaration of built-in function 'sprintf'
  719 |   sprintf(buff, "sample: %d", sample_sum);
      |   ^~~~~~~
../Core/Src/main.c:719:3: note: include '<stdio.h>' or provide a declaration of 'sprintf'
../Core/Src/main.c:720:18: warning: passing argument 1 of 'LCD_DrawString' makes integer from pointer without a cast [-Wint-conversion]
  720 |   LCD_DrawString(buff);
      |                  ^~~~
      |                  |
      |                  char *
In file included from ../Core/Src/main.c:25:
../Core/Inc/lcd.h:66:44: note: expected 'uint16_t' {aka 'short unsigned int'} but argument is of type 'char *'
   66 | void            LCD_DrawString  ( uint16_t usC, uint16_t usP, const char * pStr);
      |                                   ~~~~~~~~~^~~
../Core/Src/main.c:720:3: error: too few arguments to function 'LCD_DrawString'
  720 |   LCD_DrawString(buff);
      |   ^~~~~~~~~~~~~~
In file included from ../Core/Src/main.c:25:
../Core/Inc/lcd.h:66:17: note: declared here
   66 | void            LCD_DrawString  ( uint16_t usC, uint16_t usP, const char * pStr);
      |                 ^~~~~~~~~~~~~~
In file included from ../Core/Src/main.c:28:
../Core/Inc/fileBuff.h: In function 'readSample':
../Core/Inc/fileBuff.h:109:1: warning: control reaches end of non-void function [-Wreturn-type]
  109 | }
      | ^
make: *** [Core/Src/subdir.mk:37: Core/Src/main.o] Error 1
"make -j16 all" terminated with exit code 2. Build might be incomplete.
15:21:44 **** Incremental Build of configuration Debug for project AUDIO ****
make -j16 all 
arm-none-eabi-gcc "../Core/Src/main.c" -mcpu=cortex-m3 -std=gnu11 -g3 -DDEBUG -DUSE_HAL_DRIVER -DSTM32F103xE -c -I../Core/Inc -I../Drivers/STM32F1xx_HAL_Driver/Inc/Legacy -I../Drivers/STM32F1xx_HAL_Driver/Inc -I../Drivers/CMSIS/Device/ST/STM32F1xx/Include -I../Drivers/CMSIS/Include -I../FATFS/Target -I../FATFS/App -I../Middlewares/Third_Party/FatFs/src -I../Middlewares/Third_Party/FatFs/src/drivers -O0 -ffunction-sections -fdata-sections -Wall -fstack-usage -MMD -MP -MF"Core/Src/main.d" -MT"Core/Src/main.o" --specs=nano.specs -mfloat-abi=soft -mthumb -o "Core/Src/main.o"
In file included from ../Core/Src/main.c:28:
../Core/Inc/fileBuff.h: In function 'initFileHeader':
../Core/Inc/fileBuff.h:71:80: warning: pointer targets in passing argument 4 of 'f_read' differ in signedness [-Wpointer-sign]
   71 |  return f_read(&(fileStruct->file), &(fileStruct->header), sizeof(WAV_HEADER), &bytes_read);
      |                                                                                ^~~~~~~~~~~
      |                                                                                |
      |                                                                                int *
In file included from ../FATFS/App/fatfs.h:26,
                 from ../Core/Src/main.c:21:
../Middlewares/Third_Party/FatFs/src/ff.h:228:54: note: expected 'UINT *' {aka 'unsigned int *'} but argument is of type 'int *'
  228 | FRESULT f_read (FIL* fp, void* buff, UINT btr, UINT* br);   /* Read data from a file */
      |                                                ~~~~~~^~
In file included from ../Core/Src/main.c:28:
../Core/Inc/fileBuff.h: In function 'readFile':
../Core/Inc/fileBuff.h:79:84: warning: passing argument 4 of 'f_read' from incompatible pointer type [-Wincompatible-pointer-types]
   79 |   FRESULT res = f_read(&(f->file), f->structs[f->currWriting].data.raw, BUFF_SIZE, &(f->structs[f->currWriting].buffSize));
      |                                                                                    ^~~~~~~~~~~~~~~~~~~~~~~~~~~~~~~~~~~~~~
      |                                                                                    |
      |                                                                                    uint16_t * {aka short unsigned int *}
In file included from ../FATFS/App/fatfs.h:26,
                 from ../Core/Src/main.c:21:
../Middlewares/Third_Party/FatFs/src/ff.h:228:54: note: expected 'UINT *' {aka 'unsigned int *'} but argument is of type 'uint16_t *' {aka 'short unsigned int *'}
  228 | FRESULT f_read (FIL* fp, void* buff, UINT btr, UINT* br);   /* Read data from a file */
      |                                                ~~~~~~^~
In file included from ../Core/Src/main.c:28:
../Core/Inc/fileBuff.h:81:3: warning: implicit declaration of function 'sprintf' [-Wimplicit-function-declaration]
   81 |   sprintf(buff, "res: %2d, buff: %4d, %4d", res, f->structs[f->currWriting].buffSize, HAL_GetTick() % 1000);
      |   ^~~~~~~
../Core/Inc/fileBuff.h:81:3: warning: incompatible implicit declaration of built-in function 'sprintf'
../Core/Inc/fileBuff.h:3:1: note: include '<stdio.h>' or provide a declaration of 'sprintf'
    2 | #include "wav.h"
  +++ |+#include <stdio.h>
    3 | #define BUFF_SIZE (1000)
../Core/Inc/fileBuff.h:81:41: warning: format '%d' expects argument of type 'int', but argument 5 has type 'long unsigned int' [-Wformat=]
   81 |   sprintf(buff, "res: %2d, buff: %4d, %4d", res, f->structs[f->currWriting].buffSize, HAL_GetTick() % 1000);
      |                                       ~~^                                             ~~~~~~~~~~~~~~~~~~~~
      |                                         |                                                           |
      |                                         int                                                         long unsigned int
      |                                       %4ld
../Core/Src/main.c: In function 'error_handler':
../Core/Src/main.c:78:3: warning: incompatible implicit declaration of built-in function 'sprintf'
   78 |   sprintf(buff, "%d %s", res, msg);
      |   ^~~~~~~
../Core/Src/main.c:29:1: note: include '<stdio.h>' or provide a declaration of 'sprintf'
   28 | #include "fileBuff.h"
  +++ |+#include <stdio.h>
   29 | /* USER CODE END Includes */
../Core/Src/main.c: In function 'display_success':
../Core/Src/main.c:84:3: warning: incompatible implicit declaration of built-in function 'sprintf'
   84 |   sprintf(buff, "%d %s", num, msg);
      |   ^~~~~~~
../Core/Src/main.c:84:3: note: include '<stdio.h>' or provide a declaration of 'sprintf'
../Core/Src/main.c: In function 'main':
../Core/Src/main.c:168:5: warning: incompatible implicit declaration of built-in function 'sprintf'
  168 |     sprintf(buff, "%d no more :(", res);
      |     ^~~~~~~
../Core/Src/main.c:168:5: note: include '<stdio.h>' or provide a declaration of 'sprintf'
../Core/Src/main.c:192:5: warning: incompatible implicit declaration of built-in function 'sprintf'
  192 |     sprintf(buff, "hertz: %d", header->sampleFreq);
      |     ^~~~~~~
../Core/Src/main.c:192:5: note: include '<stdio.h>' or provide a declaration of 'sprintf'
../Core/Src/main.c:192:28: warning: format '%d' expects argument of type 'int', but argument 3 has type 'uint32_t' {aka 'long unsigned int'} [-Wformat=]
  192 |     sprintf(buff, "hertz: %d", header->sampleFreq);
      |                           ~^   ~~~~~~~~~~~~~~~~~~
      |                            |         |
      |                            int       uint32_t {aka long unsigned int}
      |                           %ld
../Core/Src/main.c:198:27: warning: format '%d' expects argument of type 'int', but argument 3 has type 'uint32_t' {aka 'long unsigned int'} [-Wformat=]
  198 |     sprintf(buff, "data: %d", header->dataChunkLength);
      |                          ~^   ~~~~~~~~~~~~~~~~~~~~~~~
      |                           |         |
      |                           int       uint32_t {aka long unsigned int}
      |                          %ld
../Core/Src/main.c:264:11: warning: unused variable 'sample_sum' [-Wunused-variable]
  264 |   int16_t sample_sum = 0;
      |           ^~~~~~~~~~
../Core/Src/main.c: In function 'HAL_TIM_PeriodElapsedCallback':
../Core/Src/main.c:719:3: warning: incompatible implicit declaration of built-in function 'sprintf'
  719 |   sprintf(buff, "sample: %d", sample_sum);
      |   ^~~~~~~
../Core/Src/main.c:719:3: note: include '<stdio.h>' or provide a declaration of 'sprintf'
In file included from ../Core/Src/main.c:28:
../Core/Inc/fileBuff.h: In function 'readSample':
../Core/Inc/fileBuff.h:109:1: warning: control reaches end of non-void function [-Wreturn-type]
  109 | }
      | ^
arm-none-eabi-gcc -o "AUDIO.elf" @"objects.list"   -mcpu=cortex-m3 -T"C:\Users\pinkp\Documents\GitHub\ELEC3300-Project\AUDIO\STM32F103VETX_FLASH.ld" --specs=nosys.specs -Wl,-Map="AUDIO.map" -Wl,--gc-sections -static --specs=nano.specs -mfloat-abi=soft -mthumb -Wl,--start-group -lc -lm -Wl,--end-group
Finished building target: AUDIO.elf
 
arm-none-eabi-size   AUDIO.elf 
arm-none-eabi-objdump -h -S  AUDIO.elf  > "AUDIO.list"
   text	   data	    bss	    dec	    hex	filename
  41320	    120	   8336	  49776	   c270	AUDIO.elf
Finished building: default.size.stdout
 
Finished building: AUDIO.list
 
15:23:30 **** Incremental Build of configuration Debug for project AUDIO ****
make -j16 all 
arm-none-eabi-gcc "../Core/Src/main.c" -mcpu=cortex-m3 -std=gnu11 -g3 -DDEBUG -DUSE_HAL_DRIVER -DSTM32F103xE -c -I../Core/Inc -I../Drivers/STM32F1xx_HAL_Driver/Inc/Legacy -I../Drivers/STM32F1xx_HAL_Driver/Inc -I../Drivers/CMSIS/Device/ST/STM32F1xx/Include -I../Drivers/CMSIS/Include -I../FATFS/Target -I../FATFS/App -I../Middlewares/Third_Party/FatFs/src -I../Middlewares/Third_Party/FatFs/src/drivers -O0 -ffunction-sections -fdata-sections -Wall -fstack-usage -MMD -MP -MF"Core/Src/main.d" -MT"Core/Src/main.o" --specs=nano.specs -mfloat-abi=soft -mthumb -o "Core/Src/main.o"
In file included from ../Core/Src/main.c:28:
../Core/Inc/fileBuff.h: In function 'initFileHeader':
../Core/Inc/fileBuff.h:71:80: warning: pointer targets in passing argument 4 of 'f_read' differ in signedness [-Wpointer-sign]
   71 |  return f_read(&(fileStruct->file), &(fileStruct->header), sizeof(WAV_HEADER), &bytes_read);
      |                                                                                ^~~~~~~~~~~
      |                                                                                |
      |                                                                                int *
In file included from ../FATFS/App/fatfs.h:26,
                 from ../Core/Src/main.c:21:
../Middlewares/Third_Party/FatFs/src/ff.h:228:54: note: expected 'UINT *' {aka 'unsigned int *'} but argument is of type 'int *'
  228 | FRESULT f_read (FIL* fp, void* buff, UINT btr, UINT* br);   /* Read data from a file */
      |                                                ~~~~~~^~
In file included from ../Core/Src/main.c:28:
../Core/Inc/fileBuff.h: In function 'readFile':
../Core/Inc/fileBuff.h:79:84: warning: passing argument 4 of 'f_read' from incompatible pointer type [-Wincompatible-pointer-types]
   79 |   FRESULT res = f_read(&(f->file), f->structs[f->currWriting].data.raw, BUFF_SIZE, &(f->structs[f->currWriting].buffSize));
      |                                                                                    ^~~~~~~~~~~~~~~~~~~~~~~~~~~~~~~~~~~~~~
      |                                                                                    |
      |                                                                                    uint16_t * {aka short unsigned int *}
In file included from ../FATFS/App/fatfs.h:26,
                 from ../Core/Src/main.c:21:
../Middlewares/Third_Party/FatFs/src/ff.h:228:54: note: expected 'UINT *' {aka 'unsigned int *'} but argument is of type 'uint16_t *' {aka 'short unsigned int *'}
  228 | FRESULT f_read (FIL* fp, void* buff, UINT btr, UINT* br);   /* Read data from a file */
      |                                                ~~~~~~^~
In file included from ../Core/Src/main.c:28:
../Core/Inc/fileBuff.h:81:3: warning: implicit declaration of function 'sprintf' [-Wimplicit-function-declaration]
   81 |   sprintf(buff, "res: %2d, buff: %4d, %4d", res, f->structs[f->currWriting].buffSize, HAL_GetTick() % 1000);
      |   ^~~~~~~
../Core/Inc/fileBuff.h:81:3: warning: incompatible implicit declaration of built-in function 'sprintf'
../Core/Inc/fileBuff.h:3:1: note: include '<stdio.h>' or provide a declaration of 'sprintf'
    2 | #include "wav.h"
  +++ |+#include <stdio.h>
    3 | #define BUFF_SIZE (1000)
../Core/Inc/fileBuff.h:81:41: warning: format '%d' expects argument of type 'int', but argument 5 has type 'long unsigned int' [-Wformat=]
   81 |   sprintf(buff, "res: %2d, buff: %4d, %4d", res, f->structs[f->currWriting].buffSize, HAL_GetTick() % 1000);
      |                                       ~~^                                             ~~~~~~~~~~~~~~~~~~~~
      |                                         |                                                           |
      |                                         int                                                         long unsigned int
      |                                       %4ld
../Core/Src/main.c: In function 'error_handler':
../Core/Src/main.c:78:3: warning: incompatible implicit declaration of built-in function 'sprintf'
   78 |   sprintf(buff, "%d %s", res, msg);
      |   ^~~~~~~
../Core/Src/main.c:29:1: note: include '<stdio.h>' or provide a declaration of 'sprintf'
   28 | #include "fileBuff.h"
  +++ |+#include <stdio.h>
   29 | /* USER CODE END Includes */
../Core/Src/main.c: In function 'display_success':
../Core/Src/main.c:84:3: warning: incompatible implicit declaration of built-in function 'sprintf'
   84 |   sprintf(buff, "%d %s", num, msg);
      |   ^~~~~~~
../Core/Src/main.c:84:3: note: include '<stdio.h>' or provide a declaration of 'sprintf'
../Core/Src/main.c: In function 'main':
../Core/Src/main.c:172:5: warning: incompatible implicit declaration of built-in function 'sprintf'
  172 |     sprintf(buff, "%d no more :(", res);
      |     ^~~~~~~
../Core/Src/main.c:172:5: note: include '<stdio.h>' or provide a declaration of 'sprintf'
../Core/Src/main.c:196:5: warning: incompatible implicit declaration of built-in function 'sprintf'
  196 |     sprintf(buff, "hertz: %d", header->sampleFreq);
      |     ^~~~~~~
../Core/Src/main.c:196:5: note: include '<stdio.h>' or provide a declaration of 'sprintf'
../Core/Src/main.c:196:28: warning: format '%d' expects argument of type 'int', but argument 3 has type 'uint32_t' {aka 'long unsigned int'} [-Wformat=]
  196 |     sprintf(buff, "hertz: %d", header->sampleFreq);
      |                           ~^   ~~~~~~~~~~~~~~~~~~
      |                            |         |
      |                            int       uint32_t {aka long unsigned int}
      |                           %ld
../Core/Src/main.c:202:27: warning: format '%d' expects argument of type 'int', but argument 3 has type 'uint32_t' {aka 'long unsigned int'} [-Wformat=]
  202 |     sprintf(buff, "data: %d", header->dataChunkLength);
      |                          ~^   ~~~~~~~~~~~~~~~~~~~~~~~
      |                           |         |
      |                           int       uint32_t {aka long unsigned int}
      |                          %ld
../Core/Src/main.c:270:11: warning: unused variable 'sample_sum' [-Wunused-variable]
  270 |   int16_t sample_sum = 0;
      |           ^~~~~~~~~~
In file included from ../Core/Src/main.c:28:
../Core/Inc/fileBuff.h: In function 'readSample':
../Core/Inc/fileBuff.h:109:1: warning: control reaches end of non-void function [-Wreturn-type]
  109 | }
      | ^
arm-none-eabi-gcc -o "AUDIO.elf" @"objects.list"   -mcpu=cortex-m3 -T"C:\Users\pinkp\Documents\GitHub\ELEC3300-Project\AUDIO\STM32F103VETX_FLASH.ld" --specs=nosys.specs -Wl,-Map="AUDIO.map" -Wl,--gc-sections -static --specs=nano.specs -mfloat-abi=soft -mthumb -Wl,--start-group -lc -lm -Wl,--end-group
Finished building target: AUDIO.elf
 
arm-none-eabi-size   AUDIO.elf 
arm-none-eabi-objdump -h -S  AUDIO.elf  > "AUDIO.list"
   text	   data	    bss	    dec	    hex	filename
  41456	    120	   8336	  49912	   c2f8	AUDIO.elf
Finished building: default.size.stdout
 
Finished building: AUDIO.list
 
15:24:12 **** Incremental Build of configuration Debug for project AUDIO ****
make -j16 all 
arm-none-eabi-gcc "../Core/Src/main.c" -mcpu=cortex-m3 -std=gnu11 -g3 -DDEBUG -DUSE_HAL_DRIVER -DSTM32F103xE -c -I../Core/Inc -I../Drivers/STM32F1xx_HAL_Driver/Inc/Legacy -I../Drivers/STM32F1xx_HAL_Driver/Inc -I../Drivers/CMSIS/Device/ST/STM32F1xx/Include -I../Drivers/CMSIS/Include -I../FATFS/Target -I../FATFS/App -I../Middlewares/Third_Party/FatFs/src -I../Middlewares/Third_Party/FatFs/src/drivers -O0 -ffunction-sections -fdata-sections -Wall -fstack-usage -MMD -MP -MF"Core/Src/main.d" -MT"Core/Src/main.o" --specs=nano.specs -mfloat-abi=soft -mthumb -o "Core/Src/main.o"
In file included from ../Core/Src/main.c:28:
../Core/Inc/fileBuff.h: In function 'initFileHeader':
../Core/Inc/fileBuff.h:71:80: warning: pointer targets in passing argument 4 of 'f_read' differ in signedness [-Wpointer-sign]
   71 |  return f_read(&(fileStruct->file), &(fileStruct->header), sizeof(WAV_HEADER), &bytes_read);
      |                                                                                ^~~~~~~~~~~
      |                                                                                |
      |                                                                                int *
In file included from ../FATFS/App/fatfs.h:26,
                 from ../Core/Src/main.c:21:
../Middlewares/Third_Party/FatFs/src/ff.h:228:54: note: expected 'UINT *' {aka 'unsigned int *'} but argument is of type 'int *'
  228 | FRESULT f_read (FIL* fp, void* buff, UINT btr, UINT* br);   /* Read data from a file */
      |                                                ~~~~~~^~
In file included from ../Core/Src/main.c:28:
../Core/Inc/fileBuff.h: In function 'readFile':
../Core/Inc/fileBuff.h:79:84: warning: passing argument 4 of 'f_read' from incompatible pointer type [-Wincompatible-pointer-types]
   79 |   FRESULT res = f_read(&(f->file), f->structs[f->currWriting].data.raw, BUFF_SIZE, &(f->structs[f->currWriting].buffSize));
      |                                                                                    ^~~~~~~~~~~~~~~~~~~~~~~~~~~~~~~~~~~~~~
      |                                                                                    |
      |                                                                                    uint16_t * {aka short unsigned int *}
In file included from ../FATFS/App/fatfs.h:26,
                 from ../Core/Src/main.c:21:
../Middlewares/Third_Party/FatFs/src/ff.h:228:54: note: expected 'UINT *' {aka 'unsigned int *'} but argument is of type 'uint16_t *' {aka 'short unsigned int *'}
  228 | FRESULT f_read (FIL* fp, void* buff, UINT btr, UINT* br);   /* Read data from a file */
      |                                                ~~~~~~^~
In file included from ../Core/Src/main.c:28:
../Core/Inc/fileBuff.h:81:3: warning: implicit declaration of function 'sprintf' [-Wimplicit-function-declaration]
   81 |   sprintf(buff, "res: %2d, buff: %4d, %4d", res, f->structs[f->currWriting].buffSize, HAL_GetTick() % 1000);
      |   ^~~~~~~
../Core/Inc/fileBuff.h:81:3: warning: incompatible implicit declaration of built-in function 'sprintf'
../Core/Inc/fileBuff.h:3:1: note: include '<stdio.h>' or provide a declaration of 'sprintf'
    2 | #include "wav.h"
  +++ |+#include <stdio.h>
    3 | #define BUFF_SIZE (1000)
../Core/Inc/fileBuff.h:81:41: warning: format '%d' expects argument of type 'int', but argument 5 has type 'long unsigned int' [-Wformat=]
   81 |   sprintf(buff, "res: %2d, buff: %4d, %4d", res, f->structs[f->currWriting].buffSize, HAL_GetTick() % 1000);
      |                                       ~~^                                             ~~~~~~~~~~~~~~~~~~~~
      |                                         |                                                           |
      |                                         int                                                         long unsigned int
      |                                       %4ld
../Core/Src/main.c: In function 'error_handler':
../Core/Src/main.c:78:3: warning: incompatible implicit declaration of built-in function 'sprintf'
   78 |   sprintf(buff, "%d %s", res, msg);
      |   ^~~~~~~
../Core/Src/main.c:29:1: note: include '<stdio.h>' or provide a declaration of 'sprintf'
   28 | #include "fileBuff.h"
  +++ |+#include <stdio.h>
   29 | /* USER CODE END Includes */
../Core/Src/main.c: In function 'display_success':
../Core/Src/main.c:84:3: warning: incompatible implicit declaration of built-in function 'sprintf'
   84 |   sprintf(buff, "%d %s", num, msg);
      |   ^~~~~~~
../Core/Src/main.c:84:3: note: include '<stdio.h>' or provide a declaration of 'sprintf'
../Core/Src/main.c: In function 'main':
../Core/Src/main.c:172:5: warning: incompatible implicit declaration of built-in function 'sprintf'
  172 |     sprintf(buff, "%d no more :(", res);
      |     ^~~~~~~
../Core/Src/main.c:172:5: note: include '<stdio.h>' or provide a declaration of 'sprintf'
../Core/Src/main.c:196:5: warning: incompatible implicit declaration of built-in function 'sprintf'
  196 |     sprintf(buff, "hertz: %d", header->sampleFreq);
      |     ^~~~~~~
../Core/Src/main.c:196:5: note: include '<stdio.h>' or provide a declaration of 'sprintf'
../Core/Src/main.c:196:28: warning: format '%d' expects argument of type 'int', but argument 3 has type 'uint32_t' {aka 'long unsigned int'} [-Wformat=]
  196 |     sprintf(buff, "hertz: %d", header->sampleFreq);
      |                           ~^   ~~~~~~~~~~~~~~~~~~
      |                            |         |
      |                            int       uint32_t {aka long unsigned int}
      |                           %ld
../Core/Src/main.c:202:27: warning: format '%d' expects argument of type 'int', but argument 3 has type 'uint32_t' {aka 'long unsigned int'} [-Wformat=]
  202 |     sprintf(buff, "data: %d", header->dataChunkLength);
      |                          ~^   ~~~~~~~~~~~~~~~~~~~~~~~
      |                           |         |
      |                           int       uint32_t {aka long unsigned int}
      |                          %ld
../Core/Src/main.c:270:11: warning: unused variable 'sample_sum' [-Wunused-variable]
  270 |   int16_t sample_sum = 0;
      |           ^~~~~~~~~~
In file included from ../Core/Src/main.c:28:
../Core/Inc/fileBuff.h: In function 'readSample':
../Core/Inc/fileBuff.h:109:1: warning: control reaches end of non-void function [-Wreturn-type]
  109 | }
      | ^
arm-none-eabi-gcc -o "AUDIO.elf" @"objects.list"   -mcpu=cortex-m3 -T"C:\Users\pinkp\Documents\GitHub\ELEC3300-Project\AUDIO\STM32F103VETX_FLASH.ld" --specs=nosys.specs -Wl,-Map="AUDIO.map" -Wl,--gc-sections -static --specs=nano.specs -mfloat-abi=soft -mthumb -Wl,--start-group -lc -lm -Wl,--end-group
Finished building target: AUDIO.elf
 
arm-none-eabi-size   AUDIO.elf 
arm-none-eabi-objdump -h -S  AUDIO.elf  > "AUDIO.list"
   text	   data	    bss	    dec	    hex	filename
  41460	    120	   8336	  49916	   c2fc	AUDIO.elf
Finished building: default.size.stdout
 
Finished building: AUDIO.list
 
15:24:24 **** Incremental Build of configuration Debug for project AUDIO ****
make -j16 all 
arm-none-eabi-gcc "../Core/Src/main.c" -mcpu=cortex-m3 -std=gnu11 -g3 -DDEBUG -DUSE_HAL_DRIVER -DSTM32F103xE -c -I../Core/Inc -I../Drivers/STM32F1xx_HAL_Driver/Inc/Legacy -I../Drivers/STM32F1xx_HAL_Driver/Inc -I../Drivers/CMSIS/Device/ST/STM32F1xx/Include -I../Drivers/CMSIS/Include -I../FATFS/Target -I../FATFS/App -I../Middlewares/Third_Party/FatFs/src -I../Middlewares/Third_Party/FatFs/src/drivers -O0 -ffunction-sections -fdata-sections -Wall -fstack-usage -MMD -MP -MF"Core/Src/main.d" -MT"Core/Src/main.o" --specs=nano.specs -mfloat-abi=soft -mthumb -o "Core/Src/main.o"
In file included from ../Core/Src/main.c:28:
../Core/Inc/fileBuff.h: In function 'initFileHeader':
../Core/Inc/fileBuff.h:71:80: warning: pointer targets in passing argument 4 of 'f_read' differ in signedness [-Wpointer-sign]
   71 |  return f_read(&(fileStruct->file), &(fileStruct->header), sizeof(WAV_HEADER), &bytes_read);
      |                                                                                ^~~~~~~~~~~
      |                                                                                |
      |                                                                                int *
In file included from ../FATFS/App/fatfs.h:26,
                 from ../Core/Src/main.c:21:
../Middlewares/Third_Party/FatFs/src/ff.h:228:54: note: expected 'UINT *' {aka 'unsigned int *'} but argument is of type 'int *'
  228 | FRESULT f_read (FIL* fp, void* buff, UINT btr, UINT* br);   /* Read data from a file */
      |                                                ~~~~~~^~
In file included from ../Core/Src/main.c:28:
../Core/Inc/fileBuff.h: In function 'readFile':
../Core/Inc/fileBuff.h:79:84: warning: passing argument 4 of 'f_read' from incompatible pointer type [-Wincompatible-pointer-types]
   79 |   FRESULT res = f_read(&(f->file), f->structs[f->currWriting].data.raw, BUFF_SIZE, &(f->structs[f->currWriting].buffSize));
      |                                                                                    ^~~~~~~~~~~~~~~~~~~~~~~~~~~~~~~~~~~~~~
      |                                                                                    |
      |                                                                                    uint16_t * {aka short unsigned int *}
In file included from ../FATFS/App/fatfs.h:26,
                 from ../Core/Src/main.c:21:
../Middlewares/Third_Party/FatFs/src/ff.h:228:54: note: expected 'UINT *' {aka 'unsigned int *'} but argument is of type 'uint16_t *' {aka 'short unsigned int *'}
  228 | FRESULT f_read (FIL* fp, void* buff, UINT btr, UINT* br);   /* Read data from a file */
      |                                                ~~~~~~^~
In file included from ../Core/Src/main.c:28:
../Core/Inc/fileBuff.h:81:3: warning: implicit declaration of function 'sprintf' [-Wimplicit-function-declaration]
   81 |   sprintf(buff, "res: %2d, buff: %4d, %4d", res, f->structs[f->currWriting].buffSize, HAL_GetTick() % 1000);
      |   ^~~~~~~
../Core/Inc/fileBuff.h:81:3: warning: incompatible implicit declaration of built-in function 'sprintf'
../Core/Inc/fileBuff.h:3:1: note: include '<stdio.h>' or provide a declaration of 'sprintf'
    2 | #include "wav.h"
  +++ |+#include <stdio.h>
    3 | #define BUFF_SIZE (1000)
../Core/Inc/fileBuff.h:81:41: warning: format '%d' expects argument of type 'int', but argument 5 has type 'long unsigned int' [-Wformat=]
   81 |   sprintf(buff, "res: %2d, buff: %4d, %4d", res, f->structs[f->currWriting].buffSize, HAL_GetTick() % 1000);
      |                                       ~~^                                             ~~~~~~~~~~~~~~~~~~~~
      |                                         |                                                           |
      |                                         int                                                         long unsigned int
      |                                       %4ld
../Core/Src/main.c: In function 'error_handler':
../Core/Src/main.c:78:3: warning: incompatible implicit declaration of built-in function 'sprintf'
   78 |   sprintf(buff, "%d %s", res, msg);
      |   ^~~~~~~
../Core/Src/main.c:29:1: note: include '<stdio.h>' or provide a declaration of 'sprintf'
   28 | #include "fileBuff.h"
  +++ |+#include <stdio.h>
   29 | /* USER CODE END Includes */
../Core/Src/main.c: In function 'display_success':
../Core/Src/main.c:84:3: warning: incompatible implicit declaration of built-in function 'sprintf'
   84 |   sprintf(buff, "%d %s", num, msg);
      |   ^~~~~~~
../Core/Src/main.c:84:3: note: include '<stdio.h>' or provide a declaration of 'sprintf'
../Core/Src/main.c: In function 'main':
../Core/Src/main.c:172:5: warning: incompatible implicit declaration of built-in function 'sprintf'
  172 |     sprintf(buff, "%d no more :(", res);
      |     ^~~~~~~
../Core/Src/main.c:172:5: note: include '<stdio.h>' or provide a declaration of 'sprintf'
../Core/Src/main.c:196:5: warning: incompatible implicit declaration of built-in function 'sprintf'
  196 |     sprintf(buff, "hertz: %d", header->sampleFreq);
      |     ^~~~~~~
../Core/Src/main.c:196:5: note: include '<stdio.h>' or provide a declaration of 'sprintf'
../Core/Src/main.c:196:28: warning: format '%d' expects argument of type 'int', but argument 3 has type 'uint32_t' {aka 'long unsigned int'} [-Wformat=]
  196 |     sprintf(buff, "hertz: %d", header->sampleFreq);
      |                           ~^   ~~~~~~~~~~~~~~~~~~
      |                            |         |
      |                            int       uint32_t {aka long unsigned int}
      |                           %ld
../Core/Src/main.c:202:27: warning: format '%d' expects argument of type 'int', but argument 3 has type 'uint32_t' {aka 'long unsigned int'} [-Wformat=]
  202 |     sprintf(buff, "data: %d", header->dataChunkLength);
      |                          ~^   ~~~~~~~~~~~~~~~~~~~~~~~
      |                           |         |
      |                           int       uint32_t {aka long unsigned int}
      |                          %ld
../Core/Src/main.c:270:11: warning: unused variable 'sample_sum' [-Wunused-variable]
  270 |   int16_t sample_sum = 0;
      |           ^~~~~~~~~~
In file included from ../Core/Src/main.c:28:
../Core/Inc/fileBuff.h: In function 'readSample':
../Core/Inc/fileBuff.h:109:1: warning: control reaches end of non-void function [-Wreturn-type]
  109 | }
      | ^
arm-none-eabi-gcc -o "AUDIO.elf" @"objects.list"   -mcpu=cortex-m3 -T"C:\Users\pinkp\Documents\GitHub\ELEC3300-Project\AUDIO\STM32F103VETX_FLASH.ld" --specs=nosys.specs -Wl,-Map="AUDIO.map" -Wl,--gc-sections -static --specs=nano.specs -mfloat-abi=soft -mthumb -Wl,--start-group -lc -lm -Wl,--end-group
Finished building target: AUDIO.elf
 
arm-none-eabi-size   AUDIO.elf 
arm-none-eabi-objdump -h -S  AUDIO.elf  > "AUDIO.list"
   text	   data	    bss	    dec	    hex	filename
  41464	    120	   8336	  49920	   c300	AUDIO.elf
Finished building: default.size.stdout
 
Finished building: AUDIO.list
 
15:37:24 **** Incremental Build of configuration Debug for project AUDIO ****
make -j16 all 
arm-none-eabi-gcc "../Core/Src/main.c" -mcpu=cortex-m3 -std=gnu11 -g3 -DDEBUG -DUSE_HAL_DRIVER -DSTM32F103xE -c -I../Core/Inc -I../Drivers/STM32F1xx_HAL_Driver/Inc/Legacy -I../Drivers/STM32F1xx_HAL_Driver/Inc -I../Drivers/CMSIS/Device/ST/STM32F1xx/Include -I../Drivers/CMSIS/Include -I../FATFS/Target -I../FATFS/App -I../Middlewares/Third_Party/FatFs/src -I../Middlewares/Third_Party/FatFs/src/drivers -O0 -ffunction-sections -fdata-sections -Wall -fstack-usage -MMD -MP -MF"Core/Src/main.d" -MT"Core/Src/main.o" --specs=nano.specs -mfloat-abi=soft -mthumb -o "Core/Src/main.o"
In file included from ../Core/Src/main.c:28:
../Core/Inc/fileBuff.h: In function 'initFileHeader':
../Core/Inc/fileBuff.h:71:80: warning: pointer targets in passing argument 4 of 'f_read' differ in signedness [-Wpointer-sign]
   71 |  return f_read(&(fileStruct->file), &(fileStruct->header), sizeof(WAV_HEADER), &bytes_read);
      |                                                                                ^~~~~~~~~~~
      |                                                                                |
      |                                                                                int *
In file included from ../FATFS/App/fatfs.h:26,
                 from ../Core/Src/main.c:21:
../Middlewares/Third_Party/FatFs/src/ff.h:228:54: note: expected 'UINT *' {aka 'unsigned int *'} but argument is of type 'int *'
  228 | FRESULT f_read (FIL* fp, void* buff, UINT btr, UINT* br);   /* Read data from a file */
      |                                                ~~~~~~^~
In file included from ../Core/Src/main.c:28:
../Core/Inc/fileBuff.h: In function 'readFile':
../Core/Inc/fileBuff.h:79:84: warning: passing argument 4 of 'f_read' from incompatible pointer type [-Wincompatible-pointer-types]
   79 |   FRESULT res = f_read(&(f->file), f->structs[f->currWriting].data.raw, BUFF_SIZE, &(f->structs[f->currWriting].buffSize));
      |                                                                                    ^~~~~~~~~~~~~~~~~~~~~~~~~~~~~~~~~~~~~~
      |                                                                                    |
      |                                                                                    uint16_t * {aka short unsigned int *}
In file included from ../FATFS/App/fatfs.h:26,
                 from ../Core/Src/main.c:21:
../Middlewares/Third_Party/FatFs/src/ff.h:228:54: note: expected 'UINT *' {aka 'unsigned int *'} but argument is of type 'uint16_t *' {aka 'short unsigned int *'}
  228 | FRESULT f_read (FIL* fp, void* buff, UINT btr, UINT* br);   /* Read data from a file */
      |                                                ~~~~~~^~
In file included from ../Core/Src/main.c:28:
../Core/Inc/fileBuff.h:81:3: warning: implicit declaration of function 'sprintf' [-Wimplicit-function-declaration]
   81 |   sprintf(buff, "res: %2d, buff: %4d, %4d", res, f->structs[f->currWriting].buffSize, HAL_GetTick() % 1000);
      |   ^~~~~~~
../Core/Inc/fileBuff.h:81:3: warning: incompatible implicit declaration of built-in function 'sprintf'
../Core/Inc/fileBuff.h:3:1: note: include '<stdio.h>' or provide a declaration of 'sprintf'
    2 | #include "wav.h"
  +++ |+#include <stdio.h>
    3 | #define BUFF_SIZE (1000)
../Core/Inc/fileBuff.h:81:41: warning: format '%d' expects argument of type 'int', but argument 5 has type 'long unsigned int' [-Wformat=]
   81 |   sprintf(buff, "res: %2d, buff: %4d, %4d", res, f->structs[f->currWriting].buffSize, HAL_GetTick() % 1000);
      |                                       ~~^                                             ~~~~~~~~~~~~~~~~~~~~
      |                                         |                                                           |
      |                                         int                                                         long unsigned int
      |                                       %4ld
../Core/Src/main.c: In function 'error_handler':
../Core/Src/main.c:78:3: warning: incompatible implicit declaration of built-in function 'sprintf'
   78 |   sprintf(buff, "%d %s", res, msg);
      |   ^~~~~~~
../Core/Src/main.c:29:1: note: include '<stdio.h>' or provide a declaration of 'sprintf'
   28 | #include "fileBuff.h"
  +++ |+#include <stdio.h>
   29 | /* USER CODE END Includes */
../Core/Src/main.c: In function 'display_success':
../Core/Src/main.c:84:3: warning: incompatible implicit declaration of built-in function 'sprintf'
   84 |   sprintf(buff, "%d %s", num, msg);
      |   ^~~~~~~
../Core/Src/main.c:84:3: note: include '<stdio.h>' or provide a declaration of 'sprintf'
../Core/Src/main.c: In function 'main':
../Core/Src/main.c:172:5: warning: incompatible implicit declaration of built-in function 'sprintf'
  172 |     sprintf(buff, "%d no more :(", res);
      |     ^~~~~~~
../Core/Src/main.c:172:5: note: include '<stdio.h>' or provide a declaration of 'sprintf'
../Core/Src/main.c:196:5: warning: incompatible implicit declaration of built-in function 'sprintf'
  196 |     sprintf(buff, "hertz: %d", header->sampleFreq);
      |     ^~~~~~~
../Core/Src/main.c:196:5: note: include '<stdio.h>' or provide a declaration of 'sprintf'
../Core/Src/main.c:196:28: warning: format '%d' expects argument of type 'int', but argument 3 has type 'uint32_t' {aka 'long unsigned int'} [-Wformat=]
  196 |     sprintf(buff, "hertz: %d", header->sampleFreq);
      |                           ~^   ~~~~~~~~~~~~~~~~~~
      |                            |         |
      |                            int       uint32_t {aka long unsigned int}
      |                           %ld
../Core/Src/main.c:202:27: warning: format '%d' expects argument of type 'int', but argument 3 has type 'uint32_t' {aka 'long unsigned int'} [-Wformat=]
  202 |     sprintf(buff, "data: %d", header->dataChunkLength);
      |                          ~^   ~~~~~~~~~~~~~~~~~~~~~~~
      |                           |         |
      |                           int       uint32_t {aka long unsigned int}
      |                          %ld
../Core/Src/main.c:270:11: warning: unused variable 'sample_sum' [-Wunused-variable]
  270 |   int16_t sample_sum = 0;
      |           ^~~~~~~~~~
In file included from ../Core/Src/main.c:28:
../Core/Inc/fileBuff.h: In function 'readSample':
../Core/Inc/fileBuff.h:109:1: warning: control reaches end of non-void function [-Wreturn-type]
  109 | }
      | ^
arm-none-eabi-gcc -o "AUDIO.elf" @"objects.list"   -mcpu=cortex-m3 -T"C:\Users\pinkp\Documents\GitHub\ELEC3300-Project\AUDIO\STM32F103VETX_FLASH.ld" --specs=nosys.specs -Wl,-Map="AUDIO.map" -Wl,--gc-sections -static --specs=nano.specs -mfloat-abi=soft -mthumb -Wl,--start-group -lc -lm -Wl,--end-group
Finished building target: AUDIO.elf
 
arm-none-eabi-size   AUDIO.elf 
arm-none-eabi-objdump -h -S  AUDIO.elf  > "AUDIO.list"
   text	   data	    bss	    dec	    hex	filename
  41432	    120	   8336	  49888	   c2e0	AUDIO.elf
Finished building: default.size.stdout
 
Finished building: AUDIO.list
 
15:40:19 **** Incremental Build of configuration Debug for project AUDIO ****
make -j16 all 
arm-none-eabi-gcc "../Core/Src/main.c" -mcpu=cortex-m3 -std=gnu11 -g3 -DDEBUG -DUSE_HAL_DRIVER -DSTM32F103xE -c -I../Core/Inc -I../Drivers/STM32F1xx_HAL_Driver/Inc/Legacy -I../Drivers/STM32F1xx_HAL_Driver/Inc -I../Drivers/CMSIS/Device/ST/STM32F1xx/Include -I../Drivers/CMSIS/Include -I../FATFS/Target -I../FATFS/App -I../Middlewares/Third_Party/FatFs/src -I../Middlewares/Third_Party/FatFs/src/drivers -O0 -ffunction-sections -fdata-sections -Wall -fstack-usage -MMD -MP -MF"Core/Src/main.d" -MT"Core/Src/main.o" --specs=nano.specs -mfloat-abi=soft -mthumb -o "Core/Src/main.o"
In file included from ../Core/Src/main.c:28:
../Core/Inc/fileBuff.h: In function 'initFileHeader':
../Core/Inc/fileBuff.h:71:80: warning: pointer targets in passing argument 4 of 'f_read' differ in signedness [-Wpointer-sign]
   71 |  return f_read(&(fileStruct->file), &(fileStruct->header), sizeof(WAV_HEADER), &bytes_read);
      |                                                                                ^~~~~~~~~~~
      |                                                                                |
      |                                                                                int *
In file included from ../FATFS/App/fatfs.h:26,
                 from ../Core/Src/main.c:21:
../Middlewares/Third_Party/FatFs/src/ff.h:228:54: note: expected 'UINT *' {aka 'unsigned int *'} but argument is of type 'int *'
  228 | FRESULT f_read (FIL* fp, void* buff, UINT btr, UINT* br);   /* Read data from a file */
      |                                                ~~~~~~^~
In file included from ../Core/Src/main.c:28:
../Core/Inc/fileBuff.h: In function 'readFile':
../Core/Inc/fileBuff.h:79:84: warning: passing argument 4 of 'f_read' from incompatible pointer type [-Wincompatible-pointer-types]
   79 |   FRESULT res = f_read(&(f->file), f->structs[f->currWriting].data.raw, BUFF_SIZE, &(f->structs[f->currWriting].buffSize));
      |                                                                                    ^~~~~~~~~~~~~~~~~~~~~~~~~~~~~~~~~~~~~~
      |                                                                                    |
      |                                                                                    uint16_t * {aka short unsigned int *}
In file included from ../FATFS/App/fatfs.h:26,
                 from ../Core/Src/main.c:21:
../Middlewares/Third_Party/FatFs/src/ff.h:228:54: note: expected 'UINT *' {aka 'unsigned int *'} but argument is of type 'uint16_t *' {aka 'short unsigned int *'}
  228 | FRESULT f_read (FIL* fp, void* buff, UINT btr, UINT* br);   /* Read data from a file */
      |                                                ~~~~~~^~
In file included from ../Core/Src/main.c:28:
../Core/Inc/fileBuff.h:81:3: warning: implicit declaration of function 'sprintf' [-Wimplicit-function-declaration]
   81 |   sprintf(buff, "res: %2d, buff: %4d, %4d", res, f->structs[f->currWriting].buffSize, HAL_GetTick() % 1000);
      |   ^~~~~~~
../Core/Inc/fileBuff.h:81:3: warning: incompatible implicit declaration of built-in function 'sprintf'
../Core/Inc/fileBuff.h:3:1: note: include '<stdio.h>' or provide a declaration of 'sprintf'
    2 | #include "wav.h"
  +++ |+#include <stdio.h>
    3 | #define BUFF_SIZE (1000)
../Core/Inc/fileBuff.h:81:41: warning: format '%d' expects argument of type 'int', but argument 5 has type 'long unsigned int' [-Wformat=]
   81 |   sprintf(buff, "res: %2d, buff: %4d, %4d", res, f->structs[f->currWriting].buffSize, HAL_GetTick() % 1000);
      |                                       ~~^                                             ~~~~~~~~~~~~~~~~~~~~
      |                                         |                                                           |
      |                                         int                                                         long unsigned int
      |                                       %4ld
../Core/Src/main.c: In function 'error_handler':
../Core/Src/main.c:78:3: warning: incompatible implicit declaration of built-in function 'sprintf'
   78 |   sprintf(buff, "%d %s", res, msg);
      |   ^~~~~~~
../Core/Src/main.c:29:1: note: include '<stdio.h>' or provide a declaration of 'sprintf'
   28 | #include "fileBuff.h"
  +++ |+#include <stdio.h>
   29 | /* USER CODE END Includes */
../Core/Src/main.c: In function 'display_success':
../Core/Src/main.c:84:3: warning: incompatible implicit declaration of built-in function 'sprintf'
   84 |   sprintf(buff, "%d %s", num, msg);
      |   ^~~~~~~
../Core/Src/main.c:84:3: note: include '<stdio.h>' or provide a declaration of 'sprintf'
../Core/Src/main.c: In function 'main':
../Core/Src/main.c:172:5: warning: incompatible implicit declaration of built-in function 'sprintf'
  172 |     sprintf(buff, "%d no more :(", res);
      |     ^~~~~~~
../Core/Src/main.c:172:5: note: include '<stdio.h>' or provide a declaration of 'sprintf'
../Core/Src/main.c:196:5: warning: incompatible implicit declaration of built-in function 'sprintf'
  196 |     sprintf(buff, "hertz: %d", header->sampleFreq);
      |     ^~~~~~~
../Core/Src/main.c:196:5: note: include '<stdio.h>' or provide a declaration of 'sprintf'
../Core/Src/main.c:196:28: warning: format '%d' expects argument of type 'int', but argument 3 has type 'uint32_t' {aka 'long unsigned int'} [-Wformat=]
  196 |     sprintf(buff, "hertz: %d", header->sampleFreq);
      |                           ~^   ~~~~~~~~~~~~~~~~~~
      |                            |         |
      |                            int       uint32_t {aka long unsigned int}
      |                           %ld
../Core/Src/main.c:202:27: warning: format '%d' expects argument of type 'int', but argument 3 has type 'uint32_t' {aka 'long unsigned int'} [-Wformat=]
  202 |     sprintf(buff, "data: %d", header->dataChunkLength);
      |                          ~^   ~~~~~~~~~~~~~~~~~~~~~~~
      |                           |         |
      |                           int       uint32_t {aka long unsigned int}
      |                          %ld
../Core/Src/main.c:270:11: warning: unused variable 'sample_sum' [-Wunused-variable]
  270 |   int16_t sample_sum = 0;
      |           ^~~~~~~~~~
In file included from ../Core/Src/main.c:28:
../Core/Inc/fileBuff.h: In function 'readSample':
../Core/Inc/fileBuff.h:109:1: warning: control reaches end of non-void function [-Wreturn-type]
  109 | }
      | ^
arm-none-eabi-gcc -o "AUDIO.elf" @"objects.list"   -mcpu=cortex-m3 -T"C:\Users\pinkp\Documents\GitHub\ELEC3300-Project\AUDIO\STM32F103VETX_FLASH.ld" --specs=nosys.specs -Wl,-Map="AUDIO.map" -Wl,--gc-sections -static --specs=nano.specs -mfloat-abi=soft -mthumb -Wl,--start-group -lc -lm -Wl,--end-group
Finished building target: AUDIO.elf
 
arm-none-eabi-size   AUDIO.elf 
arm-none-eabi-objdump -h -S  AUDIO.elf  > "AUDIO.list"
   text	   data	    bss	    dec	    hex	filename
  41524	    120	   8336	  49980	   c33c	AUDIO.elf
Finished building: default.size.stdout
 
Finished building: AUDIO.list
 
15:42:30 **** Incremental Build of configuration Debug for project AUDIO ****
make -j16 all 
arm-none-eabi-gcc "../Core/Src/main.c" -mcpu=cortex-m3 -std=gnu11 -g3 -DDEBUG -DUSE_HAL_DRIVER -DSTM32F103xE -c -I../Core/Inc -I../Drivers/STM32F1xx_HAL_Driver/Inc/Legacy -I../Drivers/STM32F1xx_HAL_Driver/Inc -I../Drivers/CMSIS/Device/ST/STM32F1xx/Include -I../Drivers/CMSIS/Include -I../FATFS/Target -I../FATFS/App -I../Middlewares/Third_Party/FatFs/src -I../Middlewares/Third_Party/FatFs/src/drivers -O0 -ffunction-sections -fdata-sections -Wall -fstack-usage -MMD -MP -MF"Core/Src/main.d" -MT"Core/Src/main.o" --specs=nano.specs -mfloat-abi=soft -mthumb -o "Core/Src/main.o"
In file included from ../Core/Src/main.c:28:
../Core/Inc/fileBuff.h: In function 'initFileHeader':
../Core/Inc/fileBuff.h:71:80: warning: pointer targets in passing argument 4 of 'f_read' differ in signedness [-Wpointer-sign]
   71 |  return f_read(&(fileStruct->file), &(fileStruct->header), sizeof(WAV_HEADER), &bytes_read);
      |                                                                                ^~~~~~~~~~~
      |                                                                                |
      |                                                                                int *
In file included from ../FATFS/App/fatfs.h:26,
                 from ../Core/Src/main.c:21:
../Middlewares/Third_Party/FatFs/src/ff.h:228:54: note: expected 'UINT *' {aka 'unsigned int *'} but argument is of type 'int *'
  228 | FRESULT f_read (FIL* fp, void* buff, UINT btr, UINT* br);   /* Read data from a file */
      |                                                ~~~~~~^~
In file included from ../Core/Src/main.c:28:
../Core/Inc/fileBuff.h: In function 'readFile':
../Core/Inc/fileBuff.h:79:84: warning: passing argument 4 of 'f_read' from incompatible pointer type [-Wincompatible-pointer-types]
   79 |   FRESULT res = f_read(&(f->file), f->structs[f->currWriting].data.raw, BUFF_SIZE, &(f->structs[f->currWriting].buffSize));
      |                                                                                    ^~~~~~~~~~~~~~~~~~~~~~~~~~~~~~~~~~~~~~
      |                                                                                    |
      |                                                                                    uint16_t * {aka short unsigned int *}
In file included from ../FATFS/App/fatfs.h:26,
                 from ../Core/Src/main.c:21:
../Middlewares/Third_Party/FatFs/src/ff.h:228:54: note: expected 'UINT *' {aka 'unsigned int *'} but argument is of type 'uint16_t *' {aka 'short unsigned int *'}
  228 | FRESULT f_read (FIL* fp, void* buff, UINT btr, UINT* br);   /* Read data from a file */
      |                                                ~~~~~~^~
In file included from ../Core/Src/main.c:28:
../Core/Inc/fileBuff.h:81:3: warning: implicit declaration of function 'sprintf' [-Wimplicit-function-declaration]
   81 |   sprintf(buff, "res: %2d, buff: %4d, %4d", res, f->structs[f->currWriting].buffSize, HAL_GetTick() % 1000);
      |   ^~~~~~~
../Core/Inc/fileBuff.h:81:3: warning: incompatible implicit declaration of built-in function 'sprintf'
../Core/Inc/fileBuff.h:3:1: note: include '<stdio.h>' or provide a declaration of 'sprintf'
    2 | #include "wav.h"
  +++ |+#include <stdio.h>
    3 | #define BUFF_SIZE (1000)
../Core/Inc/fileBuff.h:81:41: warning: format '%d' expects argument of type 'int', but argument 5 has type 'long unsigned int' [-Wformat=]
   81 |   sprintf(buff, "res: %2d, buff: %4d, %4d", res, f->structs[f->currWriting].buffSize, HAL_GetTick() % 1000);
      |                                       ~~^                                             ~~~~~~~~~~~~~~~~~~~~
      |                                         |                                                           |
      |                                         int                                                         long unsigned int
      |                                       %4ld
../Core/Src/main.c: In function 'error_handler':
../Core/Src/main.c:78:3: warning: incompatible implicit declaration of built-in function 'sprintf'
   78 |   sprintf(buff, "%d %s", res, msg);
      |   ^~~~~~~
../Core/Src/main.c:29:1: note: include '<stdio.h>' or provide a declaration of 'sprintf'
   28 | #include "fileBuff.h"
  +++ |+#include <stdio.h>
   29 | /* USER CODE END Includes */
../Core/Src/main.c: In function 'display_success':
../Core/Src/main.c:84:3: warning: incompatible implicit declaration of built-in function 'sprintf'
   84 |   sprintf(buff, "%d %s", num, msg);
      |   ^~~~~~~
../Core/Src/main.c:84:3: note: include '<stdio.h>' or provide a declaration of 'sprintf'
../Core/Src/main.c: In function 'main':
../Core/Src/main.c:172:5: warning: incompatible implicit declaration of built-in function 'sprintf'
  172 |     sprintf(buff, "%d no more :(", res);
      |     ^~~~~~~
../Core/Src/main.c:172:5: note: include '<stdio.h>' or provide a declaration of 'sprintf'
../Core/Src/main.c:196:5: warning: incompatible implicit declaration of built-in function 'sprintf'
  196 |     sprintf(buff, "hertz: %d", header->sampleFreq);
      |     ^~~~~~~
../Core/Src/main.c:196:5: note: include '<stdio.h>' or provide a declaration of 'sprintf'
../Core/Src/main.c:196:28: warning: format '%d' expects argument of type 'int', but argument 3 has type 'uint32_t' {aka 'long unsigned int'} [-Wformat=]
  196 |     sprintf(buff, "hertz: %d", header->sampleFreq);
      |                           ~^   ~~~~~~~~~~~~~~~~~~
      |                            |         |
      |                            int       uint32_t {aka long unsigned int}
      |                           %ld
../Core/Src/main.c:202:27: warning: format '%d' expects argument of type 'int', but argument 3 has type 'uint32_t' {aka 'long unsigned int'} [-Wformat=]
  202 |     sprintf(buff, "data: %d", header->dataChunkLength);
      |                          ~^   ~~~~~~~~~~~~~~~~~~~~~~~
      |                           |         |
      |                           int       uint32_t {aka long unsigned int}
      |                          %ld
../Core/Src/main.c:270:11: warning: unused variable 'sample_sum' [-Wunused-variable]
  270 |   int16_t sample_sum = 0;
      |           ^~~~~~~~~~
In file included from ../Core/Src/main.c:28:
../Core/Inc/fileBuff.h: In function 'readSample':
../Core/Inc/fileBuff.h:109:1: warning: control reaches end of non-void function [-Wreturn-type]
  109 | }
      | ^
arm-none-eabi-gcc -o "AUDIO.elf" @"objects.list"   -mcpu=cortex-m3 -T"C:\Users\pinkp\Documents\GitHub\ELEC3300-Project\AUDIO\STM32F103VETX_FLASH.ld" --specs=nosys.specs -Wl,-Map="AUDIO.map" -Wl,--gc-sections -static --specs=nano.specs -mfloat-abi=soft -mthumb -Wl,--start-group -lc -lm -Wl,--end-group
Finished building target: AUDIO.elf
 
arm-none-eabi-size   AUDIO.elf 
arm-none-eabi-objdump -h -S  AUDIO.elf  > "AUDIO.list"
   text	   data	    bss	    dec	    hex	filename
  41500	    120	   8336	  49956	   c324	AUDIO.elf
Finished building: default.size.stdout
 
Finished building: AUDIO.list
 
15:43:30 **** Incremental Build of configuration Debug for project AUDIO ****
make -j16 all 
arm-none-eabi-gcc "../Core/Src/main.c" -mcpu=cortex-m3 -std=gnu11 -g3 -DDEBUG -DUSE_HAL_DRIVER -DSTM32F103xE -c -I../Core/Inc -I../Drivers/STM32F1xx_HAL_Driver/Inc/Legacy -I../Drivers/STM32F1xx_HAL_Driver/Inc -I../Drivers/CMSIS/Device/ST/STM32F1xx/Include -I../Drivers/CMSIS/Include -I../FATFS/Target -I../FATFS/App -I../Middlewares/Third_Party/FatFs/src -I../Middlewares/Third_Party/FatFs/src/drivers -O0 -ffunction-sections -fdata-sections -Wall -fstack-usage -MMD -MP -MF"Core/Src/main.d" -MT"Core/Src/main.o" --specs=nano.specs -mfloat-abi=soft -mthumb -o "Core/Src/main.o"
In file included from ../Core/Src/main.c:28:
../Core/Inc/fileBuff.h: In function 'initFileHeader':
../Core/Inc/fileBuff.h:71:80: warning: pointer targets in passing argument 4 of 'f_read' differ in signedness [-Wpointer-sign]
   71 |  return f_read(&(fileStruct->file), &(fileStruct->header), sizeof(WAV_HEADER), &bytes_read);
      |                                                                                ^~~~~~~~~~~
      |                                                                                |
      |                                                                                int *
In file included from ../FATFS/App/fatfs.h:26,
                 from ../Core/Src/main.c:21:
../Middlewares/Third_Party/FatFs/src/ff.h:228:54: note: expected 'UINT *' {aka 'unsigned int *'} but argument is of type 'int *'
  228 | FRESULT f_read (FIL* fp, void* buff, UINT btr, UINT* br);   /* Read data from a file */
      |                                                ~~~~~~^~
In file included from ../Core/Src/main.c:28:
../Core/Inc/fileBuff.h: In function 'readFile':
../Core/Inc/fileBuff.h:79:84: warning: passing argument 4 of 'f_read' from incompatible pointer type [-Wincompatible-pointer-types]
   79 |   FRESULT res = f_read(&(f->file), f->structs[f->currWriting].data.raw, BUFF_SIZE, &(f->structs[f->currWriting].buffSize));
      |                                                                                    ^~~~~~~~~~~~~~~~~~~~~~~~~~~~~~~~~~~~~~
      |                                                                                    |
      |                                                                                    uint16_t * {aka short unsigned int *}
In file included from ../FATFS/App/fatfs.h:26,
                 from ../Core/Src/main.c:21:
../Middlewares/Third_Party/FatFs/src/ff.h:228:54: note: expected 'UINT *' {aka 'unsigned int *'} but argument is of type 'uint16_t *' {aka 'short unsigned int *'}
  228 | FRESULT f_read (FIL* fp, void* buff, UINT btr, UINT* br);   /* Read data from a file */
      |                                                ~~~~~~^~
In file included from ../Core/Src/main.c:28:
../Core/Inc/fileBuff.h:81:3: warning: implicit declaration of function 'sprintf' [-Wimplicit-function-declaration]
   81 |   sprintf(buff, "res: %2d, buff: %4d, %4d", res, f->structs[f->currWriting].buffSize, HAL_GetTick() % 1000);
      |   ^~~~~~~
../Core/Inc/fileBuff.h:81:3: warning: incompatible implicit declaration of built-in function 'sprintf'
../Core/Inc/fileBuff.h:3:1: note: include '<stdio.h>' or provide a declaration of 'sprintf'
    2 | #include "wav.h"
  +++ |+#include <stdio.h>
    3 | #define BUFF_SIZE (1000)
../Core/Inc/fileBuff.h:81:41: warning: format '%d' expects argument of type 'int', but argument 5 has type 'long unsigned int' [-Wformat=]
   81 |   sprintf(buff, "res: %2d, buff: %4d, %4d", res, f->structs[f->currWriting].buffSize, HAL_GetTick() % 1000);
      |                                       ~~^                                             ~~~~~~~~~~~~~~~~~~~~
      |                                         |                                                           |
      |                                         int                                                         long unsigned int
      |                                       %4ld
../Core/Src/main.c: In function 'error_handler':
../Core/Src/main.c:78:3: warning: incompatible implicit declaration of built-in function 'sprintf'
   78 |   sprintf(buff, "%d %s", res, msg);
      |   ^~~~~~~
../Core/Src/main.c:29:1: note: include '<stdio.h>' or provide a declaration of 'sprintf'
   28 | #include "fileBuff.h"
  +++ |+#include <stdio.h>
   29 | /* USER CODE END Includes */
../Core/Src/main.c: In function 'display_success':
../Core/Src/main.c:84:3: warning: incompatible implicit declaration of built-in function 'sprintf'
   84 |   sprintf(buff, "%d %s", num, msg);
      |   ^~~~~~~
../Core/Src/main.c:84:3: note: include '<stdio.h>' or provide a declaration of 'sprintf'
../Core/Src/main.c: In function 'main':
../Core/Src/main.c:172:5: warning: incompatible implicit declaration of built-in function 'sprintf'
  172 |     sprintf(buff, "%d no more :(", res);
      |     ^~~~~~~
../Core/Src/main.c:172:5: note: include '<stdio.h>' or provide a declaration of 'sprintf'
../Core/Src/main.c:196:5: warning: incompatible implicit declaration of built-in function 'sprintf'
  196 |     sprintf(buff, "hertz: %d", header->sampleFreq);
      |     ^~~~~~~
../Core/Src/main.c:196:5: note: include '<stdio.h>' or provide a declaration of 'sprintf'
../Core/Src/main.c:196:28: warning: format '%d' expects argument of type 'int', but argument 3 has type 'uint32_t' {aka 'long unsigned int'} [-Wformat=]
  196 |     sprintf(buff, "hertz: %d", header->sampleFreq);
      |                           ~^   ~~~~~~~~~~~~~~~~~~
      |                            |         |
      |                            int       uint32_t {aka long unsigned int}
      |                           %ld
../Core/Src/main.c:202:27: warning: format '%d' expects argument of type 'int', but argument 3 has type 'uint32_t' {aka 'long unsigned int'} [-Wformat=]
  202 |     sprintf(buff, "data: %d", header->dataChunkLength);
      |                          ~^   ~~~~~~~~~~~~~~~~~~~~~~~
      |                           |         |
      |                           int       uint32_t {aka long unsigned int}
      |                          %ld
../Core/Src/main.c:270:11: warning: unused variable 'sample_sum' [-Wunused-variable]
  270 |   int16_t sample_sum = 0;
      |           ^~~~~~~~~~
In file included from ../Core/Src/main.c:28:
../Core/Inc/fileBuff.h: In function 'readSample':
../Core/Inc/fileBuff.h:109:1: warning: control reaches end of non-void function [-Wreturn-type]
  109 | }
      | ^
arm-none-eabi-gcc -o "AUDIO.elf" @"objects.list"   -mcpu=cortex-m3 -T"C:\Users\pinkp\Documents\GitHub\ELEC3300-Project\AUDIO\STM32F103VETX_FLASH.ld" --specs=nosys.specs -Wl,-Map="AUDIO.map" -Wl,--gc-sections -static --specs=nano.specs -mfloat-abi=soft -mthumb -Wl,--start-group -lc -lm -Wl,--end-group
Finished building target: AUDIO.elf
 
arm-none-eabi-size   AUDIO.elf 
arm-none-eabi-objdump -h -S  AUDIO.elf  > "AUDIO.list"
   text	   data	    bss	    dec	    hex	filename
  41500	    120	   8336	  49956	   c324	AUDIO.elf
Finished building: default.size.stdout
 
Finished building: AUDIO.list
 
15:45:58 **** Incremental Build of configuration Debug for project AUDIO ****
make -j16 all 
arm-none-eabi-gcc "../Core/Src/main.c" -mcpu=cortex-m3 -std=gnu11 -g3 -DDEBUG -DUSE_HAL_DRIVER -DSTM32F103xE -c -I../Core/Inc -I../Drivers/STM32F1xx_HAL_Driver/Inc/Legacy -I../Drivers/STM32F1xx_HAL_Driver/Inc -I../Drivers/CMSIS/Device/ST/STM32F1xx/Include -I../Drivers/CMSIS/Include -I../FATFS/Target -I../FATFS/App -I../Middlewares/Third_Party/FatFs/src -I../Middlewares/Third_Party/FatFs/src/drivers -O0 -ffunction-sections -fdata-sections -Wall -fstack-usage -MMD -MP -MF"Core/Src/main.d" -MT"Core/Src/main.o" --specs=nano.specs -mfloat-abi=soft -mthumb -o "Core/Src/main.o"
In file included from ../Core/Src/main.c:28:
../Core/Inc/fileBuff.h: In function 'initFileHeader':
../Core/Inc/fileBuff.h:68:80: warning: pointer targets in passing argument 4 of 'f_read' differ in signedness [-Wpointer-sign]
   68 |  return f_read(&(fileStruct->file), &(fileStruct->header), sizeof(WAV_HEADER), &bytes_read);
      |                                                                                ^~~~~~~~~~~
      |                                                                                |
      |                                                                                int *
In file included from ../FATFS/App/fatfs.h:26,
                 from ../Core/Src/main.c:21:
../Middlewares/Third_Party/FatFs/src/ff.h:228:54: note: expected 'UINT *' {aka 'unsigned int *'} but argument is of type 'int *'
  228 | FRESULT f_read (FIL* fp, void* buff, UINT btr, UINT* br);   /* Read data from a file */
      |                                                ~~~~~~^~
In file included from ../Core/Src/main.c:28:
../Core/Inc/fileBuff.h: In function 'readFile':
../Core/Inc/fileBuff.h:76:79: warning: passing argument 4 of 'f_read' from incompatible pointer type [-Wincompatible-pointer-types]
   76 |   FRESULT res = f_read(&(f->file), f->structs[f->currWriting].raw, BUFF_SIZE, &(f->structs[f->currWriting].buffSize));
      |                                                                               ^~~~~~~~~~~~~~~~~~~~~~~~~~~~~~~~~~~~~~
      |                                                                               |
      |                                                                               uint16_t * {aka short unsigned int *}
In file included from ../FATFS/App/fatfs.h:26,
                 from ../Core/Src/main.c:21:
../Middlewares/Third_Party/FatFs/src/ff.h:228:54: note: expected 'UINT *' {aka 'unsigned int *'} but argument is of type 'uint16_t *' {aka 'short unsigned int *'}
  228 | FRESULT f_read (FIL* fp, void* buff, UINT btr, UINT* br);   /* Read data from a file */
      |                                                ~~~~~~^~
In file included from ../Core/Src/main.c:28:
../Core/Inc/fileBuff.h:78:3: warning: implicit declaration of function 'sprintf' [-Wimplicit-function-declaration]
   78 |   sprintf(buff, "res: %2d, buff: %4d, %4d", res, f->structs[f->currWriting].buffSize, HAL_GetTick() % 1000);
      |   ^~~~~~~
../Core/Inc/fileBuff.h:78:3: warning: incompatible implicit declaration of built-in function 'sprintf'
../Core/Inc/fileBuff.h:3:1: note: include '<stdio.h>' or provide a declaration of 'sprintf'
    2 | #include "wav.h"
  +++ |+#include <stdio.h>
    3 | #define BUFF_SIZE (1000)
../Core/Inc/fileBuff.h:78:41: warning: format '%d' expects argument of type 'int', but argument 5 has type 'long unsigned int' [-Wformat=]
   78 |   sprintf(buff, "res: %2d, buff: %4d, %4d", res, f->structs[f->currWriting].buffSize, HAL_GetTick() % 1000);
      |                                       ~~^                                             ~~~~~~~~~~~~~~~~~~~~
      |                                         |                                                           |
      |                                         int                                                         long unsigned int
      |                                       %4ld
../Core/Src/main.c: In function 'error_handler':
../Core/Src/main.c:78:3: warning: incompatible implicit declaration of built-in function 'sprintf'
   78 |   sprintf(buff, "%d %s", res, msg);
      |   ^~~~~~~
../Core/Src/main.c:29:1: note: include '<stdio.h>' or provide a declaration of 'sprintf'
   28 | #include "fileBuff.h"
  +++ |+#include <stdio.h>
   29 | /* USER CODE END Includes */
../Core/Src/main.c: In function 'display_success':
../Core/Src/main.c:84:3: warning: incompatible implicit declaration of built-in function 'sprintf'
   84 |   sprintf(buff, "%d %s", num, msg);
      |   ^~~~~~~
../Core/Src/main.c:84:3: note: include '<stdio.h>' or provide a declaration of 'sprintf'
../Core/Src/main.c: In function 'main':
../Core/Src/main.c:172:5: warning: incompatible implicit declaration of built-in function 'sprintf'
  172 |     sprintf(buff, "%d no more :(", res);
      |     ^~~~~~~
../Core/Src/main.c:172:5: note: include '<stdio.h>' or provide a declaration of 'sprintf'
../Core/Src/main.c:196:5: warning: incompatible implicit declaration of built-in function 'sprintf'
  196 |     sprintf(buff, "hertz: %d", header->sampleFreq);
      |     ^~~~~~~
../Core/Src/main.c:196:5: note: include '<stdio.h>' or provide a declaration of 'sprintf'
../Core/Src/main.c:196:28: warning: format '%d' expects argument of type 'int', but argument 3 has type 'uint32_t' {aka 'long unsigned int'} [-Wformat=]
  196 |     sprintf(buff, "hertz: %d", header->sampleFreq);
      |                           ~^   ~~~~~~~~~~~~~~~~~~
      |                            |         |
      |                            int       uint32_t {aka long unsigned int}
      |                           %ld
../Core/Src/main.c:202:27: warning: format '%d' expects argument of type 'int', but argument 3 has type 'uint32_t' {aka 'long unsigned int'} [-Wformat=]
  202 |     sprintf(buff, "data: %d", header->dataChunkLength);
      |                          ~^   ~~~~~~~~~~~~~~~~~~~~~~~
      |                           |         |
      |                           int       uint32_t {aka long unsigned int}
      |                          %ld
../Core/Src/main.c:270:11: warning: unused variable 'sample_sum' [-Wunused-variable]
  270 |   int16_t sample_sum = 0;
      |           ^~~~~~~~~~
In file included from ../Core/Src/main.c:28:
../Core/Inc/fileBuff.h: In function 'readSample':
../Core/Inc/fileBuff.h:106:1: warning: control reaches end of non-void function [-Wreturn-type]
  106 | }
      | ^
arm-none-eabi-gcc -o "AUDIO.elf" @"objects.list"   -mcpu=cortex-m3 -T"C:\Users\pinkp\Documents\GitHub\ELEC3300-Project\AUDIO\STM32F103VETX_FLASH.ld" --specs=nosys.specs -Wl,-Map="AUDIO.map" -Wl,--gc-sections -static --specs=nano.specs -mfloat-abi=soft -mthumb -Wl,--start-group -lc -lm -Wl,--end-group
Finished building target: AUDIO.elf
 
arm-none-eabi-size   AUDIO.elf 
arm-none-eabi-objdump -h -S  AUDIO.elf  > "AUDIO.list"
   text	   data	    bss	    dec	    hex	filename
  41504	    120	   8336	  49960	   c328	AUDIO.elf
Finished building: default.size.stdout
 
Finished building: AUDIO.list
 
15:46:07 **** Incremental Build of configuration Debug for project AUDIO ****
make -j16 all 
arm-none-eabi-size   AUDIO.elf 
   text	   data	    bss	    dec	    hex	filename
  41504	    120	   8336	  49960	   c328	AUDIO.elf
Finished building: default.size.stdout
 
15:46:21 **** Incremental Build of configuration Debug for project AUDIO ****
make -j16 all 
arm-none-eabi-gcc "../Core/Src/main.c" -mcpu=cortex-m3 -std=gnu11 -g3 -DDEBUG -DUSE_HAL_DRIVER -DSTM32F103xE -c -I../Core/Inc -I../Drivers/STM32F1xx_HAL_Driver/Inc/Legacy -I../Drivers/STM32F1xx_HAL_Driver/Inc -I../Drivers/CMSIS/Device/ST/STM32F1xx/Include -I../Drivers/CMSIS/Include -I../FATFS/Target -I../FATFS/App -I../Middlewares/Third_Party/FatFs/src -I../Middlewares/Third_Party/FatFs/src/drivers -O0 -ffunction-sections -fdata-sections -Wall -fstack-usage -MMD -MP -MF"Core/Src/main.d" -MT"Core/Src/main.o" --specs=nano.specs -mfloat-abi=soft -mthumb -o "Core/Src/main.o"
In file included from ../Core/Src/main.c:28:
../Core/Inc/fileBuff.h: In function 'initFileHeader':
../Core/Inc/fileBuff.h:68:80: warning: pointer targets in passing argument 4 of 'f_read' differ in signedness [-Wpointer-sign]
   68 |  return f_read(&(fileStruct->file), &(fileStruct->header), sizeof(WAV_HEADER), &bytes_read);
      |                                                                                ^~~~~~~~~~~
      |                                                                                |
      |                                                                                int *
In file included from ../FATFS/App/fatfs.h:26,
                 from ../Core/Src/main.c:21:
../Middlewares/Third_Party/FatFs/src/ff.h:228:54: note: expected 'UINT *' {aka 'unsigned int *'} but argument is of type 'int *'
  228 | FRESULT f_read (FIL* fp, void* buff, UINT btr, UINT* br);   /* Read data from a file */
      |                                                ~~~~~~^~
In file included from ../Core/Src/main.c:28:
../Core/Inc/fileBuff.h: In function 'readFile':
../Core/Inc/fileBuff.h:76:79: warning: passing argument 4 of 'f_read' from incompatible pointer type [-Wincompatible-pointer-types]
   76 |   FRESULT res = f_read(&(f->file), f->structs[f->currWriting].raw, BUFF_SIZE, &(f->structs[f->currWriting].buffSize));
      |                                                                               ^~~~~~~~~~~~~~~~~~~~~~~~~~~~~~~~~~~~~~
      |                                                                               |
      |                                                                               uint16_t * {aka short unsigned int *}
In file included from ../FATFS/App/fatfs.h:26,
                 from ../Core/Src/main.c:21:
../Middlewares/Third_Party/FatFs/src/ff.h:228:54: note: expected 'UINT *' {aka 'unsigned int *'} but argument is of type 'uint16_t *' {aka 'short unsigned int *'}
  228 | FRESULT f_read (FIL* fp, void* buff, UINT btr, UINT* br);   /* Read data from a file */
      |                                                ~~~~~~^~
In file included from ../Core/Src/main.c:28:
../Core/Inc/fileBuff.h:78:3: warning: implicit declaration of function 'sprintf' [-Wimplicit-function-declaration]
   78 |   sprintf(buff, "res: %2d, buff: %4d, %4d", res, f->structs[f->currWriting].buffSize, HAL_GetTick() % 1000);
      |   ^~~~~~~
../Core/Inc/fileBuff.h:78:3: warning: incompatible implicit declaration of built-in function 'sprintf'
../Core/Inc/fileBuff.h:3:1: note: include '<stdio.h>' or provide a declaration of 'sprintf'
    2 | #include "wav.h"
  +++ |+#include <stdio.h>
    3 | #define BUFF_SIZE (1000)
../Core/Inc/fileBuff.h:78:41: warning: format '%d' expects argument of type 'int', but argument 5 has type 'long unsigned int' [-Wformat=]
   78 |   sprintf(buff, "res: %2d, buff: %4d, %4d", res, f->structs[f->currWriting].buffSize, HAL_GetTick() % 1000);
      |                                       ~~^                                             ~~~~~~~~~~~~~~~~~~~~
      |                                         |                                                           |
      |                                         int                                                         long unsigned int
      |                                       %4ld
../Core/Src/main.c: In function 'error_handler':
../Core/Src/main.c:78:3: warning: incompatible implicit declaration of built-in function 'sprintf'
   78 |   sprintf(buff, "%d %s", res, msg);
      |   ^~~~~~~
../Core/Src/main.c:29:1: note: include '<stdio.h>' or provide a declaration of 'sprintf'
   28 | #include "fileBuff.h"
  +++ |+#include <stdio.h>
   29 | /* USER CODE END Includes */
../Core/Src/main.c: In function 'display_success':
../Core/Src/main.c:84:3: warning: incompatible implicit declaration of built-in function 'sprintf'
   84 |   sprintf(buff, "%d %s", num, msg);
      |   ^~~~~~~
../Core/Src/main.c:84:3: note: include '<stdio.h>' or provide a declaration of 'sprintf'
../Core/Src/main.c: In function 'main':
../Core/Src/main.c:172:5: warning: incompatible implicit declaration of built-in function 'sprintf'
  172 |     sprintf(buff, "%d no more :(", res);
      |     ^~~~~~~
../Core/Src/main.c:172:5: note: include '<stdio.h>' or provide a declaration of 'sprintf'
../Core/Src/main.c:196:5: warning: incompatible implicit declaration of built-in function 'sprintf'
  196 |     sprintf(buff, "hertz: %d", header->sampleFreq);
      |     ^~~~~~~
../Core/Src/main.c:196:5: note: include '<stdio.h>' or provide a declaration of 'sprintf'
../Core/Src/main.c:196:28: warning: format '%d' expects argument of type 'int', but argument 3 has type 'uint32_t' {aka 'long unsigned int'} [-Wformat=]
  196 |     sprintf(buff, "hertz: %d", header->sampleFreq);
      |                           ~^   ~~~~~~~~~~~~~~~~~~
      |                            |         |
      |                            int       uint32_t {aka long unsigned int}
      |                           %ld
../Core/Src/main.c:202:27: warning: format '%d' expects argument of type 'int', but argument 3 has type 'uint32_t' {aka 'long unsigned int'} [-Wformat=]
  202 |     sprintf(buff, "data: %d", header->dataChunkLength);
      |                          ~^   ~~~~~~~~~~~~~~~~~~~~~~~
      |                           |         |
      |                           int       uint32_t {aka long unsigned int}
      |                          %ld
../Core/Src/main.c:270:11: warning: unused variable 'sample_sum' [-Wunused-variable]
  270 |   int16_t sample_sum = 0;
      |           ^~~~~~~~~~
In file included from ../Core/Src/main.c:28:
../Core/Inc/fileBuff.h: In function 'readSample':
../Core/Inc/fileBuff.h:106:1: warning: control reaches end of non-void function [-Wreturn-type]
  106 | }
      | ^
arm-none-eabi-gcc -o "AUDIO.elf" @"objects.list"   -mcpu=cortex-m3 -T"C:\Users\pinkp\Documents\GitHub\ELEC3300-Project\AUDIO\STM32F103VETX_FLASH.ld" --specs=nosys.specs -Wl,-Map="AUDIO.map" -Wl,--gc-sections -static --specs=nano.specs -mfloat-abi=soft -mthumb -Wl,--start-group -lc -lm -Wl,--end-group
Finished building target: AUDIO.elf
 
arm-none-eabi-size   AUDIO.elf 
arm-none-eabi-objdump -h -S  AUDIO.elf  > "AUDIO.list"
   text	   data	    bss	    dec	    hex	filename
  41500	    120	   8336	  49956	   c324	AUDIO.elf
Finished building: default.size.stdout
 
Finished building: AUDIO.list
 
15:55:41 **** Incremental Build of configuration Debug for project AUDIO ****
make -j16 all 
arm-none-eabi-gcc "../Core/Src/main.c" -mcpu=cortex-m3 -std=gnu11 -g3 -DDEBUG -DUSE_HAL_DRIVER -DSTM32F103xE -c -I../Core/Inc -I../Drivers/STM32F1xx_HAL_Driver/Inc/Legacy -I../Drivers/STM32F1xx_HAL_Driver/Inc -I../Drivers/CMSIS/Device/ST/STM32F1xx/Include -I../Drivers/CMSIS/Include -I../FATFS/Target -I../FATFS/App -I../Middlewares/Third_Party/FatFs/src -I../Middlewares/Third_Party/FatFs/src/drivers -O0 -ffunction-sections -fdata-sections -Wall -fstack-usage -MMD -MP -MF"Core/Src/main.d" -MT"Core/Src/main.o" --specs=nano.specs -mfloat-abi=soft -mthumb -o "Core/Src/main.o"
In file included from ../Core/Src/main.c:28:
../Core/Inc/fileBuff.h: In function 'initFileHeader':
../Core/Inc/fileBuff.h:68:80: warning: pointer targets in passing argument 4 of 'f_read' differ in signedness [-Wpointer-sign]
   68 |  return f_read(&(fileStruct->file), &(fileStruct->header), sizeof(WAV_HEADER), &bytes_read);
      |                                                                                ^~~~~~~~~~~
      |                                                                                |
      |                                                                                int *
In file included from ../FATFS/App/fatfs.h:26,
                 from ../Core/Src/main.c:21:
../Middlewares/Third_Party/FatFs/src/ff.h:228:54: note: expected 'UINT *' {aka 'unsigned int *'} but argument is of type 'int *'
  228 | FRESULT f_read (FIL* fp, void* buff, UINT btr, UINT* br);   /* Read data from a file */
      |                                                ~~~~~~^~
In file included from ../Core/Src/main.c:28:
../Core/Inc/fileBuff.h: In function 'readFile':
../Core/Inc/fileBuff.h:76:79: warning: passing argument 4 of 'f_read' from incompatible pointer type [-Wincompatible-pointer-types]
   76 |   FRESULT res = f_read(&(f->file), f->structs[f->currWriting].raw, BUFF_SIZE, &(f->structs[f->currWriting].buffSize));
      |                                                                               ^~~~~~~~~~~~~~~~~~~~~~~~~~~~~~~~~~~~~~
      |                                                                               |
      |                                                                               uint16_t * {aka short unsigned int *}
In file included from ../FATFS/App/fatfs.h:26,
                 from ../Core/Src/main.c:21:
../Middlewares/Third_Party/FatFs/src/ff.h:228:54: note: expected 'UINT *' {aka 'unsigned int *'} but argument is of type 'uint16_t *' {aka 'short unsigned int *'}
  228 | FRESULT f_read (FIL* fp, void* buff, UINT btr, UINT* br);   /* Read data from a file */
      |                                                ~~~~~~^~
../Core/Src/main.c: In function 'error_handler':
../Core/Src/main.c:78:3: warning: implicit declaration of function 'sprintf' [-Wimplicit-function-declaration]
   78 |   sprintf(buff, "%d %s", res, msg);
      |   ^~~~~~~
../Core/Src/main.c:78:3: warning: incompatible implicit declaration of built-in function 'sprintf'
../Core/Src/main.c:29:1: note: include '<stdio.h>' or provide a declaration of 'sprintf'
   28 | #include "fileBuff.h"
  +++ |+#include <stdio.h>
   29 | /* USER CODE END Includes */
../Core/Src/main.c: In function 'display_success':
../Core/Src/main.c:84:3: warning: incompatible implicit declaration of built-in function 'sprintf'
   84 |   sprintf(buff, "%d %s", num, msg);
      |   ^~~~~~~
../Core/Src/main.c:84:3: note: include '<stdio.h>' or provide a declaration of 'sprintf'
../Core/Src/main.c: In function 'main':
../Core/Src/main.c:172:5: warning: incompatible implicit declaration of built-in function 'sprintf'
  172 |     sprintf(buff, "%d no more :(", res);
      |     ^~~~~~~
../Core/Src/main.c:172:5: note: include '<stdio.h>' or provide a declaration of 'sprintf'
../Core/Src/main.c:196:5: warning: incompatible implicit declaration of built-in function 'sprintf'
  196 |     sprintf(buff, "hertz: %d", header->sampleFreq);
      |     ^~~~~~~
../Core/Src/main.c:196:5: note: include '<stdio.h>' or provide a declaration of 'sprintf'
../Core/Src/main.c:196:28: warning: format '%d' expects argument of type 'int', but argument 3 has type 'uint32_t' {aka 'long unsigned int'} [-Wformat=]
  196 |     sprintf(buff, "hertz: %d", header->sampleFreq);
      |                           ~^   ~~~~~~~~~~~~~~~~~~
      |                            |         |
      |                            int       uint32_t {aka long unsigned int}
      |                           %ld
../Core/Src/main.c:202:27: warning: format '%d' expects argument of type 'int', but argument 3 has type 'uint32_t' {aka 'long unsigned int'} [-Wformat=]
  202 |     sprintf(buff, "data: %d", header->dataChunkLength);
      |                          ~^   ~~~~~~~~~~~~~~~~~~~~~~~
      |                           |         |
      |                           int       uint32_t {aka long unsigned int}
      |                          %ld
../Core/Src/main.c:270:11: warning: unused variable 'sample_sum' [-Wunused-variable]
  270 |   int16_t sample_sum = 0;
      |           ^~~~~~~~~~
In file included from ../Core/Src/main.c:28:
../Core/Inc/fileBuff.h: In function 'readSample':
../Core/Inc/fileBuff.h:106:1: warning: control reaches end of non-void function [-Wreturn-type]
  106 | }
      | ^
arm-none-eabi-gcc -o "AUDIO.elf" @"objects.list"   -mcpu=cortex-m3 -T"C:\Users\pinkp\Documents\GitHub\ELEC3300-Project\AUDIO\STM32F103VETX_FLASH.ld" --specs=nosys.specs -Wl,-Map="AUDIO.map" -Wl,--gc-sections -static --specs=nano.specs -mfloat-abi=soft -mthumb -Wl,--start-group -lc -lm -Wl,--end-group
Finished building target: AUDIO.elf
 
arm-none-eabi-size   AUDIO.elf 
arm-none-eabi-objdump -h -S  AUDIO.elf  > "AUDIO.list"
   text	   data	    bss	    dec	    hex	filename
  41364	    120	   8336	  49820	   c29c	AUDIO.elf
Finished building: default.size.stdout
 
Finished building: AUDIO.list
 
15:56:13 **** Incremental Build of configuration Debug for project AUDIO ****
make -j16 all 
arm-none-eabi-gcc "../Core/Src/main.c" -mcpu=cortex-m3 -std=gnu11 -g3 -DDEBUG -DUSE_HAL_DRIVER -DSTM32F103xE -c -I../Core/Inc -I../Drivers/STM32F1xx_HAL_Driver/Inc/Legacy -I../Drivers/STM32F1xx_HAL_Driver/Inc -I../Drivers/CMSIS/Device/ST/STM32F1xx/Include -I../Drivers/CMSIS/Include -I../FATFS/Target -I../FATFS/App -I../Middlewares/Third_Party/FatFs/src -I../Middlewares/Third_Party/FatFs/src/drivers -O0 -ffunction-sections -fdata-sections -Wall -fstack-usage -MMD -MP -MF"Core/Src/main.d" -MT"Core/Src/main.o" --specs=nano.specs -mfloat-abi=soft -mthumb -o "Core/Src/main.o"
In file included from ../Core/Src/main.c:28:
../Core/Inc/fileBuff.h: In function 'initFileHeader':
../Core/Inc/fileBuff.h:68:80: warning: pointer targets in passing argument 4 of 'f_read' differ in signedness [-Wpointer-sign]
   68 |  return f_read(&(fileStruct->file), &(fileStruct->header), sizeof(WAV_HEADER), &bytes_read);
      |                                                                                ^~~~~~~~~~~
      |                                                                                |
      |                                                                                int *
In file included from ../FATFS/App/fatfs.h:26,
                 from ../Core/Src/main.c:21:
../Middlewares/Third_Party/FatFs/src/ff.h:228:54: note: expected 'UINT *' {aka 'unsigned int *'} but argument is of type 'int *'
  228 | FRESULT f_read (FIL* fp, void* buff, UINT btr, UINT* br);   /* Read data from a file */
      |                                                ~~~~~~^~
In file included from ../Core/Src/main.c:28:
../Core/Inc/fileBuff.h: In function 'readFile':
../Core/Inc/fileBuff.h:76:79: warning: passing argument 4 of 'f_read' from incompatible pointer type [-Wincompatible-pointer-types]
   76 |   FRESULT res = f_read(&(f->file), f->structs[f->currWriting].raw, BUFF_SIZE, &(f->structs[f->currWriting].buffSize));
      |                                                                               ^~~~~~~~~~~~~~~~~~~~~~~~~~~~~~~~~~~~~~
      |                                                                               |
      |                                                                               uint16_t * {aka short unsigned int *}
In file included from ../FATFS/App/fatfs.h:26,
                 from ../Core/Src/main.c:21:
../Middlewares/Third_Party/FatFs/src/ff.h:228:54: note: expected 'UINT *' {aka 'unsigned int *'} but argument is of type 'uint16_t *' {aka 'short unsigned int *'}
  228 | FRESULT f_read (FIL* fp, void* buff, UINT btr, UINT* br);   /* Read data from a file */
      |                                                ~~~~~~^~
../Core/Src/main.c: In function 'error_handler':
../Core/Src/main.c:78:3: warning: implicit declaration of function 'sprintf' [-Wimplicit-function-declaration]
   78 |   sprintf(buff, "%d %s", res, msg);
      |   ^~~~~~~
../Core/Src/main.c:78:3: warning: incompatible implicit declaration of built-in function 'sprintf'
../Core/Src/main.c:29:1: note: include '<stdio.h>' or provide a declaration of 'sprintf'
   28 | #include "fileBuff.h"
  +++ |+#include <stdio.h>
   29 | /* USER CODE END Includes */
../Core/Src/main.c: In function 'display_success':
../Core/Src/main.c:84:3: warning: incompatible implicit declaration of built-in function 'sprintf'
   84 |   sprintf(buff, "%d %s", num, msg);
      |   ^~~~~~~
../Core/Src/main.c:84:3: note: include '<stdio.h>' or provide a declaration of 'sprintf'
../Core/Src/main.c: In function 'main':
../Core/Src/main.c:172:5: warning: incompatible implicit declaration of built-in function 'sprintf'
  172 |     sprintf(buff, "%d no more :(", res);
      |     ^~~~~~~
../Core/Src/main.c:172:5: note: include '<stdio.h>' or provide a declaration of 'sprintf'
../Core/Src/main.c:196:5: warning: incompatible implicit declaration of built-in function 'sprintf'
  196 |     sprintf(buff, "hertz: %d", header->sampleFreq);
      |     ^~~~~~~
../Core/Src/main.c:196:5: note: include '<stdio.h>' or provide a declaration of 'sprintf'
../Core/Src/main.c:196:28: warning: format '%d' expects argument of type 'int', but argument 3 has type 'uint32_t' {aka 'long unsigned int'} [-Wformat=]
  196 |     sprintf(buff, "hertz: %d", header->sampleFreq);
      |                           ~^   ~~~~~~~~~~~~~~~~~~
      |                            |         |
      |                            int       uint32_t {aka long unsigned int}
      |                           %ld
../Core/Src/main.c:202:27: warning: format '%d' expects argument of type 'int', but argument 3 has type 'uint32_t' {aka 'long unsigned int'} [-Wformat=]
  202 |     sprintf(buff, "data: %d", header->dataChunkLength);
      |                          ~^   ~~~~~~~~~~~~~~~~~~~~~~~
      |                           |         |
      |                           int       uint32_t {aka long unsigned int}
      |                          %ld
../Core/Src/main.c:270:11: warning: unused variable 'sample_sum' [-Wunused-variable]
  270 |   int16_t sample_sum = 0;
      |           ^~~~~~~~~~
In file included from ../Core/Src/main.c:28:
../Core/Inc/fileBuff.h: In function 'readSample':
../Core/Inc/fileBuff.h:106:1: warning: control reaches end of non-void function [-Wreturn-type]
  106 | }
      | ^
arm-none-eabi-gcc -o "AUDIO.elf" @"objects.list"   -mcpu=cortex-m3 -T"C:\Users\pinkp\Documents\GitHub\ELEC3300-Project\AUDIO\STM32F103VETX_FLASH.ld" --specs=nosys.specs -Wl,-Map="AUDIO.map" -Wl,--gc-sections -static --specs=nano.specs -mfloat-abi=soft -mthumb -Wl,--start-group -lc -lm -Wl,--end-group
Finished building target: AUDIO.elf
 
arm-none-eabi-size   AUDIO.elf 
arm-none-eabi-objdump -h -S  AUDIO.elf  > "AUDIO.list"
   text	   data	    bss	    dec	    hex	filename
  41364	    120	   8336	  49820	   c29c	AUDIO.elf
Finished building: default.size.stdout
 
Finished building: AUDIO.list
 
16:01:10 **** Incremental Build of configuration Debug for project AUDIO ****
make -j16 all 
arm-none-eabi-gcc "../Core/Src/main.c" -mcpu=cortex-m3 -std=gnu11 -g3 -DDEBUG -DUSE_HAL_DRIVER -DSTM32F103xE -c -I../Core/Inc -I../Drivers/STM32F1xx_HAL_Driver/Inc/Legacy -I../Drivers/STM32F1xx_HAL_Driver/Inc -I../Drivers/CMSIS/Device/ST/STM32F1xx/Include -I../Drivers/CMSIS/Include -I../FATFS/Target -I../FATFS/App -I../Middlewares/Third_Party/FatFs/src -I../Middlewares/Third_Party/FatFs/src/drivers -O0 -ffunction-sections -fdata-sections -Wall -fstack-usage -MMD -MP -MF"Core/Src/main.d" -MT"Core/Src/main.o" --specs=nano.specs -mfloat-abi=soft -mthumb -o "Core/Src/main.o"
In file included from ../Core/Src/main.c:28:
../Core/Inc/fileBuff.h: In function 'initFileHeader':
../Core/Inc/fileBuff.h:68:80: warning: pointer targets in passing argument 4 of 'f_read' differ in signedness [-Wpointer-sign]
   68 |  return f_read(&(fileStruct->file), &(fileStruct->header), sizeof(WAV_HEADER), &bytes_read);
      |                                                                                ^~~~~~~~~~~
      |                                                                                |
      |                                                                                int *
In file included from ../FATFS/App/fatfs.h:26,
                 from ../Core/Src/main.c:21:
../Middlewares/Third_Party/FatFs/src/ff.h:228:54: note: expected 'UINT *' {aka 'unsigned int *'} but argument is of type 'int *'
  228 | FRESULT f_read (FIL* fp, void* buff, UINT btr, UINT* br);   /* Read data from a file */
      |                                                ~~~~~~^~
In file included from ../Core/Src/main.c:28:
../Core/Inc/fileBuff.h: In function 'readFile':
../Core/Inc/fileBuff.h:76:79: warning: passing argument 4 of 'f_read' from incompatible pointer type [-Wincompatible-pointer-types]
   76 |   FRESULT res = f_read(&(f->file), f->structs[f->currWriting].raw, BUFF_SIZE, &(f->structs[f->currWriting].buffSize));
      |                                                                               ^~~~~~~~~~~~~~~~~~~~~~~~~~~~~~~~~~~~~~
      |                                                                               |
      |                                                                               uint16_t * {aka short unsigned int *}
In file included from ../FATFS/App/fatfs.h:26,
                 from ../Core/Src/main.c:21:
../Middlewares/Third_Party/FatFs/src/ff.h:228:54: note: expected 'UINT *' {aka 'unsigned int *'} but argument is of type 'uint16_t *' {aka 'short unsigned int *'}
  228 | FRESULT f_read (FIL* fp, void* buff, UINT btr, UINT* br);   /* Read data from a file */
      |                                                ~~~~~~^~
../Core/Src/main.c: In function 'error_handler':
../Core/Src/main.c:78:3: warning: implicit declaration of function 'sprintf' [-Wimplicit-function-declaration]
   78 |   sprintf(buff, "%d %s", res, msg);
      |   ^~~~~~~
../Core/Src/main.c:78:3: warning: incompatible implicit declaration of built-in function 'sprintf'
../Core/Src/main.c:29:1: note: include '<stdio.h>' or provide a declaration of 'sprintf'
   28 | #include "fileBuff.h"
  +++ |+#include <stdio.h>
   29 | /* USER CODE END Includes */
../Core/Src/main.c: In function 'display_success':
../Core/Src/main.c:84:3: warning: incompatible implicit declaration of built-in function 'sprintf'
   84 |   sprintf(buff, "%d %s", num, msg);
      |   ^~~~~~~
../Core/Src/main.c:84:3: note: include '<stdio.h>' or provide a declaration of 'sprintf'
../Core/Src/main.c: In function 'main':
../Core/Src/main.c:172:5: warning: incompatible implicit declaration of built-in function 'sprintf'
  172 |     sprintf(buff, "%d no more :(", res);
      |     ^~~~~~~
../Core/Src/main.c:172:5: note: include '<stdio.h>' or provide a declaration of 'sprintf'
../Core/Src/main.c:196:5: warning: incompatible implicit declaration of built-in function 'sprintf'
  196 |     sprintf(buff, "hertz: %d", header->sampleFreq);
      |     ^~~~~~~
../Core/Src/main.c:196:5: note: include '<stdio.h>' or provide a declaration of 'sprintf'
../Core/Src/main.c:196:28: warning: format '%d' expects argument of type 'int', but argument 3 has type 'uint32_t' {aka 'long unsigned int'} [-Wformat=]
  196 |     sprintf(buff, "hertz: %d", header->sampleFreq);
      |                           ~^   ~~~~~~~~~~~~~~~~~~
      |                            |         |
      |                            int       uint32_t {aka long unsigned int}
      |                           %ld
../Core/Src/main.c:202:27: warning: format '%d' expects argument of type 'int', but argument 3 has type 'uint32_t' {aka 'long unsigned int'} [-Wformat=]
  202 |     sprintf(buff, "data: %d", header->dataChunkLength);
      |                          ~^   ~~~~~~~~~~~~~~~~~~~~~~~
      |                           |         |
      |                           int       uint32_t {aka long unsigned int}
      |                          %ld
../Core/Src/main.c:270:11: warning: unused variable 'sample_sum' [-Wunused-variable]
  270 |   int16_t sample_sum = 0;
      |           ^~~~~~~~~~
In file included from ../Core/Src/main.c:28:
../Core/Inc/fileBuff.h: In function 'readSample':
../Core/Inc/fileBuff.h:106:1: warning: control reaches end of non-void function [-Wreturn-type]
  106 | }
      | ^
arm-none-eabi-gcc -o "AUDIO.elf" @"objects.list"   -mcpu=cortex-m3 -T"C:\Users\pinkp\Documents\GitHub\ELEC3300-Project\AUDIO\STM32F103VETX_FLASH.ld" --specs=nosys.specs -Wl,-Map="AUDIO.map" -Wl,--gc-sections -static --specs=nano.specs -mfloat-abi=soft -mthumb -Wl,--start-group -lc -lm -Wl,--end-group
Finished building target: AUDIO.elf
 
arm-none-eabi-size   AUDIO.elf 
arm-none-eabi-objdump -h -S  AUDIO.elf  > "AUDIO.list"
   text	   data	    bss	    dec	    hex	filename
  41364	    120	   8336	  49820	   c29c	AUDIO.elf
Finished building: default.size.stdout
 
Finished building: AUDIO.list
 
16:12:48 **** Incremental Build of configuration Debug for project AUDIO ****
make -j16 all 
arm-none-eabi-size   AUDIO.elf 
   text	   data	    bss	    dec	    hex	filename
  41364	    120	   8336	  49820	   c29c	AUDIO.elf
Finished building: default.size.stdout
 
16:13:04 **** Incremental Build of configuration Debug for project AUDIO ****
make -j16 all 
arm-none-eabi-size   AUDIO.elf 
   text	   data	    bss	    dec	    hex	filename
  41364	    120	   8336	  49820	   c29c	AUDIO.elf
Finished building: default.size.stdout
 
